- Generating browser application bundles (phase: setup)...
âœ” Browser application bundle generation complete.
[32m11 01 2026 18:28:10.711:INFO [karma-server]: [39mKarma v6.4.4 server started at http://localhost:9877/
[32m11 01 2026 18:28:10.717:INFO [launcher]: [39mLaunching browsers ChromeHeadless with concurrency unlimited
[32m11 01 2026 18:28:10.725:INFO [launcher]: [39mStarting browser ChromeHeadless
[32m11 01 2026 18:28:11.320:INFO [Chrome Headless 143.0.0.0 (Linux 0.0.0)]: [39mConnected on socket yifS6rBHKwyz07ItAAAB with id 4905496
Chrome Headless 143.0.0.0 (Linux 0.0.0): Executed 0 of 131[32m SUCCESS[39m (0 secs / 0 secs)
[1A[2KChrome Headless 143.0.0.0 (Linux 0.0.0): Executed 1 of 131[32m SUCCESS[39m (0 secs / 0.075 secs)
[1A[2KChrome Headless 143.0.0.0 (Linux 0.0.0): Executed 2 of 131[32m SUCCESS[39m (0 secs / 0.138 secs)
[1A[2KLOG: [36m'selectedClasses', [][39m
Chrome Headless 143.0.0.0 (Linux 0.0.0): Executed 2 of 131[32m SUCCESS[39m (0 secs / 0.138 secs)
LOG: 'selectedClasses', []
[1A[2KChrome Headless 143.0.0.0 (Linux 0.0.0): Executed 3 of 131[32m SUCCESS[39m (0 secs / 0.207 secs)
[1A[2KChrome Headless 143.0.0.0 (Linux 0.0.0): Executed 4 of 131[32m SUCCESS[39m (0 secs / 0.225 secs)
[1A[2KChrome Headless 143.0.0.0 (Linux 0.0.0): Executed 5 of 131[32m SUCCESS[39m (0 secs / 0.232 secs)
[1A[2KChrome Headless 143.0.0.0 (Linux 0.0.0): Executed 6 of 131[32m SUCCESS[39m (0 secs / 0.235 secs)
[1A[2KChrome Headless 143.0.0.0 (Linux 0.0.0): Executed 7 of 131[32m SUCCESS[39m (0 secs / 0.244 secs)
[1A[2KChrome Headless 143.0.0.0 (Linux 0.0.0): Executed 8 of 131[32m SUCCESS[39m (0 secs / 0.306 secs)
[1A[2KChrome Headless 143.0.0.0 (Linux 0.0.0): Executed 9 of 131[32m SUCCESS[39m (0 secs / 0.351 secs)
[1A[2KLOG: [36m' subscribed indicatorslist', [][39m
Chrome Headless 143.0.0.0 (Linux 0.0.0): Executed 9 of 131[32m SUCCESS[39m (0 secs / 0.351 secs)
LOG: ' subscribed indicatorslist', []
[1A[2KLOG: [36m'e', TypeError: Failed to construct 'URL': Invalid base URL
TypeError: Failed to construct 'URL': Invalid base URL
    at getAssetPath (http://localhost:9877/_karma_webpack_/webpack:/node_modules/@stencil/core/internal/client/index.js:345:20)
    at getNamedUrl (http://localhost:9877/_karma_webpack_/webpack:/node_modules/@ionic/core/components/icon.js:47:28)
    at getUrl (http://localhost:9877/_karma_webpack_/webpack:/node_modules/@ionic/core/components/icon.js:27:16)
    at Icon.loadIcon (http://localhost:9877/_karma_webpack_/webpack:/node_modules/@ionic/core/components/icon.js:365:25)
    at cb (http://localhost:9877/_karma_webpack_/webpack:/node_modules/@ionic/core/components/icon.js:303:18)
    at Icon.waitUntilVisible (http://localhost:9877/_karma_webpack_/webpack:/node_modules/@ionic/core/components/icon.js:348:20)
    at Icon.call (http://localhost:9877/_karma_webpack_/webpack:/node_modules/@ionic/core/components/icon.js:301:14)
    at Icon.appendChild [as connectedCallback] (http://localhost:9877/_karma_webpack_/webpack:/node_modules/@stencil/core/internal/client/index.js:3987:35)
    at NoneEncapsulationDomRenderer.appendChild (http://localhost:9877/_karma_webpack_/webpack:/node_modules/@angular/platform-browser/fesm2022/dom_renderer.mjs:559:22)
    at nativeAppendChild (http://localhost:9877/_karma_webpack_/webpack:/node_modules/@angular/core/fesm2022/debug_node.mjs:6796:14)[39m
Chrome Headless 143.0.0.0 (Linux 0.0.0): Executed 9 of 131[32m SUCCESS[39m (0 secs / 0.351 secs)
LOG: 'e', TypeError: Failed to construct 'URL': Invalid base URL
TypeError: Failed to construct 'URL': Invalid base URL
    at getAssetPath (http://localhost:9877/_karma_webpack_/webpack:/node_modules/@stencil/core/internal/client/index.js:345:20)
    at getNamedUrl (http://localhost:9877/_karma_webpack_/webpack:/node_modules/@ionic/core/components/icon.js:47:28)
    at getUrl (http://localhost:9877/_karma_webpack_/webpack:/node_modules/@ionic/core/components/icon.js:27:16)
    at Icon.loadIcon (http://localhost:9877/_karma_webpack_/webpack:/node_modules/@ionic/core/components/icon.js:365:25)
    at cb (http://localhost:9877/_karma_webpack_/webpack:/node_modules/@ionic/core/components/icon.js:303:18)
    at Icon.waitUntilVisible (http://localhost:9877/_karma_webpack_/webpack:/node_modules/@ionic/core/components/icon.js:348:20)
    at Icon.call (http://localhost:9877/_karma_webpack_/webpack:/node_modules/@ionic/core/components/icon.js:301:14)
    at Icon.appendChild [as connectedCallback] (http://localhost:9877/_karma_webpack_/webpack:/node_modules/@stencil/core/internal/client/index.js:3987:35)
    at NoneEncapsulationDomRenderer.appendChild (http://localhost:9877/_karma_webpack_/webpack:/node_modules/@angular/platform-browser/fesm2022/dom_renderer.mjs:559:22)
    at nativeAppendChild (http://localhost:9877/_karma_webpack_/webpack:/node_modules/@angular/core/fesm2022/debug_node.mjs:6796:14)
[1A[2KWARN: [36m'[Ionicons Warning]: Could not load icon with name "push". Ensure that the icon is registered using addIcons or that the icon SVG data is passed directly to the icon component.', <ion-icon _ngcontent-a-c2537734019="" name="push"></ion-icon>[39m
Chrome Headless 143.0.0.0 (Linux 0.0.0): Executed 9 of 131[32m SUCCESS[39m (0 secs / 0.351 secs)
WARN: '[Ionicons Warning]: Could not load icon with name "push". Ensure that the icon is registered using addIcons or that the icon SVG data is passed directly to the icon component.', <ion-icon _ngcontent-a-c2537734019="" name="push"></ion-icon>
[1A[2KLOG: [36m' subscribed indicatorslist', [][39m
Chrome Headless 143.0.0.0 (Linux 0.0.0): Executed 9 of 131[32m SUCCESS[39m (0 secs / 0.351 secs)
LOG: ' subscribed indicatorslist', []
[1A[2KLOG: [36m'indicatorsList', [][39m
Chrome Headless 143.0.0.0 (Linux 0.0.0): Executed 9 of 131[32m SUCCESS[39m (0 secs / 0.351 secs)
LOG: 'indicatorsList', []
[1A[2KLOG: [36m'indicatorslist ths is the effect', [][39m
Chrome Headless 143.0.0.0 (Linux 0.0.0): Executed 9 of 131[32m SUCCESS[39m (0 secs / 0.351 secs)
LOG: 'indicatorslist ths is the effect', []
[1A[2KLOG: [36m'indicatorsDialog ngOnInit', Indicatore{criteri: [], voto: 0, valore: '', descrizione: ''}[39m
Chrome Headless 143.0.0.0 (Linux 0.0.0): Executed 9 of 131[32m SUCCESS[39m (0 secs / 0.351 secs)
LOG: 'indicatorsDialog ngOnInit', Indicatore{criteri: [], voto: 0, valore: '', descrizione: ''}
[1A[2KLOG: [36m'e', TypeError: Failed to construct 'URL': Invalid base URL
TypeError: Failed to construct 'URL': Invalid base URL
    at getAssetPath (http://localhost:9877/_karma_webpack_/webpack:/node_modules/@stencil/core/internal/client/index.js:345:20)
    at getNamedUrl (http://localhost:9877/_karma_webpack_/webpack:/node_modules/@ionic/core/components/icon.js:47:28)
    at getUrl (http://localhost:9877/_karma_webpack_/webpack:/node_modules/@ionic/core/components/icon.js:27:16)
    at Icon.loadIcon (http://localhost:9877/_karma_webpack_/webpack:/node_modules/@ionic/core/components/icon.js:365:25)
    at cb (http://localhost:9877/_karma_webpack_/webpack:/node_modules/@ionic/core/components/icon.js:303:18)
    at Icon.waitUntilVisible (http://localhost:9877/_karma_webpack_/webpack:/node_modules/@ionic/core/components/icon.js:348:20)
    at Icon.call (http://localhost:9877/_karma_webpack_/webpack:/node_modules/@ionic/core/components/icon.js:301:14)
    at Icon.insertBefore [as connectedCallback] (http://localhost:9877/_karma_webpack_/webpack:/node_modules/@stencil/core/internal/client/index.js:3987:35)
    at EmulatedEncapsulationDomRenderer2.insertBefore (http://localhost:9877/_karma_webpack_/webpack:/node_modules/@angular/platform-browser/fesm2022/dom_renderer.mjs:564:26)
    at nativeInsertBefore (http://localhost:9877/_karma_webpack_/webpack:/node_modules/@angular/core/fesm2022/debug_node.mjs:6792:14)[39m
Chrome Headless 143.0.0.0 (Linux 0.0.0): Executed 9 of 131[32m SUCCESS[39m (0 secs / 0.351 secs)
LOG: 'e', TypeError: Failed to construct 'URL': Invalid base URL
TypeError: Failed to construct 'URL': Invalid base URL
    at getAssetPath (http://localhost:9877/_karma_webpack_/webpack:/node_modules/@stencil/core/internal/client/index.js:345:20)
    at getNamedUrl (http://localhost:9877/_karma_webpack_/webpack:/node_modules/@ionic/core/components/icon.js:47:28)
    at getUrl (http://localhost:9877/_karma_webpack_/webpack:/node_modules/@ionic/core/components/icon.js:27:16)
    at Icon.loadIcon (http://localhost:9877/_karma_webpack_/webpack:/node_modules/@ionic/core/components/icon.js:365:25)
    at cb (http://localhost:9877/_karma_webpack_/webpack:/node_modules/@ionic/core/components/icon.js:303:18)
    at Icon.waitUntilVisible (http://localhost:9877/_karma_webpack_/webpack:/node_modules/@ionic/core/components/icon.js:348:20)
    at Icon.call (http://localhost:9877/_karma_webpack_/webpack:/node_modules/@ionic/core/components/icon.js:301:14)
    at Icon.insertBefore [as connectedCallback] (http://localhost:9877/_karma_webpack_/webpack:/node_modules/@stencil/core/internal/client/index.js:3987:35)
    at EmulatedEncapsulationDomRenderer2.insertBefore (http://localhost:9877/_karma_webpack_/webpack:/node_modules/@angular/platform-browser/fesm2022/dom_renderer.mjs:564:26)
    at nativeInsertBefore (http://localhost:9877/_karma_webpack_/webpack:/node_modules/@angular/core/fesm2022/debug_node.mjs:6792:14)
[1A[2KWARN: [36m'[Ionicons Warning]: Could not load icon with name "add". Ensure that the icon is registered using addIcons or that the icon SVG data is passed directly to the icon component.', <ion-icon _ngcontent-a-c2537734019="" name="add"></ion-icon>[39m
Chrome Headless 143.0.0.0 (Linux 0.0.0): Executed 9 of 131[32m SUCCESS[39m (0 secs / 0.351 secs)
WARN: '[Ionicons Warning]: Could not load icon with name "add". Ensure that the icon is registered using addIcons or that the icon SVG data is passed directly to the icon component.', <ion-icon _ngcontent-a-c2537734019="" name="add"></ion-icon>
[1A[2KLOG: [36m'e', TypeError: Failed to construct 'URL': Invalid base URL
TypeError: Failed to construct 'URL': Invalid base URL
    at getAssetPath (http://localhost:9877/_karma_webpack_/webpack:/node_modules/@stencil/core/internal/client/index.js:345:20)
    at getNamedUrl (http://localhost:9877/_karma_webpack_/webpack:/node_modules/@ionic/core/components/icon.js:47:28)
    at getUrl (http://localhost:9877/_karma_webpack_/webpack:/node_modules/@ionic/core/components/icon.js:27:16)
    at Icon.loadIcon (http://localhost:9877/_karma_webpack_/webpack:/node_modules/@ionic/core/components/icon.js:365:25)
    at Icon.componentDidLoad (http://localhost:9877/_karma_webpack_/webpack:/node_modules/@ionic/core/components/icon.js:317:18)
    at safeCall (http://localhost:9877/_karma_webpack_/webpack:/node_modules/@stencil/core/internal/client/index.js:3362:30)
    at postUpdateComponent (http://localhost:9877/_karma_webpack_/webpack:/node_modules/@stencil/core/internal/client/index.js:3295:5)
    at postUpdate (http://localhost:9877/_karma_webpack_/webpack:/node_modules/@stencil/core/internal/client/index.js:3223:30)
    at http://localhost:9877/_karma_webpack_/webpack:/node_modules/@stencil/core/internal/client/index.js:3225:7
    at Generator.next (<anonymous>)[39m
Chrome Headless 143.0.0.0 (Linux 0.0.0): Executed 9 of 131[32m SUCCESS[39m (0 secs / 0.351 secs)
LOG: 'e', TypeError: Failed to construct 'URL': Invalid base URL
TypeError: Failed to construct 'URL': Invalid base URL
    at getAssetPath (http://localhost:9877/_karma_webpack_/webpack:/node_modules/@stencil/core/internal/client/index.js:345:20)
    at getNamedUrl (http://localhost:9877/_karma_webpack_/webpack:/node_modules/@ionic/core/components/icon.js:47:28)
    at getUrl (http://localhost:9877/_karma_webpack_/webpack:/node_modules/@ionic/core/components/icon.js:27:16)
    at Icon.loadIcon (http://localhost:9877/_karma_webpack_/webpack:/node_modules/@ionic/core/components/icon.js:365:25)
    at Icon.componentDidLoad (http://localhost:9877/_karma_webpack_/webpack:/node_modules/@ionic/core/components/icon.js:317:18)
    at safeCall (http://localhost:9877/_karma_webpack_/webpack:/node_modules/@stencil/core/internal/client/index.js:3362:30)
    at postUpdateComponent (http://localhost:9877/_karma_webpack_/webpack:/node_modules/@stencil/core/internal/client/index.js:3295:5)
    at postUpdate (http://localhost:9877/_karma_webpack_/webpack:/node_modules/@stencil/core/internal/client/index.js:3223:30)
    at http://localhost:9877/_karma_webpack_/webpack:/node_modules/@stencil/core/internal/client/index.js:3225:7
    at Generator.next (<anonymous>)
[1A[2KWARN: [36m'[Ionicons Warning]: Could not load icon with name "push". Ensure that the icon is registered using addIcons or that the icon SVG data is passed directly to the icon component.', <ion-icon _ngcontent-a-c2537734019="" name="push" role="img" class="md hydrated"></ion-icon>[39m
Chrome Headless 143.0.0.0 (Linux 0.0.0): Executed 9 of 131[32m SUCCESS[39m (0 secs / 0.351 secs)
WARN: '[Ionicons Warning]: Could not load icon with name "push". Ensure that the icon is registered using addIcons or that the icon SVG data is passed directly to the icon component.', <ion-icon _ngcontent-a-c2537734019="" name="push" role="img" class="md hydrated"></ion-icon>
[1A[2KLOG: [36m'e', TypeError: Failed to construct 'URL': Invalid base URL
TypeError: Failed to construct 'URL': Invalid base URL
    at getAssetPath (http://localhost:9877/_karma_webpack_/webpack:/node_modules/@stencil/core/internal/client/index.js:345:20)
    at getNamedUrl (http://localhost:9877/_karma_webpack_/webpack:/node_modules/@ionic/core/components/icon.js:47:28)
    at getUrl (http://localhost:9877/_karma_webpack_/webpack:/node_modules/@ionic/core/components/icon.js:27:16)
    at Icon.loadIcon (http://localhost:9877/_karma_webpack_/webpack:/node_modules/@ionic/core/components/icon.js:365:25)
    at Icon.componentDidLoad (http://localhost:9877/_karma_webpack_/webpack:/node_modules/@ionic/core/components/icon.js:317:18)
    at safeCall (http://localhost:9877/_karma_webpack_/webpack:/node_modules/@stencil/core/internal/client/index.js:3362:30)
    at postUpdateComponent (http://localhost:9877/_karma_webpack_/webpack:/node_modules/@stencil/core/internal/client/index.js:3295:5)
    at postUpdate (http://localhost:9877/_karma_webpack_/webpack:/node_modules/@stencil/core/internal/client/index.js:3223:30)
    at http://localhost:9877/_karma_webpack_/webpack:/node_modules/@stencil/core/internal/client/index.js:3225:7
    at Generator.next (<anonymous>)[39m
Chrome Headless 143.0.0.0 (Linux 0.0.0): Executed 9 of 131[32m SUCCESS[39m (0 secs / 0.351 secs)
LOG: 'e', TypeError: Failed to construct 'URL': Invalid base URL
TypeError: Failed to construct 'URL': Invalid base URL
    at getAssetPath (http://localhost:9877/_karma_webpack_/webpack:/node_modules/@stencil/core/internal/client/index.js:345:20)
    at getNamedUrl (http://localhost:9877/_karma_webpack_/webpack:/node_modules/@ionic/core/components/icon.js:47:28)
    at getUrl (http://localhost:9877/_karma_webpack_/webpack:/node_modules/@ionic/core/components/icon.js:27:16)
    at Icon.loadIcon (http://localhost:9877/_karma_webpack_/webpack:/node_modules/@ionic/core/components/icon.js:365:25)
    at Icon.componentDidLoad (http://localhost:9877/_karma_webpack_/webpack:/node_modules/@ionic/core/components/icon.js:317:18)
    at safeCall (http://localhost:9877/_karma_webpack_/webpack:/node_modules/@stencil/core/internal/client/index.js:3362:30)
    at postUpdateComponent (http://localhost:9877/_karma_webpack_/webpack:/node_modules/@stencil/core/internal/client/index.js:3295:5)
    at postUpdate (http://localhost:9877/_karma_webpack_/webpack:/node_modules/@stencil/core/internal/client/index.js:3223:30)
    at http://localhost:9877/_karma_webpack_/webpack:/node_modules/@stencil/core/internal/client/index.js:3225:7
    at Generator.next (<anonymous>)
[1A[2KWARN: [36m'[Ionicons Warning]: Could not load icon with name "add". Ensure that the icon is registered using addIcons or that the icon SVG data is passed directly to the icon component.', <ion-icon _ngcontent-a-c2537734019="" name="add" role="img" class="md hydrated"></ion-icon>[39m
Chrome Headless 143.0.0.0 (Linux 0.0.0): Executed 9 of 131[32m SUCCESS[39m (0 secs / 0.351 secs)
WARN: '[Ionicons Warning]: Could not load icon with name "add". Ensure that the icon is registered using addIcons or that the icon SVG data is passed directly to the icon component.', <ion-icon _ngcontent-a-c2537734019="" name="add" role="img" class="md hydrated"></ion-icon>
[1A[2KChrome Headless 143.0.0.0 (Linux 0.0.0): Executed 10 of 131[32m SUCCESS[39m (0 secs / 1.438 secs)
[1A[2KChrome Headless 143.0.0.0 (Linux 0.0.0): Executed 11 of 131[32m SUCCESS[39m (0 secs / 1.442 secs)
[1A[2KChrome Headless 143.0.0.0 (Linux 0.0.0): Executed 12 of 131[32m SUCCESS[39m (0 secs / 1.443 secs)
[1A[2KChrome Headless 143.0.0.0 (Linux 0.0.0): Executed 13 of 131[32m SUCCESS[39m (0 secs / 1.444 secs)
[1A[2KChrome Headless 143.0.0.0 (Linux 0.0.0): Executed 14 of 131[32m SUCCESS[39m (0 secs / 1.445 secs)
[1A[2KChrome Headless 143.0.0.0 (Linux 0.0.0): Executed 15 of 131[32m SUCCESS[39m (0 secs / 1.446 secs)
[1A[2KChrome Headless 143.0.0.0 (Linux 0.0.0): Executed 16 of 131[32m SUCCESS[39m (0 secs / 1.447 secs)
[1A[2KLOG: [36m'filterSignal updated* ', [][39m
Chrome Headless 143.0.0.0 (Linux 0.0.0): Executed 16 of 131[32m SUCCESS[39m (0 secs / 1.447 secs)
LOG: 'filterSignal updated* ', []
[1A[2KLOG: [36m'user', Object{key: 'teacher1', classesKey: []}[39m
Chrome Headless 143.0.0.0 (Linux 0.0.0): Executed 16 of 131[32m SUCCESS[39m (0 secs / 1.447 secs)
LOG: 'user', Object{key: 'teacher1', classesKey: []}
[1A[2KLOG: [36m'classi', [][39m
Chrome Headless 143.0.0.0 (Linux 0.0.0): Executed 16 of 131[32m SUCCESS[39m (0 secs / 1.447 secs)
LOG: 'classi', []
[1A[2KChrome Headless 143.0.0.0 (Linux 0.0.0): Executed 17 of 131[32m SUCCESS[39m (0 secs / 1.539 secs)
[1A[2KLOG: [36m'e', TypeError: Failed to construct 'URL': Invalid base URL
TypeError: Failed to construct 'URL': Invalid base URL
    at getAssetPath (http://localhost:9877/_karma_webpack_/webpack:/node_modules/@stencil/core/internal/client/index.js:345:20)
    at getNamedUrl (http://localhost:9877/_karma_webpack_/webpack:/node_modules/@ionic/core/components/icon.js:47:28)
    at getUrl (http://localhost:9877/_karma_webpack_/webpack:/node_modules/@ionic/core/components/icon.js:27:16)
    at Icon.loadIcon (http://localhost:9877/_karma_webpack_/webpack:/node_modules/@ionic/core/components/icon.js:365:25)
    at cb (http://localhost:9877/_karma_webpack_/webpack:/node_modules/@ionic/core/components/icon.js:303:18)
    at Icon.waitUntilVisible (http://localhost:9877/_karma_webpack_/webpack:/node_modules/@ionic/core/components/icon.js:348:20)
    at Icon.call (http://localhost:9877/_karma_webpack_/webpack:/node_modules/@ionic/core/components/icon.js:301:14)
    at Icon.appendChild [as connectedCallback] (http://localhost:9877/_karma_webpack_/webpack:/node_modules/@stencil/core/internal/client/index.js:3987:35)
    at NoneEncapsulationDomRenderer.appendChild (http://localhost:9877/_karma_webpack_/webpack:/node_modules/@angular/platform-browser/fesm2022/dom_renderer.mjs:559:22)
    at nativeAppendChild (http://localhost:9877/_karma_webpack_/webpack:/node_modules/@angular/core/fesm2022/debug_node.mjs:6796:14)[39m
Chrome Headless 143.0.0.0 (Linux 0.0.0): Executed 17 of 131[32m SUCCESS[39m (0 secs / 1.539 secs)
LOG: 'e', TypeError: Failed to construct 'URL': Invalid base URL
TypeError: Failed to construct 'URL': Invalid base URL
    at getAssetPath (http://localhost:9877/_karma_webpack_/webpack:/node_modules/@stencil/core/internal/client/index.js:345:20)
    at getNamedUrl (http://localhost:9877/_karma_webpack_/webpack:/node_modules/@ionic/core/components/icon.js:47:28)
    at getUrl (http://localhost:9877/_karma_webpack_/webpack:/node_modules/@ionic/core/components/icon.js:27:16)
    at Icon.loadIcon (http://localhost:9877/_karma_webpack_/webpack:/node_modules/@ionic/core/components/icon.js:365:25)
    at cb (http://localhost:9877/_karma_webpack_/webpack:/node_modules/@ionic/core/components/icon.js:303:18)
    at Icon.waitUntilVisible (http://localhost:9877/_karma_webpack_/webpack:/node_modules/@ionic/core/components/icon.js:348:20)
    at Icon.call (http://localhost:9877/_karma_webpack_/webpack:/node_modules/@ionic/core/components/icon.js:301:14)
    at Icon.appendChild [as connectedCallback] (http://localhost:9877/_karma_webpack_/webpack:/node_modules/@stencil/core/internal/client/index.js:3987:35)
    at NoneEncapsulationDomRenderer.appendChild (http://localhost:9877/_karma_webpack_/webpack:/node_modules/@angular/platform-browser/fesm2022/dom_renderer.mjs:559:22)
    at nativeAppendChild (http://localhost:9877/_karma_webpack_/webpack:/node_modules/@angular/core/fesm2022/debug_node.mjs:6796:14)
[1A[2KWARN: [36m'[Ionicons Warning]: Could not load icon with name "save". Ensure that the icon is registered using addIcons or that the icon SVG data is passed directly to the icon component.', <ion-icon _ngcontent-a-c2538340668="" slot="start" name="save"></ion-icon>[39m
Chrome Headless 143.0.0.0 (Linux 0.0.0): Executed 17 of 131[32m SUCCESS[39m (0 secs / 1.539 secs)
WARN: '[Ionicons Warning]: Could not load icon with name "save". Ensure that the icon is registered using addIcons or that the icon SVG data is passed directly to the icon component.', <ion-icon _ngcontent-a-c2538340668="" slot="start" name="save"></ion-icon>
[1A[2KLOG: [36m'EventDialogComponent - ionViewWillEnter'[39m
Chrome Headless 143.0.0.0 (Linux 0.0.0): Executed 17 of 131[32m SUCCESS[39m (0 secs / 1.539 secs)
LOG: 'EventDialogComponent - ionViewWillEnter'
[1A[2KLOG: [36m'e', TypeError: Failed to construct 'URL': Invalid base URL
TypeError: Failed to construct 'URL': Invalid base URL
    at getAssetPath (http://localhost:9877/_karma_webpack_/webpack:/node_modules/@stencil/core/internal/client/index.js:345:20)
    at getNamedUrl (http://localhost:9877/_karma_webpack_/webpack:/node_modules/@ionic/core/components/icon.js:47:28)
    at getUrl (http://localhost:9877/_karma_webpack_/webpack:/node_modules/@ionic/core/components/icon.js:27:16)
    at Icon.loadIcon (http://localhost:9877/_karma_webpack_/webpack:/node_modules/@ionic/core/components/icon.js:365:25)
    at Icon.componentDidLoad (http://localhost:9877/_karma_webpack_/webpack:/node_modules/@ionic/core/components/icon.js:317:18)
    at safeCall (http://localhost:9877/_karma_webpack_/webpack:/node_modules/@stencil/core/internal/client/index.js:3362:30)
    at postUpdateComponent (http://localhost:9877/_karma_webpack_/webpack:/node_modules/@stencil/core/internal/client/index.js:3295:5)
    at postUpdate (http://localhost:9877/_karma_webpack_/webpack:/node_modules/@stencil/core/internal/client/index.js:3223:30)
    at http://localhost:9877/_karma_webpack_/webpack:/node_modules/@stencil/core/internal/client/index.js:3225:7
    at Generator.next (<anonymous>)[39m
Chrome Headless 143.0.0.0 (Linux 0.0.0): Executed 17 of 131[32m SUCCESS[39m (0 secs / 1.539 secs)
LOG: 'e', TypeError: Failed to construct 'URL': Invalid base URL
TypeError: Failed to construct 'URL': Invalid base URL
    at getAssetPath (http://localhost:9877/_karma_webpack_/webpack:/node_modules/@stencil/core/internal/client/index.js:345:20)
    at getNamedUrl (http://localhost:9877/_karma_webpack_/webpack:/node_modules/@ionic/core/components/icon.js:47:28)
    at getUrl (http://localhost:9877/_karma_webpack_/webpack:/node_modules/@ionic/core/components/icon.js:27:16)
    at Icon.loadIcon (http://localhost:9877/_karma_webpack_/webpack:/node_modules/@ionic/core/components/icon.js:365:25)
    at Icon.componentDidLoad (http://localhost:9877/_karma_webpack_/webpack:/node_modules/@ionic/core/components/icon.js:317:18)
    at safeCall (http://localhost:9877/_karma_webpack_/webpack:/node_modules/@stencil/core/internal/client/index.js:3362:30)
    at postUpdateComponent (http://localhost:9877/_karma_webpack_/webpack:/node_modules/@stencil/core/internal/client/index.js:3295:5)
    at postUpdate (http://localhost:9877/_karma_webpack_/webpack:/node_modules/@stencil/core/internal/client/index.js:3223:30)
    at http://localhost:9877/_karma_webpack_/webpack:/node_modules/@stencil/core/internal/client/index.js:3225:7
    at Generator.next (<anonymous>)
[1A[2KWARN: [36m'[Ionicons Warning]: Could not load icon with name "save". Ensure that the icon is registered using addIcons or that the icon SVG data is passed directly to the icon component.', <ion-icon _ngcontent-a-c2538340668="" slot="start" name="save" role="img" class="md hydrated"></ion-icon>[39m
Chrome Headless 143.0.0.0 (Linux 0.0.0): Executed 17 of 131[32m SUCCESS[39m (0 secs / 1.539 secs)
WARN: '[Ionicons Warning]: Could not load icon with name "save". Ensure that the icon is registered using addIcons or that the icon SVG data is passed directly to the icon component.', <ion-icon _ngcontent-a-c2538340668="" slot="start" name="save" role="img" class="md hydrated"></ion-icon>
[1A[2KChrome Headless 143.0.0.0 (Linux 0.0.0): Executed 18 of 131[32m SUCCESS[39m (0 secs / 2.665 secs)
[1A[2KLOG: [36m'today', '2026-01-10T23:00:00.000Z'[39m
Chrome Headless 143.0.0.0 (Linux 0.0.0): Executed 18 of 131[32m SUCCESS[39m (0 secs / 2.665 secs)
LOG: 'today', '2026-01-10T23:00:00.000Z'
[1A[2KChrome Headless 143.0.0.0 (Linux 0.0.0): Executed 19 of 131[32m SUCCESS[39m (0 secs / 2.722 secs)
[1A[2KChrome Headless 143.0.0.0 (Linux 0.0.0): Executed 20 of 131[32m SUCCESS[39m (0 secs / 2.763 secs)
[1A[2KChrome Headless 143.0.0.0 (Linux 0.0.0): Executed 21 of 131[32m SUCCESS[39m (0 secs / 2.764 secs)
[1A[2KChrome Headless 143.0.0.0 (Linux 0.0.0): Executed 22 of 131[32m SUCCESS[39m (0 secs / 2.766 secs)
[1A[2KChrome Headless 143.0.0.0 (Linux 0.0.0): Executed 23 of 131[32m SUCCESS[39m (0 secs / 2.815 secs)
[1A[2KLOG: [36m'gridKey', undefined[39m
Chrome Headless 143.0.0.0 (Linux 0.0.0): Executed 23 of 131[32m SUCCESS[39m (0 secs / 2.815 secs)
LOG: 'gridKey', undefined
[1A[2KLOG: [36m'indicatorsList', [][39m
Chrome Headless 143.0.0.0 (Linux 0.0.0): Executed 23 of 131[32m SUCCESS[39m (0 secs / 2.815 secs)
LOG: 'indicatorsList', []
[1A[2KChrome Headless 143.0.0.0 (Linux 0.0.0): Executed 24 of 131[32m SUCCESS[39m (0 secs / 3.846 secs)
[1A[2K[31mChrome Headless 143.0.0.0 (Linux 0.0.0) ClassViewerComponent should create FAILED[39m
	Failed: NG0201: No provider found for `Firestore`. Source: DynamicTestModule. Path: ClassiService -> Firestore. Find more at https://v20.angular.dev/errors/NG0201
	error properties: Object({ code: -201, ngErrorCode: -201, ngErrorMessage: 'No provider found for `Firestore`.', ngTokenPath: [ 'ClassiService', 'Firestore' ] })
	ÉµNotFound: NG0201: No provider found for `Firestore`. Source: DynamicTestModule. Path: ClassiService -> Firestore. Find more at https://v20.angular.dev/errors/NG0201
	    at createRuntimeError (node_modules/@angular/core/fesm2022/root_effect_scheduler.mjs:924:19)
	    at NullInjector.get (node_modules/@angular/core/fesm2022/root_effect_scheduler.mjs:1494:27)
	    at R3Injector.get (node_modules/@angular/core/fesm2022/root_effect_scheduler.mjs:2052:33)
	    at R3Injector.get (node_modules/@angular/core/fesm2022/root_effect_scheduler.mjs:2052:33)
	    at R3Injector.retrieve (node_modules/@angular/core/fesm2022/root_effect_scheduler.mjs:1936:25)
	    at injectInjectorOnly (node_modules/@angular/core/fesm2022/root_effect_scheduler.mjs:1049:39)
	    at ÉµÉµinject (node_modules/@angular/core/fesm2022/root_effect_scheduler.mjs:1061:60)
	    at inject (node_modules/@angular/core/fesm2022/root_effect_scheduler.mjs:1149:12)
	    at new ClassiService (src/app/pages/classes/services/classi.service.ts:32:29)
	    at Object.ClassiService_Factory [as factory] (ng:///ClassiService/Éµfac.js:4:10)
Chrome Headless 143.0.0.0 (Linux 0.0.0): Executed 25 of 131[31m (1 FAILED)[39m (0 secs / 3.858 secs)
[1A[2KChrome Headless 143.0.0.0 (Linux 0.0.0): Executed 26 of 131[31m (1 FAILED)[39m (0 secs / 3.859 secs)
[1A[2KChrome Headless 143.0.0.0 (Linux 0.0.0): Executed 27 of 131[31m (1 FAILED)[39m (0 secs / 3.859 secs)
[1A[2KChrome Headless 143.0.0.0 (Linux 0.0.0): Executed 28 of 131[31m (1 FAILED)[39m (0 secs / 3.86 secs)
[1A[2KChrome Headless 143.0.0.0 (Linux 0.0.0): Executed 29 of 131[31m (1 FAILED)[39m (0 secs / 3.867 secs)
[1A[2KChrome Headless 143.0.0.0 (Linux 0.0.0): Executed 30 of 131[31m (1 FAILED)[39m (0 secs / 3.868 secs)
[1A[2KChrome Headless 143.0.0.0 (Linux 0.0.0): Executed 31 of 131[31m (1 FAILED)[39m (0 secs / 3.868 secs)
[1A[2KChrome Headless 143.0.0.0 (Linux 0.0.0): Executed 32 of 131[31m (1 FAILED)[39m (0 secs / 3.868 secs)
[1A[2KChrome Headless 143.0.0.0 (Linux 0.0.0): Executed 33 of 131[31m (1 FAILED)[39m (0 secs / 3.869 secs)
[1A[2KChrome Headless 143.0.0.0 (Linux 0.0.0): Executed 34 of 131[31m (1 FAILED)[39m (0 secs / 3.869 secs)
[1A[2KChrome Headless 143.0.0.0 (Linux 0.0.0): Executed 35 of 131[31m (1 FAILED)[39m (0 secs / 3.869 secs)
[1A[2KChrome Headless 143.0.0.0 (Linux 0.0.0): Executed 36 of 131[31m (1 FAILED)[39m (0 secs / 3.87 secs)
[1A[2KChrome Headless 143.0.0.0 (Linux 0.0.0): Executed 37 of 131[31m (1 FAILED)[39m (0 secs / 3.87 secs)
[1A[2KLOG: [36m'grid to show', [Model Signal: [object Object]][39m
Chrome Headless 143.0.0.0 (Linux 0.0.0): Executed 37 of 131[31m (1 FAILED)[39m (0 secs / 3.87 secs)
LOG: 'grid to show', [Model Signal: [object Object]]
[1A[2KLOG: [36m'grid', Grids{key: '', nome: '', descrizione: '', indicatori: [], ownerKey: ''}[39m
Chrome Headless 143.0.0.0 (Linux 0.0.0): Executed 37 of 131[31m (1 FAILED)[39m (0 secs / 3.87 secs)
LOG: 'grid', Grids{key: '', nome: '', descrizione: '', indicatori: [], ownerKey: ''}
[1A[2KChrome Headless 143.0.0.0 (Linux 0.0.0): Executed 38 of 131[31m (1 FAILED)[39m (0 secs / 3.915 secs)
[1A[2KLOG: [36m'UserDialogPage constructor'[39m
Chrome Headless 143.0.0.0 (Linux 0.0.0): Executed 38 of 131[31m (1 FAILED)[39m (0 secs / 3.915 secs)
LOG: 'UserDialogPage constructor'
[1A[2KWARN: [36m'[Ionicons Warning]: Multiple icons were mapped to name "document-text". Ensure that multiple icons are not mapped to the same icon name.'[39m
Chrome Headless 143.0.0.0 (Linux 0.0.0): Executed 38 of 131[31m (1 FAILED)[39m (0 secs / 3.915 secs)
WARN: '[Ionicons Warning]: Multiple icons were mapped to name "document-text". Ensure that multiple icons are not mapped to the same icon name.'
[1A[2KWARN: [36m'[Ionicons Warning]: Multiple icons were mapped to name "save". Ensure that multiple icons are not mapped to the same icon name.'[39m
Chrome Headless 143.0.0.0 (Linux 0.0.0): Executed 38 of 131[31m (1 FAILED)[39m (0 secs / 3.915 secs)
WARN: '[Ionicons Warning]: Multiple icons were mapped to name "save". Ensure that multiple icons are not mapped to the same icon name.'
[1A[2KWARN: [36m'The 'allowSignalWrites' flag is deprecated and no longer impacts effect() (writes are always allowed)'[39m
Chrome Headless 143.0.0.0 (Linux 0.0.0): Executed 38 of 131[31m (1 FAILED)[39m (0 secs / 3.915 secs)
WARN: 'The 'allowSignalWrites' flag is deprecated and no longer impacts effect() (writes are always allowed)'
[1A[2KLOG: [36m'constructor ReservedNotes4studentComponent'[39m
Chrome Headless 143.0.0.0 (Linux 0.0.0): Executed 38 of 131[31m (1 FAILED)[39m (0 secs / 3.915 secs)
LOG: 'constructor ReservedNotes4studentComponent'
[1A[2KWARN: [36m'[Ionicons Warning]: Multiple icons were mapped to name "sparkles". Ensure that multiple icons are not mapped to the same icon name.'[39m
Chrome Headless 143.0.0.0 (Linux 0.0.0): Executed 38 of 131[31m (1 FAILED)[39m (0 secs / 3.915 secs)
WARN: '[Ionicons Warning]: Multiple icons were mapped to name "sparkles". Ensure that multiple icons are not mapped to the same icon name.'
[1A[2K[31mChrome Headless 143.0.0.0 (Linux 0.0.0) UserDialogPage should create FAILED[39m
	Failed: NG0201: No provider found for `Firestore`. Source: Standalone[UserDialogPage]. Path: ActivitiesService -> Firestore. Find more at https://v20.angular.dev/errors/NG0201
	error properties: Object({ code: -201, ngErrorCode: -201, ngErrorMessage: 'No provider found for `Firestore`.', ngTokenPath: [ 'ActivitiesService', 'Firestore' ] })
	ÉµNotFound: NG0201: No provider found for `Firestore`. Source: Standalone[UserDialogPage]. Path: ActivitiesService -> Firestore. Find more at https://v20.angular.dev/errors/NG0201
	    at createRuntimeError (node_modules/@angular/core/fesm2022/root_effect_scheduler.mjs:924:19)
	    at NullInjector.get (node_modules/@angular/core/fesm2022/root_effect_scheduler.mjs:1494:27)
	    at R3Injector.get (node_modules/@angular/core/fesm2022/root_effect_scheduler.mjs:2052:33)
	    at R3Injector.get (node_modules/@angular/core/fesm2022/root_effect_scheduler.mjs:2052:33)
	    at R3Injector.retrieve (node_modules/@angular/core/fesm2022/root_effect_scheduler.mjs:1936:25)
	    at injectInjectorOnly (node_modules/@angular/core/fesm2022/root_effect_scheduler.mjs:1049:39)
	    at ÉµÉµinject (node_modules/@angular/core/fesm2022/root_effect_scheduler.mjs:1061:60)
	    at inject (node_modules/@angular/core/fesm2022/root_effect_scheduler.mjs:1149:12)
	    at new ActivitiesService (src/app/pages/activities/services/activities.service.ts:65:29)
	    at Object.ActivitiesService_Factory [as factory] (ng:///ActivitiesService/Éµfac.js:4:10)
Chrome Headless 143.0.0.0 (Linux 0.0.0): Executed 39 of 131[31m (2 FAILED)[39m (0 secs / 3.989 secs)
[1A[2KChrome Headless 143.0.0.0 (Linux 0.0.0): Executed 40 of 131[31m (2 FAILED)[39m (0 secs / 3.991 secs)
[1A[2KLOG: [36m'EditEvaluationPage constructor chiamato'[39m
Chrome Headless 143.0.0.0 (Linux 0.0.0): Executed 40 of 131[31m (2 FAILED)[39m (0 secs / 3.991 secs)
LOG: 'EditEvaluationPage constructor chiamato'
[1A[2KWARN: [36m'[Ionicons Warning]: Multiple icons were mapped to name "save". Ensure that multiple icons are not mapped to the same icon name.'[39m
Chrome Headless 143.0.0.0 (Linux 0.0.0): Executed 40 of 131[31m (2 FAILED)[39m (0 secs / 3.991 secs)
WARN: '[Ionicons Warning]: Multiple icons were mapped to name "save". Ensure that multiple icons are not mapped to the same icon name.'
[1A[2KWARN: [36m'[Ionicons Warning]: Multiple icons were mapped to name "pdf". Ensure that multiple icons are not mapped to the same icon name.'[39m
Chrome Headless 143.0.0.0 (Linux 0.0.0): Executed 40 of 131[31m (2 FAILED)[39m (0 secs / 3.991 secs)
WARN: '[Ionicons Warning]: Multiple icons were mapped to name "pdf". Ensure that multiple icons are not mapped to the same icon name.'
[1A[2KLOG: [36m'ngOnInit - Inizio'[39m
Chrome Headless 143.0.0.0 (Linux 0.0.0): Executed 40 of 131[31m (2 FAILED)[39m (0 secs / 3.991 secs)
LOG: 'ngOnInit - Inizio'
[1A[2KLOG: [36m'Evaluation key:', 'eval123'[39m
Chrome Headless 143.0.0.0 (Linux 0.0.0): Executed 40 of 131[31m (2 FAILED)[39m (0 secs / 3.991 secs)
LOG: 'Evaluation key:', 'eval123'
[1A[2KLOG: [36m'Caricamento valutazione...'[39m
Chrome Headless 143.0.0.0 (Linux 0.0.0): Executed 40 of 131[31m (2 FAILED)[39m (0 secs / 3.991 secs)
LOG: 'Caricamento valutazione...'
[1A[2KLOG: [36m'Evaluation loaded:', Object{}[39m
Chrome Headless 143.0.0.0 (Linux 0.0.0): Executed 40 of 131[31m (2 FAILED)[39m (0 secs / 3.991 secs)
LOG: 'Evaluation loaded:', Object{}
[1A[2KLOG: [36m'Segnali impostati:', Object{classKey: '', teacherKey: '', studentKey: '', grid: Grids{key: '', nome: '', descrizione: '', indicatori: [], ownerKey: ''}}[39m
Chrome Headless 143.0.0.0 (Linux 0.0.0): Executed 40 of 131[31m (2 FAILED)[39m (0 secs / 3.991 secs)
LOG: 'Segnali impostati:', Object{classKey: '', teacherKey: '', studentKey: '', grid: Grids{key: '', nome: '', descrizione: '', indicatori: [], ownerKey: ''}}
[1A[2KWARN: [36m'[Ionic Warning]: [ion-datetime] - Unable to parse date string: Sun Jan 11 2026 18:28:21 GMT+0100 (Ora standard dellâ€™Europa centrale). Please provide a valid ISO 8601 datetime string.'[39m
Chrome Headless 143.0.0.0 (Linux 0.0.0): Executed 40 of 131[31m (2 FAILED)[39m (0 secs / 3.991 secs)
WARN: '[Ionic Warning]: [ion-datetime] - Unable to parse date string: Sun Jan 11 2026 18:28:21 GMT+0100 (Ora standard dellâ€™Europa centrale). Please provide a valid ISO 8601 datetime string.'
[1A[2KChrome Headless 143.0.0.0 (Linux 0.0.0): Executed 41 of 131[31m (2 FAILED)[39m (0 secs / 5.082 secs)
[1A[2KLOG: [36m'ngOnInit chiamato'[39m
Chrome Headless 143.0.0.0 (Linux 0.0.0): Executed 41 of 131[31m (2 FAILED)[39m (0 secs / 5.082 secs)
LOG: 'ngOnInit chiamato'
[1A[2KLOG: [36m'studentsWithPdPComponent', ClasseModel{year: '', classe: '', descrizione: '', note: '', archived: false, verbali: [], coordinatore: '', segretario: '', key: ''}[39m
Chrome Headless 143.0.0.0 (Linux 0.0.0): Executed 41 of 131[31m (2 FAILED)[39m (0 secs / 5.082 secs)
LOG: 'studentsWithPdPComponent', ClasseModel{year: '', classe: '', descrizione: '', note: '', archived: false, verbali: [], coordinatore: '', segretario: '', key: ''}
[1A[2KChrome Headless 143.0.0.0 (Linux 0.0.0): Executed 42 of 131[31m (2 FAILED)[39m (0 secs / 5.126 secs)
[1A[2KChrome Headless 143.0.0.0 (Linux 0.0.0): Executed 43 of 131[31m (2 FAILED)[39m (0 secs / 5.134 secs)
[1A[2KLOG: [36m'Evaluations4StudentPage'[39m
Chrome Headless 143.0.0.0 (Linux 0.0.0): Executed 43 of 131[31m (2 FAILED)[39m (0 secs / 5.134 secs)
LOG: 'Evaluations4StudentPage'
[1A[2KLOG: [36m'studentKey', undefined[39m
Chrome Headless 143.0.0.0 (Linux 0.0.0): Executed 43 of 131[31m (2 FAILED)[39m (0 secs / 5.134 secs)
LOG: 'studentKey', undefined
[1A[2KLOG: [36m'teacherKey', undefined[39m
Chrome Headless 143.0.0.0 (Linux 0.0.0): Executed 43 of 131[31m (2 FAILED)[39m (0 secs / 5.134 secs)
LOG: 'teacherKey', undefined
[1A[2KChrome Headless 143.0.0.0 (Linux 0.0.0): Executed 44 of 131[31m (2 FAILED)[39m (0 secs / 5.159 secs)
[1A[2KChrome Headless 143.0.0.0 (Linux 0.0.0): Executed 45 of 131[31m (2 FAILED)[39m (0 secs / 5.196 secs)
[1A[2KLOG: [36m'getEvaluation4studentAndTeacher', [][39m
Chrome Headless 143.0.0.0 (Linux 0.0.0): Executed 45 of 131[31m (2 FAILED)[39m (0 secs / 5.196 secs)
LOG: 'getEvaluation4studentAndTeacher', []
[1A[2KChrome Headless 143.0.0.0 (Linux 0.0.0): Executed 46 of 131[31m (2 FAILED)[39m (0 secs / 5.232 secs)
[1A[2KChrome Headless 143.0.0.0 (Linux 0.0.0): Executed 47 of 131[31m (2 FAILED)[39m (0 secs / 5.29 secs)
[1A[2KLOG: [36m'ConnectionStatusService - Initial status:', 'online'[39m
Chrome Headless 143.0.0.0 (Linux 0.0.0): Executed 47 of 131[31m (2 FAILED)[39m (0 secs / 5.29 secs)
LOG: 'ConnectionStatusService - Initial status:', 'online'
[1A[2KLOG: [36m'ConnectionStatusService - Updating status to: Online'[39m
Chrome Headless 143.0.0.0 (Linux 0.0.0): Executed 47 of 131[31m (2 FAILED)[39m (0 secs / 5.29 secs)
LOG: 'ConnectionStatusService - Updating status to: Online'
[1A[2KLOG: [36m'ConnectionStatusComponent - Constructor'[39m
Chrome Headless 143.0.0.0 (Linux 0.0.0): Executed 47 of 131[31m (2 FAILED)[39m (0 secs / 5.29 secs)
LOG: 'ConnectionStatusComponent - Constructor'
[1A[2KLOG: [36m'ConnectionStatusComponent - OnInit'[39m
Chrome Headless 143.0.0.0 (Linux 0.0.0): Executed 47 of 131[31m (2 FAILED)[39m (0 secs / 5.29 secs)
LOG: 'ConnectionStatusComponent - OnInit'
[1A[2KLOG: [36m'ConnectionStatusComponent - OnDestroy'[39m
Chrome Headless 143.0.0.0 (Linux 0.0.0): Executed 47 of 131[31m (2 FAILED)[39m (0 secs / 5.29 secs)
LOG: 'ConnectionStatusComponent - OnDestroy'
[1A[2KLOG: [36m'ConnectionStatusService - Destroying service'[39m
Chrome Headless 143.0.0.0 (Linux 0.0.0): Executed 47 of 131[31m (2 FAILED)[39m (0 secs / 5.29 secs)
LOG: 'ConnectionStatusService - Destroying service'
[1A[2KChrome Headless 143.0.0.0 (Linux 0.0.0): Executed 48 of 131[31m (2 FAILED)[39m (0 secs / 5.33 secs)
[1A[2KChrome Headless 143.0.0.0 (Linux 0.0.0): Executed 49 of 131[31m (2 FAILED)[39m (0 secs / 5.37 secs)
[1A[2KChrome Headless 143.0.0.0 (Linux 0.0.0): Executed 50 of 131[31m (2 FAILED)[39m (0 secs / 5.372 secs)
[1A[2KWARN: [36m'Calling Firebase APIs outside of an Injection context may destabilize your application leading to subtle change-detection and hydration bugs. Find more at https://github.com/angular/angularfire/blob/main/docs/zones.md'[39m
Chrome Headless 143.0.0.0 (Linux 0.0.0): Executed 50 of 131[31m (2 FAILED)[39m (0 secs / 5.372 secs)
WARN: 'Calling Firebase APIs outside of an Injection context may destabilize your application leading to subtle change-detection and hydration bugs. Find more at https://github.com/angular/angularfire/blob/main/docs/zones.md'
[1A[2KWARN: [36m'Firebase API called outside injection context: onAuthStateChanged'[39m
Chrome Headless 143.0.0.0 (Linux 0.0.0): Executed 50 of 131[31m (2 FAILED)[39m (0 secs / 5.372 secs)
WARN: 'Firebase API called outside injection context: onAuthStateChanged'
[1A[2KChrome Headless 143.0.0.0 (Linux 0.0.0): Executed 51 of 131[31m (2 FAILED)[39m (0 secs / 5.391 secs)
[1A[2KChrome Headless 143.0.0.0 (Linux 0.0.0): Executed 52 of 131[31m (2 FAILED)[39m (0 secs / 5.392 secs)
[1A[2KChrome Headless 143.0.0.0 (Linux 0.0.0): Executed 53 of 131[31m (2 FAILED)[39m (0 secs / 5.393 secs)
[1A[2KChrome Headless 143.0.0.0 (Linux 0.0.0): Executed 54 of 131[31m (2 FAILED)[39m (0 secs / 5.394 secs)
[1A[2KChrome Headless 143.0.0.0 (Linux 0.0.0): Executed 55 of 131[31m (2 FAILED)[39m (0 secs / 5.395 secs)
[1A[2KChrome Headless 143.0.0.0 (Linux 0.0.0): Executed 56 of 131[31m (2 FAILED)[39m (0 secs / 5.457 secs)
[1A[2KLOG: [36m'Classi ricevute dal servizio:', [][39m
Chrome Headless 143.0.0.0 (Linux 0.0.0): Executed 56 of 131[31m (2 FAILED)[39m (0 secs / 5.457 secs)
LOG: 'Classi ricevute dal servizio:', []
[1A[2KChrome Headless 143.0.0.0 (Linux 0.0.0): Executed 57 of 131[31m (2 FAILED)[39m (0 secs / 5.502 secs)
[1A[2KChrome Headless 143.0.0.0 (Linux 0.0.0): Executed 58 of 131[31m (2 FAILED)[39m (0 secs / 5.512 secs)
[1A[2KChrome Headless 143.0.0.0 (Linux 0.0.0): Executed 59 of 131[31m (2 FAILED)[39m (0 secs / 5.515 secs)
[1A[2KLOG: [36m'ConnectionStatusService - Initial status:', 'online'[39m
Chrome Headless 143.0.0.0 (Linux 0.0.0): Executed 59 of 131[31m (2 FAILED)[39m (0 secs / 5.515 secs)
LOG: 'ConnectionStatusService - Initial status:', 'online'
[1A[2KLOG: [36m'ConnectionStatusService - Updating status to: Online'[39m
Chrome Headless 143.0.0.0 (Linux 0.0.0): Executed 59 of 131[31m (2 FAILED)[39m (0 secs / 5.515 secs)
LOG: 'ConnectionStatusService - Updating status to: Online'
[1A[2KLOG: [36m'ConnectionStatusService - Destroying service'[39m
Chrome Headless 143.0.0.0 (Linux 0.0.0): Executed 59 of 131[31m (2 FAILED)[39m (0 secs / 5.515 secs)
LOG: 'ConnectionStatusService - Destroying service'
[1A[2KChrome Headless 143.0.0.0 (Linux 0.0.0): Executed 60 of 131[31m (2 FAILED)[39m (0 secs / 5.518 secs)
[1A[2KChrome Headless 143.0.0.0 (Linux 0.0.0): Executed 61 of 131[31m (2 FAILED)[39m (0 secs / 5.527 secs)
[1A[2KLOG: [36m'activityies list'[39m
Chrome Headless 143.0.0.0 (Linux 0.0.0): Executed 61 of 131[31m (2 FAILED)[39m (0 secs / 5.527 secs)
LOG: 'activityies list'
[1A[2KLOG: [36m'currentClassKey', 'test-class'[39m
Chrome Headless 143.0.0.0 (Linux 0.0.0): Executed 61 of 131[31m (2 FAILED)[39m (0 secs / 5.527 secs)
LOG: 'currentClassKey', 'test-class'
[1A[2KLOG: [36m'currentTeacherKey', 'test-teacher'[39m
Chrome Headless 143.0.0.0 (Linux 0.0.0): Executed 61 of 131[31m (2 FAILED)[39m (0 secs / 5.527 secs)
LOG: 'currentTeacherKey', 'test-teacher'
[1A[2KLOG: [36m'update activities'[39m
Chrome Headless 143.0.0.0 (Linux 0.0.0): Executed 61 of 131[31m (2 FAILED)[39m (0 secs / 5.527 secs)
LOG: 'update activities'
[1A[2KLOG: [36m'currentClassKey', 'test-class'[39m
Chrome Headless 143.0.0.0 (Linux 0.0.0): Executed 61 of 131[31m (2 FAILED)[39m (0 secs / 5.527 secs)
LOG: 'currentClassKey', 'test-class'
[1A[2KLOG: [36m'currentTeacherKey', 'test-teacher'[39m
Chrome Headless 143.0.0.0 (Linux 0.0.0): Executed 61 of 131[31m (2 FAILED)[39m (0 secs / 5.527 secs)
LOG: 'currentTeacherKey', 'test-teacher'
[1A[2KLOG: [36m'query', [QueryCondition{field: 'classKey', operator: '==', value: 'test-class'}, QueryCondition{field: 'teacherKey', operator: '==', value: 'test-teacher'}][39m
Chrome Headless 143.0.0.0 (Linux 0.0.0): Executed 61 of 131[31m (2 FAILED)[39m (0 secs / 5.527 secs)
LOG: 'query', [QueryCondition{field: 'classKey', operator: '==', value: 'test-class'}, QueryCondition{field: 'teacherKey', operator: '==', value: 'test-teacher'}]
[1A[2KLOG: [36m'2026-01-10T23:00:00.000Z'[39m
Chrome Headless 143.0.0.0 (Linux 0.0.0): Executed 61 of 131[31m (2 FAILED)[39m (0 secs / 5.527 secs)
LOG: '2026-01-10T23:00:00.000Z'
[1A[2KChrome Headless 143.0.0.0 (Linux 0.0.0): Executed 62 of 131[31m (2 FAILED)[39m (0 secs / 5.545 secs)
[1A[2KLOG: [36m'user', undefined[39m
Chrome Headless 143.0.0.0 (Linux 0.0.0): Executed 62 of 131[31m (2 FAILED)[39m (0 secs / 5.545 secs)
LOG: 'user', undefined
[1A[2KChrome Headless 143.0.0.0 (Linux 0.0.0): Executed 63 of 131[31m (2 FAILED)[39m (0 secs / 5.589 secs)
[1A[2KChrome Headless 143.0.0.0 (Linux 0.0.0): Executed 64 of 131[31m (2 FAILED)[39m (0 secs / 5.6 secs)
[1A[2KChrome Headless 143.0.0.0 (Linux 0.0.0): Executed 65 of 131[31m (2 FAILED)[39m (0 secs / 5.601 secs)
[1A[2KChrome Headless 143.0.0.0 (Linux 0.0.0): Executed 66 of 131[31m (2 FAILED)[39m (0 secs / 5.601 secs)
[1A[2KChrome Headless 143.0.0.0 (Linux 0.0.0): Executed 67 of 131[31m (2 FAILED)[39m (0 secs / 5.601 secs)
[1A[2KChrome Headless 143.0.0.0 (Linux 0.0.0): Executed 68 of 131[31m (2 FAILED)[39m (0 secs / 5.601 secs)
[1A[2KChrome Headless 143.0.0.0 (Linux 0.0.0): Executed 69 of 131[31m (2 FAILED)[39m (0 secs / 5.601 secs)
[1A[2KChrome Headless 143.0.0.0 (Linux 0.0.0): Executed 70 of 131[31m (2 FAILED)[39m (0 secs / 5.636 secs)
[1A[2KWARN: [36m'[Ionicons Warning]: Multiple icons were mapped to name "push". Ensure that multiple icons are not mapped to the same icon name.'[39m
Chrome Headless 143.0.0.0 (Linux 0.0.0): Executed 70 of 131[31m (2 FAILED)[39m (0 secs / 5.636 secs)
WARN: '[Ionicons Warning]: Multiple icons were mapped to name "push". Ensure that multiple icons are not mapped to the same icon name.'
[1A[2KChrome Headless 143.0.0.0 (Linux 0.0.0): Executed 71 of 131[31m (2 FAILED)[39m (0 secs / 5.677 secs)
[1A[2KLOG: [36m'userKey', 'test-user-key'[39m
Chrome Headless 143.0.0.0 (Linux 0.0.0): Executed 71 of 131[31m (2 FAILED)[39m (0 secs / 5.677 secs)
LOG: 'userKey', 'test-user-key'
[1A[2KLOG: [36m'Classi caricate:', [][39m
Chrome Headless 143.0.0.0 (Linux 0.0.0): Executed 71 of 131[31m (2 FAILED)[39m (0 secs / 5.677 secs)
LOG: 'Classi caricate:', []
[1A[2KChrome Headless 143.0.0.0 (Linux 0.0.0): Executed 72 of 131[31m (2 FAILED)[39m (0 secs / 5.696 secs)
[1A[2KLOG: [36m'user', UserModel{key: '', birthDate: '', email: '', firstName: '', DSA: false, DVA: false, BES: false, ADHD: false, noteDisabilita: '', pdpUrl: [], lastName: '', password: '', classKey: '', phoneNumber: '', role: 3, userName: '', assignedClasses: [], classesKey: []}[39m
Chrome Headless 143.0.0.0 (Linux 0.0.0): Executed 72 of 131[31m (2 FAILED)[39m (0 secs / 5.696 secs)
LOG: 'user', UserModel{key: '', birthDate: '', email: '', firstName: '', DSA: false, DVA: false, BES: false, ADHD: false, noteDisabilita: '', pdpUrl: [], lastName: '', password: '', classKey: '', phoneNumber: '', role: 3, userName: '', assignedClasses: [], classesKey: []}
[1A[2KChrome Headless 143.0.0.0 (Linux 0.0.0): Executed 73 of 131[31m (2 FAILED)[39m (0 secs / 5.698 secs)
[1A[2KChrome Headless 143.0.0.0 (Linux 0.0.0): Executed 74 of 131[31m (2 FAILED)[39m (0 secs / 5.699 secs)
[1A[2KChrome Headless 143.0.0.0 (Linux 0.0.0): Executed 75 of 131[31m (2 FAILED)[39m (0 secs / 5.7 secs)
[1A[2KChrome Headless 143.0.0.0 (Linux 0.0.0): Executed 76 of 131[31m (2 FAILED)[39m (0 secs / 5.701 secs)
[1A[2KChrome Headless 143.0.0.0 (Linux 0.0.0): Executed 77 of 131[31m (2 FAILED)[39m (0 secs / 5.702 secs)
[1A[2KChrome Headless 143.0.0.0 (Linux 0.0.0): Executed 78 of 131[31m (2 FAILED)[39m (0 secs / 5.703 secs)
[1A[2KChrome Headless 143.0.0.0 (Linux 0.0.0): Executed 79 of 131[31m (2 FAILED)[39m (0 secs / 5.704 secs)
[1A[2KChrome Headless 143.0.0.0 (Linux 0.0.0): Executed 80 of 131[31m (2 FAILED)[39m (0 secs / 5.705 secs)
[1A[2KChrome Headless 143.0.0.0 (Linux 0.0.0): Executed 81 of 131[31m (2 FAILED)[39m (0 secs / 5.706 secs)
[1A[2KChrome Headless 143.0.0.0 (Linux 0.0.0): Executed 82 of 131[31m (2 FAILED)[39m (0 secs / 5.707 secs)
[1A[2KChrome Headless 143.0.0.0 (Linux 0.0.0): Executed 83 of 131[31m (2 FAILED)[39m (0 secs / 5.708 secs)
[1A[2KChrome Headless 143.0.0.0 (Linux 0.0.0): Executed 84 of 131[31m (2 FAILED)[39m (0 secs / 5.709 secs)
[1A[2KChrome Headless 143.0.0.0 (Linux 0.0.0): Executed 85 of 131[31m (2 FAILED)[39m (0 secs / 5.71 secs)
[1A[2KChrome Headless 143.0.0.0 (Linux 0.0.0): Executed 86 of 131[31m (2 FAILED)[39m (0 secs / 5.711 secs)
[1A[2KChrome Headless 143.0.0.0 (Linux 0.0.0): Executed 87 of 131[31m (2 FAILED)[39m (0 secs / 5.712 secs)
[1A[2KChrome Headless 143.0.0.0 (Linux 0.0.0): Executed 88 of 131[31m (2 FAILED)[39m (0 secs / 5.712 secs)
[1A[2KChrome Headless 143.0.0.0 (Linux 0.0.0): Executed 89 of 131[31m (2 FAILED)[39m (0 secs / 5.713 secs)
[1A[2KChrome Headless 143.0.0.0 (Linux 0.0.0): Executed 90 of 131[31m (2 FAILED)[39m (0 secs / 5.714 secs)
[1A[2KChrome Headless 143.0.0.0 (Linux 0.0.0): Executed 91 of 131[31m (2 FAILED)[39m (0 secs / 6.743 secs)
[1A[2KChrome Headless 143.0.0.0 (Linux 0.0.0): Executed 92 of 131[31m (2 FAILED)[39m (0 secs / 6.747 secs)
[1A[2KLOG: [36m'listaClassi', [][39m
Chrome Headless 143.0.0.0 (Linux 0.0.0): Executed 92 of 131[31m (2 FAILED)[39m (0 secs / 6.747 secs)
LOG: 'listaClassi', []
[1A[2KLOG: [36m'filter', [][39m
Chrome Headless 143.0.0.0 (Linux 0.0.0): Executed 92 of 131[31m (2 FAILED)[39m (0 secs / 6.747 secs)
LOG: 'filter', []
[1A[2KLOG: [36m'listaAttivita', [][39m
Chrome Headless 143.0.0.0 (Linux 0.0.0): Executed 92 of 131[31m (2 FAILED)[39m (0 secs / 6.747 secs)
LOG: 'listaAttivita', []
[1A[2KLOG: [36m'listaStudenti', [][39m
Chrome Headless 143.0.0.0 (Linux 0.0.0): Executed 92 of 131[31m (2 FAILED)[39m (0 secs / 6.747 secs)
LOG: 'listaStudenti', []
[1A[2KChrome Headless 143.0.0.0 (Linux 0.0.0): Executed 93 of 131[31m (2 FAILED)[39m (0 secs / 7.788 secs)
[1A[2KLOG: [36m'init login page'[39m
Chrome Headless 143.0.0.0 (Linux 0.0.0): Executed 93 of 131[31m (2 FAILED)[39m (0 secs / 7.788 secs)
LOG: 'init login page'
[1A[2KChrome Headless 143.0.0.0 (Linux 0.0.0): Executed 94 of 131[31m (2 FAILED)[39m (0 secs / 7.837 secs)
[1A[2KLOG: [36m'constructor ReservedNotes4ClassesComponent'[39m
Chrome Headless 143.0.0.0 (Linux 0.0.0): Executed 94 of 131[31m (2 FAILED)[39m (0 secs / 7.837 secs)
LOG: 'constructor ReservedNotes4ClassesComponent'
[1A[2KWARN: [36m'[Ionicons Warning]: Multiple icons were mapped to name "sparkles". Ensure that multiple icons are not mapped to the same icon name.'[39m
Chrome Headless 143.0.0.0 (Linux 0.0.0): Executed 94 of 131[31m (2 FAILED)[39m (0 secs / 7.837 secs)
WARN: '[Ionicons Warning]: Multiple icons were mapped to name "sparkles". Ensure that multiple icons are not mapped to the same icon name.'
[1A[2KLOG: [36m'note per classe', Object{key: 'test-class'}[39m
Chrome Headless 143.0.0.0 (Linux 0.0.0): Executed 94 of 131[31m (2 FAILED)[39m (0 secs / 7.837 secs)
LOG: 'note per classe', Object{key: 'test-class'}
[1A[2KLOG: [36m'Utente loggato:', undefined[39m
Chrome Headless 143.0.0.0 (Linux 0.0.0): Executed 94 of 131[31m (2 FAILED)[39m (0 secs / 7.837 secs)
LOG: 'Utente loggato:', undefined
[1A[2KChrome Headless 143.0.0.0 (Linux 0.0.0): Executed 95 of 131[31m (2 FAILED)[39m (0 secs / 7.881 secs)
[1A[2KLOG: [36m'nessuna materia passata'[39m
Chrome Headless 143.0.0.0 (Linux 0.0.0): Executed 95 of 131[31m (2 FAILED)[39m (0 secs / 7.881 secs)
LOG: 'nessuna materia passata'
[1A[2KChrome Headless 143.0.0.0 (Linux 0.0.0): Executed 96 of 131[31m (2 FAILED)[39m (0 secs / 7.946 secs)
[1A[2KChrome Headless 143.0.0.0 (Linux 0.0.0): Executed 97 of 131[31m (2 FAILED)[39m (0 secs / 7.964 secs)
[1A[2KChrome Headless 143.0.0.0 (Linux 0.0.0): Executed 98 of 131[31m (2 FAILED)[39m (0 secs / 7.97 secs)
[1A[2KChrome Headless 143.0.0.0 (Linux 0.0.0): Executed 99 of 131[31m (2 FAILED)[39m (0 secs / 7.976 secs)
[1A[2KChrome Headless 143.0.0.0 (Linux 0.0.0): Executed 100 of 131[31m (2 FAILED)[39m (0 secs / 7.981 secs)
[1A[2KChrome Headless 143.0.0.0 (Linux 0.0.0): Executed 101 of 131[31m (2 FAILED)[39m (0 secs / 7.986 secs)
[1A[2KChrome Headless 143.0.0.0 (Linux 0.0.0): Executed 102 of 131[31m (2 FAILED)[39m (0 secs / 7.991 secs)
[1A[2KChrome Headless 143.0.0.0 (Linux 0.0.0): Executed 103 of 131[31m (2 FAILED)[39m (0 secs / 7.996 secs)
[1A[2KChrome Headless 143.0.0.0 (Linux 0.0.0): Executed 104 of 131[31m (2 FAILED)[39m (0 secs / 8.002 secs)
[1A[2KLOG: [36m'Adding TEST event'[39m
Chrome Headless 143.0.0.0 (Linux 0.0.0): Executed 104 of 131[31m (2 FAILED)[39m (0 secs / 8.002 secs)
LOG: 'Adding TEST event'
[1A[2KLOG: [36m'Adding TEST event'[39m
Chrome Headless 143.0.0.0 (Linux 0.0.0): Executed 104 of 131[31m (2 FAILED)[39m (0 secs / 8.002 secs)
LOG: 'Adding TEST event'
[1A[2KLOG: [36m'Adding TEST event'[39m
Chrome Headless 143.0.0.0 (Linux 0.0.0): Executed 104 of 131[31m (2 FAILED)[39m (0 secs / 8.002 secs)
LOG: 'Adding TEST event'
[1A[2KLOG: [36m'Adding TEST event'[39m
Chrome Headless 143.0.0.0 (Linux 0.0.0): Executed 104 of 131[31m (2 FAILED)[39m (0 secs / 8.002 secs)
LOG: 'Adding TEST event'
[1A[2KLOG: [36m'Adding TEST event'[39m
Chrome Headless 143.0.0.0 (Linux 0.0.0): Executed 104 of 131[31m (2 FAILED)[39m (0 secs / 8.002 secs)
LOG: 'Adding TEST event'
[1A[2KLOG: [36m'Adding TEST event'[39m
Chrome Headless 143.0.0.0 (Linux 0.0.0): Executed 104 of 131[31m (2 FAILED)[39m (0 secs / 8.002 secs)
LOG: 'Adding TEST event'
[1A[2KLOG: [36m'Adding TEST event'[39m
Chrome Headless 143.0.0.0 (Linux 0.0.0): Executed 104 of 131[31m (2 FAILED)[39m (0 secs / 8.002 secs)
LOG: 'Adding TEST event'
[1A[2KLOG: [36m'Adding TEST event'[39m
Chrome Headless 143.0.0.0 (Linux 0.0.0): Executed 104 of 131[31m (2 FAILED)[39m (0 secs / 8.002 secs)
LOG: 'Adding TEST event'
[1A[2KChrome Headless 143.0.0.0 (Linux 0.0.0): Executed 105 of 131[31m (2 FAILED)[39m (0 secs / 9.064 secs)
[1A[2KLOG: [36m'ConnectionStatusService - Initial status:', 'online'[39m
Chrome Headless 143.0.0.0 (Linux 0.0.0): Executed 105 of 131[31m (2 FAILED)[39m (0 secs / 9.064 secs)
LOG: 'ConnectionStatusService - Initial status:', 'online'
[1A[2KLOG: [36m'ConnectionStatusService - Updating status to: Online'[39m
Chrome Headless 143.0.0.0 (Linux 0.0.0): Executed 105 of 131[31m (2 FAILED)[39m (0 secs / 9.064 secs)
LOG: 'ConnectionStatusService - Updating status to: Online'
[1A[2KLOG: [36m'ConnectionStatusComponent - Constructor'[39m
Chrome Headless 143.0.0.0 (Linux 0.0.0): Executed 105 of 131[31m (2 FAILED)[39m (0 secs / 9.064 secs)
LOG: 'ConnectionStatusComponent - Constructor'
[1A[2KLOG: [36m'ConnectionStatusComponent - OnInit'[39m
Chrome Headless 143.0.0.0 (Linux 0.0.0): Executed 105 of 131[31m (2 FAILED)[39m (0 secs / 9.064 secs)
LOG: 'ConnectionStatusComponent - OnInit'
[1A[2KLOG: [36m'ConnectionStatusComponent - OnDestroy'[39m
Chrome Headless 143.0.0.0 (Linux 0.0.0): Executed 105 of 131[31m (2 FAILED)[39m (0 secs / 9.064 secs)
LOG: 'ConnectionStatusComponent - OnDestroy'
[1A[2KLOG: [36m'ConnectionStatusService - Destroying service'[39m
Chrome Headless 143.0.0.0 (Linux 0.0.0): Executed 105 of 131[31m (2 FAILED)[39m (0 secs / 9.064 secs)
LOG: 'ConnectionStatusService - Destroying service'
[1A[2KChrome Headless 143.0.0.0 (Linux 0.0.0): Executed 106 of 131[31m (2 FAILED)[39m (0 secs / 9.074 secs)
[1A[2KLOG: [36m'user', undefined[39m
Chrome Headless 143.0.0.0 (Linux 0.0.0): Executed 106 of 131[31m (2 FAILED)[39m (0 secs / 9.074 secs)
LOG: 'user', undefined
[1A[2KWARN: [36m'[Ionic Warning]: [ion-popover] - A trigger element with the ID "user-menu-trigger" was not found in the DOM. The trigger element must be in the DOM when the "trigger" property is set on ion-popover.', <ion-popover _ngcontent-a-c91482072="" trigger="user-menu-trigger" dismissonselect="true" id="ion-overlay-6" aria-modal="true" no-router="" tabindex="-1" class="md overlay-hidden popover-desktop popover-side-bottom hydrated" style="z-index: 20006;"><!--container--></ion-popover>[39m
Chrome Headless 143.0.0.0 (Linux 0.0.0): Executed 106 of 131[31m (2 FAILED)[39m (0 secs / 9.074 secs)
WARN: '[Ionic Warning]: [ion-popover] - A trigger element with the ID "user-menu-trigger" was not found in the DOM. The trigger element must be in the DOM when the "trigger" property is set on ion-popover.', <ion-popover _ngcontent-a-c91482072="" trigger="user-menu-trigger" dismissonselect="true" id="ion-overlay-6" aria-modal="true" no-router="" tabindex="-1" class="md overlay-hidden popover-desktop popover-side-bottom hydrated" style="z-index: 20006;"><!--container--></ion-popover>
[1A[2KLOG: [36m'ownerKey', ''[39m
Chrome Headless 143.0.0.0 (Linux 0.0.0): Executed 106 of 131[31m (2 FAILED)[39m (0 secs / 9.074 secs)
LOG: 'ownerKey', ''
[1A[2KLOG: [36m'getting notes for class', '', 'for user', ''[39m
Chrome Headless 143.0.0.0 (Linux 0.0.0): Executed 106 of 131[31m (2 FAILED)[39m (0 secs / 9.074 secs)
LOG: 'getting notes for class', '', 'for user', ''
[1A[2K[31mChrome Headless 143.0.0.0 (Linux 0.0.0) ClassReservedNotesService should be created FAILED[39m
	FirebaseError: Expected first argument to collection() to be a CollectionReference, a DocumentReference or FirebaseFirestore
	error properties: FirebaseError: [code=invalid-argument]: Expected first argument to collection() to be a CollectionReference, a DocumentReference or FirebaseFirestore
Chrome Headless 143.0.0.0 (Linux 0.0.0): Executed 107 of 131[31m (3 FAILED)[39m (0 secs / 9.077 secs)
[1A[2KWARN: [36m'[Ionicons Warning]: Multiple icons were mapped to name "save". Ensure that multiple icons are not mapped to the same icon name.'[39m
Chrome Headless 143.0.0.0 (Linux 0.0.0): Executed 107 of 131[31m (3 FAILED)[39m (0 secs / 9.077 secs)
WARN: '[Ionicons Warning]: Multiple icons were mapped to name "save". Ensure that multiple icons are not mapped to the same icon name.'
[1A[2KWARN: [36m'The 'allowSignalWrites' flag is deprecated and no longer impacts effect() (writes are always allowed)'[39m
Chrome Headless 143.0.0.0 (Linux 0.0.0): Executed 107 of 131[31m (3 FAILED)[39m (0 secs / 9.077 secs)
WARN: 'The 'allowSignalWrites' flag is deprecated and no longer impacts effect() (writes are always allowed)'
[1A[2KLOG: [36m'UserGeneralities2Component - ngOnInit*'[39m
Chrome Headless 143.0.0.0 (Linux 0.0.0): Executed 107 of 131[31m (3 FAILED)[39m (0 secs / 9.077 secs)
LOG: 'UserGeneralities2Component - ngOnInit*'
[1A[2KLOG: [36m'User input value on init*:', UserModel{key: '', birthDate: '', email: '', firstName: '', DSA: false, DVA: false, BES: false, ADHD: false, noteDisabilita: '', pdpUrl: [], lastName: '', password: '', classKey: '', phoneNumber: '', role: 3, userName: '', assignedClasses: [], classesKey: []}[39m
Chrome Headless 143.0.0.0 (Linux 0.0.0): Executed 107 of 131[31m (3 FAILED)[39m (0 secs / 9.077 secs)
LOG: 'User input value on init*:', UserModel{key: '', birthDate: '', email: '', firstName: '', DSA: false, DVA: false, BES: false, ADHD: false, noteDisabilita: '', pdpUrl: [], lastName: '', password: '', classKey: '', phoneNumber: '', role: 3, userName: '', assignedClasses: [], classesKey: []}
[1A[2KLOG: [36m'ngOnInit - user:*', UserModel{key: '', birthDate: '', email: '', firstName: '', DSA: false, DVA: false, BES: false, ADHD: false, noteDisabilita: '', pdpUrl: [], lastName: '', password: '', classKey: '', phoneNumber: '', role: 3, userName: '', assignedClasses: [], classesKey: []}[39m
Chrome Headless 143.0.0.0 (Linux 0.0.0): Executed 107 of 131[31m (3 FAILED)[39m (0 secs / 9.077 secs)
LOG: 'ngOnInit - user:*', UserModel{key: '', birthDate: '', email: '', firstName: '', DSA: false, DVA: false, BES: false, ADHD: false, noteDisabilita: '', pdpUrl: [], lastName: '', password: '', classKey: '', phoneNumber: '', role: 3, userName: '', assignedClasses: [], classesKey: []}
[1A[2KLOG: [36m'User in effect:*', UserModel{key: '', birthDate: '', email: '', firstName: '', DSA: false, DVA: false, BES: false, ADHD: false, noteDisabilita: '', pdpUrl: [], lastName: '', password: '', classKey: '', phoneNumber: '', role: 3, userName: '', assignedClasses: [], classesKey: []}[39m
Chrome Headless 143.0.0.0 (Linux 0.0.0): Executed 107 of 131[31m (3 FAILED)[39m (0 secs / 9.077 secs)
LOG: 'User in effect:*', UserModel{key: '', birthDate: '', email: '', firstName: '', DSA: false, DVA: false, BES: false, ADHD: false, noteDisabilita: '', pdpUrl: [], lastName: '', password: '', classKey: '', phoneNumber: '', role: 3, userName: '', assignedClasses: [], classesKey: []}
[1A[2KWARN: [36m'User is null or undefined*'[39m
Chrome Headless 143.0.0.0 (Linux 0.0.0): Executed 107 of 131[31m (3 FAILED)[39m (0 secs / 9.077 secs)
WARN: 'User is null or undefined*'
[1A[2KLOG: [36m'UserGeneralities2Component - ngAfterViewInit'[39m
Chrome Headless 143.0.0.0 (Linux 0.0.0): Executed 107 of 131[31m (3 FAILED)[39m (0 secs / 9.077 secs)
LOG: 'UserGeneralities2Component - ngAfterViewInit'
[1A[2KLOG: [36m'Form controls after view init:', Object{firstName: FormControl{_pendingDirty: false, _hasOwnPendingAsyncValidator: null, _pendingTouched: false, _onCollectionChange: () => { ... }, _updateOn: undefined, _parent: FormGroup{_pendingDirty: ..., _hasOwnPendingAsyncValidator: ..., _pendingTouched: ..., _onCollectionChange: ..., _updateOn: ..., _parent: ..., _asyncValidationSubscription: ..., _composedValidatorFn: ..., _composedAsyncValidatorFn: ..., _rawValidators: ..., _rawAsyncValidators: ..., value: ..., _status: ..., statusReactive: ..., errors: ..., _pristine: ..., pristineReactive: ..., _touched: ..., touchedReactive: ..., _events: ..., events: ..., valueChanges: ..., statusChanges: ..., _onDisabledChange: ..., controls: ...}, _asyncValidationSubscription: undefined, _composedValidatorFn: function (control) { ... }, _composedAsyncValidatorFn: null, _rawValidators: [...], _rawAsyncValidators: null, value: '', _status: [Computed: INVALID], statusReactive: [Signal: INVALID], errors: Object{required: ...}, _pristine: [Computed: true], pristineReactive: [Signal: true], _touched: [Computed: false], touchedReactive: [Signal: false], _events: Subject{closed: ..., currentObservers: ..., observers: ..., isStopped: ..., hasError: ..., thrownError: ...}, events: Observable{source: ...}, valueChanges: EventEmitter_{closed: ..., currentObservers: ..., observers: ..., isStopped: ..., hasError: ..., thrownError: ..., __isAsync: ..., destroyRef: ..., pendingTasks: ...}, statusChanges: EventEmitter_{closed: ..., currentObservers: ..., observers: ..., isStopped: ..., hasError: ..., thrownError: ..., __isAsync: ..., destroyRef: ..., pendingTasks: ...}, _onDisabledChange: [...], defaultValue: null, _onChange: [...], _pendingValue: '', _pendingChange: false}, lastName: FormControl{_pendingDirty: false, _hasOwnPendingAsyncValidator: null, _pendingTouched: false, _onCollectionChange: () => { ... }, _updateOn: undefined, _parent: FormGroup{_pendingDirty: ..., _hasOwnPendingAsyncValidator: ..., _pendingTouched: ..., _onCollectionChange: ..., _updateOn: ..., _parent: ..., _asyncValidationSubscription: ..., _composedValidatorFn: ..., _composedAsyncValidatorFn: ..., _rawValidators: ..., _rawAsyncValidators: ..., value: ..., _status: ..., statusReactive: ..., errors: ..., _pristine: ..., pristineReactive: ..., _touched: ..., touchedReactive: ..., _events: ..., events: ..., valueChanges: ..., statusChanges: ..., _onDisabledChange: ..., controls: ...}, _asyncValidationSubscription: undefined, _composedValidatorFn: function (control) { ... }, _composedAsyncValidatorFn: null, _rawValidators: [...], _rawAsyncValidators: null, value: '', _status: [Computed: INVALID], statusReactive: [Signal: INVALID], errors: Object{required: ...}, _pristine: [Computed: true], pristineReactive: [Signal: true], _touched: [Computed: false], touchedReactive: [Signal: false], _events: Subject{closed: ..., currentObservers: ..., observers: ..., isStopped: ..., hasError: ..., thrownError: ...}, events: Observable{source: ...}, valueChanges: EventEmitter_{closed: ..., currentObservers: ..., observers: ..., isStopped: ..., hasError: ..., thrownError: ..., __isAsync: ..., destroyRef: ..., pendingTasks: ...}, statusChanges: EventEmitter_{closed: ..., currentObservers: ..., observers: ..., isStopped: ..., hasError: ..., thrownError: ..., __isAsync: ..., destroyRef: ..., pendingTasks: ...}, _onDisabledChange: [...], defaultValue: null, _onChange: [...], _pendingValue: '', _pendingChange: false}, userName: FormControl{_pendingDirty: false, _hasOwnPendingAsyncValidator: null, _pendingTouched: false, _onCollectionChange: () => { ... }, _updateOn: undefined, _parent: FormGroup{_pendingDirty: ..., _hasOwnPendingAsyncValidator: ..., _pendingTouched: ..., _onCollectionChange: ..., _updateOn: ..., _parent: ..., _asyncValidationSubscription: ..., _composedValidatorFn: ..., _composedAsyncValidatorFn: ..., _rawValidators: ..., _rawAsyncValidators: ..., value: ..., _status: ..., statusReactive: ..., errors: ..., _pristine: ..., pristineReactive: ..., _touched: ..., touchedReactive: ..., _events: ..., events: ..., valueChanges: ..., statusChanges: ..., _onDisabledChange: ..., controls: ...}, _asyncValidationSubscription: undefined, _composedValidatorFn: null, _composedAsyncValidatorFn: null, _rawValidators: null, _rawAsyncValidators: null, value: '', _status: [Computed: VALID], statusReactive: [Signal: VALID], errors: null, _pristine: [Computed: true], pristineReactive: [Signal: true], _touched: [Computed: false], touchedReactive: [Signal: false], _events: Subject{closed: ..., currentObservers: ..., observers: ..., isStopped: ..., hasError: ..., thrownError: ...}, events: Observable{source: ...}, valueChanges: EventEmitter_{closed: ..., currentObservers: ..., observers: ..., isStopped: ..., hasError: ..., thrownError: ..., __isAsync: ..., destroyRef: ..., pendingTasks: ...}, statusChanges: EventEmitter_{closed: ..., currentObservers: ..., observers: ..., isStopped: ..., hasError: ..., thrownError: ..., __isAsync: ..., destroyRef: ..., pendingTasks: ...}, _onDisabledChange: [...], defaultValue: null, _onChange: [...], _pendingValue: '', _pendingChange: false}, email: FormControl{_pendingDirty: false, _hasOwnPendingAsyncValidator: null, _pendingTouched: false, _onCollectionChange: () => { ... }, _updateOn: undefined, _parent: FormGroup{_pendingDirty: ..., _hasOwnPendingAsyncValidator: ..., _pendingTouched: ..., _onCollectionChange: ..., _updateOn: ..., _parent: ..., _asyncValidationSubscription: ..., _composedValidatorFn: ..., _composedAsyncValidatorFn: ..., _rawValidators: ..., _rawAsyncValidators: ..., value: ..., _status: ..., statusReactive: ..., errors: ..., _pristine: ..., pristineReactive: ..., _touched: ..., touchedReactive: ..., _events: ..., events: ..., valueChanges: ..., statusChanges: ..., _onDisabledChange: ..., controls: ...}, _asyncValidationSubscription: undefined, _composedValidatorFn: function (control) { ... }, _composedAsyncValidatorFn: null, _rawValidators: [...], _rawAsyncValidators: null, value: '', _status: [Computed: INVALID], statusReactive: [Signal: INVALID], errors: Object{required: ...}, _pristine: [Computed: true], pristineReactive: [Signal: true], _touched: [Computed: false], touchedReactive: [Signal: false], _events: Subject{closed: ..., currentObservers: ..., observers: ..., isStopped: ..., hasError: ..., thrownError: ...}, events: Observable{source: ...}, valueChanges: EventEmitter_{closed: ..., currentObservers: ..., observers: ..., isStopped: ..., hasError: ..., thrownError: ..., __isAsync: ..., destroyRef: ..., pendingTasks: ...}, statusChanges: EventEmitter_{closed: ..., currentObservers: ..., observers: ..., isStopped: ..., hasError: ..., thrownError: ..., __isAsync: ..., destroyRef: ..., pendingTasks: ...}, _onDisabledChange: [...], defaultValue: null, _onChange: [...], _pendingValue: '', _pendingChange: false}, role: FormControl{_pendingDirty: false, _hasOwnPendingAsyncValidator: null, _pendingTouched: false, _onCollectionChange: () => { ... }, _updateOn: undefined, _parent: FormGroup{_pendingDirty: ..., _hasOwnPendingAsyncValidator: ..., _pendingTouched: ..., _onCollectionChange: ..., _updateOn: ..., _parent: ..., _asyncValidationSubscription: ..., _composedValidatorFn: ..., _composedAsyncValidatorFn: ..., _rawValidators: ..., _rawAsyncValidators: ..., value: ..., _status: ..., statusReactive: ..., errors: ..., _pristine: ..., pristineReactive: ..., _touched: ..., touchedReactive: ..., _events: ..., events: ..., valueChanges: ..., statusChanges: ..., _onDisabledChange: ..., controls: ...}, _asyncValidationSubscription: undefined, _composedValidatorFn: null, _composedAsyncValidatorFn: null, _rawValidators: null, _rawAsyncValidators: null, value: 3, _status: [Computed: VALID], statusReactive: [Signal: VALID], errors: null, _pristine: [Computed: true], pristineReactive: [Signal: true], _touched: [Computed: false], touchedReactive: [Signal: false], _events: Subject{closed: ..., currentObservers: ..., observers: ..., isStopped: ..., hasError: ..., thrownError: ...}, events: Observable{source: ...}, valueChanges: EventEmitter_{closed: ..., currentObservers: ..., observers: ..., isStopped: ..., hasError: ..., thrownError: ..., __isAsync: ..., destroyRef: ..., pendingTasks: ...}, statusChanges: EventEmitter_{closed: ..., currentObservers: ..., observers: ..., isStopped: ..., hasError: ..., thrownError: ..., __isAsync: ..., destroyRef: ..., pendingTasks: ...}, _onDisabledChange: [...], defaultValue: null, _onChange: [...], _pendingValue: 3, _pendingChange: false}, DVA: FormControl{_pendingDirty: false, _hasOwnPendingAsyncValidator: null, _pendingTouched: false, _onCollectionChange: () => { ... }, _updateOn: undefined, _parent: FormGroup{_pendingDirty: ..., _hasOwnPendingAsyncValidator: ..., _pendingTouched: ..., _onCollectionChange: ..., _updateOn: ..., _parent: ..., _asyncValidationSubscription: ..., _composedValidatorFn: ..., _composedAsyncValidatorFn: ..., _rawValidators: ..., _rawAsyncValidators: ..., value: ..., _status: ..., statusReactive: ..., errors: ..., _pristine: ..., pristineReactive: ..., _touched: ..., touchedReactive: ..., _events: ..., events: ..., valueChanges: ..., statusChanges: ..., _onDisabledChange: ..., controls: ...}, _asyncValidationSubscription: undefined, _composedValidatorFn: null, _composedAsyncValidatorFn: null, _rawValidators: null, _rawAsyncValidators: null, value: false, _status: [Computed: VALID], statusReactive: [Signal: VALID], errors: null, _pristine: [Computed: true], pristineReactive: [Signal: true], _touched: [Computed: false], touchedReactive: [Signal: false], _events: Subject{closed: ..., currentObservers: ..., observers: ..., isStopped: ..., hasError: ..., thrownError: ...}, events: Observable{source: ...}, valueChanges: EventEmitter_{closed: ..., currentObservers: ..., observers: ..., isStopped: ..., hasError: ..., thrownError: ..., __isAsync: ..., destroyRef: ..., pendingTasks: ...}, statusChanges: EventEmitter_{closed: ..., currentObservers: ..., observers: ..., isStopped: ..., hasError: ..., thrownError: ..., __isAsync: ..., destroyRef: ..., pendingTasks: ...}, _onDisabledChange: [...], defaultValue: null, _onChange: [...], _pendingValue: false, _pendingChange: false}, DSA: FormControl{_pendingDirty: false, _hasOwnPendingAsyncValidator: null, _pendingTouched: false, _onCollectionChange: () => { ... }, _updateOn: undefined, _parent: FormGroup{_pendingDirty: ..., _hasOwnPendingAsyncValidator: ..., _pendingTouched: ..., _onCollectionChange: ..., _updateOn: ..., _parent: ..., _asyncValidationSubscription: ..., _composedValidatorFn: ..., _composedAsyncValidatorFn: ..., _rawValidators: ..., _rawAsyncValidators: ..., value: ..., _status: ..., statusReactive: ..., errors: ..., _pristine: ..., pristineReactive: ..., _touched: ..., touchedReactive: ..., _events: ..., events: ..., valueChanges: ..., statusChanges: ..., _onDisabledChange: ..., controls: ...}, _asyncValidationSubscription: undefined, _composedValidatorFn: null, _composedAsyncValidatorFn: null, _rawValidators: null, _rawAsyncValidators: null, value: false, _status: [Computed: VALID], statusReactive: [Signal: VALID], errors: null, _pristine: [Computed: true], pristineReactive: [Signal: true], _touched: [Computed: false], touchedReactive: [Signal: false], _events: Subject{closed: ..., currentObservers: ..., observers: ..., isStopped: ..., hasError: ..., thrownError: ...}, events: Observable{source: ...}, valueChanges: EventEmitter_{closed: ..., currentObservers: ..., observers: ..., isStopped: ..., hasError: ..., thrownError: ..., __isAsync: ..., destroyRef: ..., pendingTasks: ...}, statusChanges: EventEmitter_{closed: ..., currentObservers: ..., observers: ..., isStopped: ..., hasError: ..., thrownError: ..., __isAsync: ..., destroyRef: ..., pendingTasks: ...}, _onDisabledChange: [...], defaultValue: null, _onChange: [...], _pendingValue: false, _pendingChange: false}, BES: FormControl{_pendingDirty: false, _hasOwnPendingAsyncValidator: null, _pendingTouched: false, _onCollectionChange: () => { ... }, _updateOn: undefined, _parent: FormGroup{_pendingDirty: ..., _hasOwnPendingAsyncValidator: ..., _pendingTouched: ..., _onCollectionChange: ..., _updateOn: ..., _parent: ..., _asyncValidationSubscription: ..., _composedValidatorFn: ..., _composedAsyncValidatorFn: ..., _rawValidators: ..., _rawAsyncValidators: ..., value: ..., _status: ..., statusReactive: ..., errors: ..., _pristine: ..., pristineReactive: ..., _touched: ..., touchedReactive: ..., _events: ..., events: ..., valueChanges: ..., statusChanges: ..., _onDisabledChange: ..., controls: ...}, _asyncValidationSubscription: undefined, _composedValidatorFn: null, _composedAsyncValidatorFn: null, _rawValidators: null, _rawAsyncValidators: null, value: false, _status: [Computed: VALID], statusReactive: [Signal: VALID], errors: null, _pristine: [Computed: true], pristineReactive: [Signal: true], _touched: [Computed: false], touchedReactive: [Signal: false], _events: Subject{closed: ..., currentObservers: ..., observers: ..., isStopped: ..., hasError: ..., thrownError: ...}, events: Observable{source: ...}, valueChanges: EventEmitter_{closed: ..., currentObservers: ..., observers: ..., isStopped: ..., hasError: ..., thrownError: ..., __isAsync: ..., destroyRef: ..., pendingTasks: ...}, statusChanges: EventEmitter_{closed: ..., currentObservers: ..., observers: ..., isStopped: ..., hasError: ..., thrownError: ..., __isAsync: ..., destroyRef: ..., pendingTasks: ...}, _onDisabledChange: [...], defaultValue: null, _onChange: [...], _pendingValue: false, _pendingChange: false}, ADHD: FormControl{_pendingDirty: false, _hasOwnPendingAsyncValidator: null, _pendingTouched: false, _onCollectionChange: () => { ... }, _updateOn: undefined, _parent: FormGroup{_pendingDirty: ..., _hasOwnPendingAsyncValidator: ..., _pendingTouched: ..., _onCollectionChange: ..., _updateOn: ..., _parent: ..., _asyncValidationSubscription: ..., _composedValidatorFn: ..., _composedAsyncValidatorFn: ..., _rawValidators: ..., _rawAsyncValidators: ..., value: ..., _status: ..., statusReactive: ..., errors: ..., _pristine: ..., pristineReactive: ..., _touched: ..., touchedReactive: ..., _events: ..., events: ..., valueChanges: ..., statusChanges: ..., _onDisabledChange: ..., controls: ...}, _asyncValidationSubscription: undefined, _composedValidatorFn: null, _composedAsyncValidatorFn: null, _rawValidators: null, _rawAsyncValidators: null, value: false, _status: [Computed: VALID], statusReactive: [Signal: VALID], errors: null, _pristine: [Computed: true], pristineReactive: [Signal: true], _touched: [Computed: false], touchedReactive: [Signal: false], _events: Subject{closed: ..., currentObservers: ..., observers: ..., isStopped: ..., hasError: ..., thrownError: ...}, events: Observable{source: ...}, valueChanges: EventEmitter_{closed: ..., currentObservers: ..., observers: ..., isStopped: ..., hasError: ..., thrownError: ..., __isAsync: ..., destroyRef: ..., pendingTasks: ...}, statusChanges: EventEmitter_{closed: ..., currentObservers: ..., observers: ..., isStopped: ..., hasError: ..., thrownError: ..., __isAsync: ..., destroyRef: ..., pendingTasks: ...}, _onDisabledChange: [...], defaultValue: null, _onChange: [...], _pendingValue: false, _pendingChange: false}, noteDisabilita: FormControl{_pendingDirty: false, _hasOwnPendingAsyncValidator: null, _pendingTouched: false, _onCollectionChange: () => { ... }, _updateOn: undefined, _parent: FormGroup{_pendingDirty: ..., _hasOwnPendingAsyncValidator: ..., _pendingTouched: ..., _onCollectionChange: ..., _updateOn: ..., _parent: ..., _asyncValidationSubscription: ..., _composedValidatorFn: ..., _composedAsyncValidatorFn: ..., _rawValidators: ..., _rawAsyncValidators: ..., value: ..., _status: ..., statusReactive: ..., errors: ..., _pristine: ..., pristineReactive: ..., _touched: ..., touchedReactive: ..., _events: ..., events: ..., valueChanges: ..., statusChanges: ..., _onDisabledChange: ..., controls: ...}, _asyncValidationSubscription: undefined, _composedValidatorFn: null, _composedAsyncValidatorFn: null, _rawValidators: null, _rawAsyncValidators: null, value: '', _status: [Computed: VALID], statusReactive: [Signal: VALID], errors: null, _pristine: [Computed: true], pristineReactive: [Signal: true], _touched: [Computed: false], touchedReactive: [Signal: false], _events: Subject{closed: ..., currentObservers: ..., observers: ..., isStopped: ..., hasError: ..., thrownError: ...}, events: Observable{source: ...}, valueChanges: EventEmitter_{closed: ..., currentObservers: ..., observers: ..., isStopped: ..., hasError: ..., thrownError: ..., __isAsync: ..., destroyRef: ..., pendingTasks: ...}, statusChanges: EventEmitter_{closed: ..., currentObservers: ..., observers: ..., isStopped: ..., hasError: ..., thrownError: ..., __isAsync: ..., destroyRef: ..., pendingTasks: ...}, _onDisabledChange: [...], defaultValue: null, _onChange: [...], _pendingValue: '', _pendingChange: false}, pdpUrl: FormControl{_pendingDirty: false, _hasOwnPendingAsyncValidator: null, _pendingTouched: false, _onCollectionChange: () => { ... }, _updateOn: undefined, _parent: FormGroup{_pendingDirty: ..., _hasOwnPendingAsyncValidator: ..., _pendingTouched: ..., _onCollectionChange: ..., _updateOn: ..., _parent: ..., _asyncValidationSubscription: ..., _composedValidatorFn: ..., _composedAsyncValidatorFn: ..., _rawValidators: ..., _rawAsyncValidators: ..., value: ..., _status: ..., statusReactive: ..., errors: ..., _pristine: ..., pristineReactive: ..., _touched: ..., touchedReactive: ..., _events: ..., events: ..., valueChanges: ..., statusChanges: ..., _onDisabledChange: ..., controls: ...}, _asyncValidationSubscription: undefined, _composedValidatorFn: null, _composedAsyncValidatorFn: null, _rawValidators: null, _rawAsyncValidators: null, value: '', _status: [Computed: VALID], statusReactive: [Signal: VALID], errors: null, _pristine: [Computed: true], pristineReactive: [Signal: true], _touched: [Computed: false], touchedReactive: [Signal: false], _events: Subject{closed: ..., currentObservers: ..., observers: ..., isStopped: ..., hasError: ..., thrownError: ...}, events: Observable{source: ...}, valueChanges: EventEmitter_{closed: ..., currentObservers: ..., observers: ..., isStopped: ..., hasError: ..., thrownError: ..., __isAsync: ..., destroyRef: ..., pendingTasks: ...}, statusChanges: EventEmitter_{closed: ..., currentObservers: ..., observers: ..., isStopped: ..., hasError: ..., thrownError: ..., __isAsync: ..., destroyRef: ..., pendingTasks: ...}, _onDisabledChange: [], defaultValue: null, _onChange: [], _pendingValue: '', _pendingChange: false}, phoneNumber: FormControl{_pendingDirty: false, _hasOwnPendingAsyncValidator: null, _pendingTouched: false, _onCollectionChange: () => { ... }, _updateOn: undefined, _parent: FormGroup{_pendingDirty: ..., _hasOwnPendingAsyncValidator: ..., _pendingTouched: ..., _onCollectionChange: ..., _updateOn: ..., _parent: ..., _asyncValidationSubscription: ..., _composedValidatorFn: ..., _composedAsyncValidatorFn: ..., _rawValidators: ..., _rawAsyncValidators: ..., value: ..., _status: ..., statusReactive: ..., errors: ..., _pristine: ..., pristineReactive: ..., _touched: ..., touchedReactive: ..., _events: ..., events: ..., valueChanges: ..., statusChanges: ..., _onDisabledChange: ..., controls: ...}, _asyncValidationSubscription: undefined, _composedValidatorFn: null, _composedAsyncValidatorFn: null, _rawValidators: null, _rawAsyncValidators: null, value: '', _status: [Computed: VALID], statusReactive: [Signal: VALID], errors: null, _pristine: [Computed: true], pristineReactive: [Signal: true], _touched: [Computed: false], touchedReactive: [Signal: false], _events: Subject{closed: ..., currentObservers: ..., observers: ..., isStopped: ..., hasError: ..., thrownError: ...}, events: Observable{source: ...}, valueChanges: EventEmitter_{closed: ..., currentObservers: ..., observers: ..., isStopped: ..., hasError: ..., thrownError: ..., __isAsync: ..., destroyRef: ..., pendingTasks: ...}, statusChanges: EventEmitter_{closed: ..., currentObservers: ..., observers: ..., isStopped: ..., hasError: ..., thrownError: ..., __isAsync: ..., destroyRef: ..., pendingTasks: ...}, _onDisabledChange: [...], defaultValue: null, _onChange: [...], _pendingValue: '', _pendingChange: false}, birthDate: FormControl{_pendingDirty: false, _hasOwnPendingAsyncValidator: null, _pendingTouched: false, _onCollectionChange: () => { ... }, _updateOn: undefined, _parent: FormGroup{_pendingDirty: ..., _hasOwnPendingAsyncValidator: ..., _pendingTouched: ..., _onCollectionChange: ..., _updateOn: ..., _parent: ..., _asyncValidationSubscription: ..., _composedValidatorFn: ..., _composedAsyncValidatorFn: ..., _rawValidators: ..., _rawAsyncValidators: ..., value: ..., _status: ..., statusReactive: ..., errors: ..., _pristine: ..., pristineReactive: ..., _touched: ..., touchedReactive: ..., _events: ..., events: ..., valueChanges: ..., statusChanges: ..., _onDisabledChange: ..., controls: ...}, _asyncValidationSubscription: undefined, _composedValidatorFn: null, _composedAsyncValidatorFn: null, _rawValidators: null, _rawAsyncValidators: null, value: '', _status: [Computed: VALID], statusReactive: [Signal: VALID], errors: null, _pristine: [Computed: true], pristineReactive: [Signal: true], _touched: [Computed: false], touchedReactive: [Signal: false], _events: Subject{closed: ..., currentObservers: ..., observers: ..., isStopped: ..., hasError: ..., thrownError: ...}, events: Observable{source: ...}, valueChanges: EventEmitter_{closed: ..., currentObservers: ..., observers: ..., isStopped: ..., hasError: ..., thrownError: ..., __isAsync: ..., destroyRef: ..., pendingTasks: ...}, statusChanges: EventEmitter_{closed: ..., currentObservers: ..., observers: ..., isStopped: ..., hasError: ..., thrownError: ..., __isAsync: ..., destroyRef: ..., pendingTasks: ...}, _onDisabledChange: [...], defaultValue: null, _onChange: [...], _pendingValue: '', _pendingChange: false}, classKey: FormControl{_pendingDirty: false, _hasOwnPendingAsyncValidator: null, _pendingTouched: false, _onCollectionChange: () => { ... }, _updateOn: undefined, _parent: FormGroup{_pendingDirty: ..., _hasOwnPendingAsyncValidator: ..., _pendingTouched: ..., _onCollectionChange: ..., _updateOn: ..., _parent: ..., _asyncValidationSubscription: ..., _composedValidatorFn: ..., _composedAsyncValidatorFn: ..., _rawValidators: ..., _rawAsyncValidators: ..., value: ..., _status: ..., statusReactive: ..., errors: ..., _pristine: ..., pristineReactive: ..., _touched: ..., touchedReactive: ..., _events: ..., events: ..., valueChanges: ..., statusChanges: ..., _onDisabledChange: ..., controls: ...}, _asyncValidationSubscription: undefined, _composedValidatorFn: null, _composedAsyncValidatorFn: null, _rawValidators: null, _rawAsyncValidators: null, value: '', _status: [Computed: VALID], statusReactive: [Signal: VALID], errors: null, _pristine: [Computed: true], pristineReactive: [Signal: true], _touched: [Computed: false], touchedReactive: [Signal: false], _events: Subject{closed: ..., currentObservers: ..., observers: ..., isStopped: ..., hasError: ..., thrownError: ...}, events: Observable{source: ...}, valueChanges: EventEmitter_{closed: ..., currentObservers: ..., observers: ..., isStopped: ..., hasError: ..., thrownError: ..., __isAsync: ..., destroyRef: ..., pendingTasks: ...}, statusChanges: EventEmitter_{closed: ..., currentObservers: ..., observers: ..., isStopped: ..., hasError: ..., thrownError: ..., __isAsync: ..., destroyRef: ..., pendingTasks: ...}, _onDisabledChange: [...], defaultValue: null, _onChange: [...], _pendingValue: '', _pendingChange: false}, classes: FormControl{_pendingDirty: false, _hasOwnPendingAsyncValidator: null, _pendingTouched: false, _onCollectionChange: () => { ... }, _updateOn: undefined, _parent: FormGroup{_pendingDirty: ..., _hasOwnPendingAsyncValidator: ..., _pendingTouched: ..., _onCollectionChange: ..., _updateOn: ..., _parent: ..., _asyncValidationSubscription: ..., _composedValidatorFn: ..., _composedAsyncValidatorFn: ..., _rawValidators: ..., _rawAsyncValidators: ..., value: ..., _status: ..., statusReactive: ..., errors: ..., _pristine: ..., pristineReactive: ..., _touched: ..., touchedReactive: ..., _events: ..., events: ..., valueChanges: ..., statusChanges: ..., _onDisabledChange: ..., controls: ...}, _asyncValidationSubscription: undefined, _composedValidatorFn: null, _composedAsyncValidatorFn: null, _rawValidators: null, _rawAsyncValidators: null, value: [], _status: [Computed: VALID], statusReactive: [Signal: VALID], errors: null, _pristine: [Computed: true], pristineReactive: [Signal: true], _touched: [Computed: false], touchedReactive: [Signal: false], _events: Subject{closed: ..., currentObservers: ..., observers: ..., isStopped: ..., hasError: ..., thrownError: ...}, events: Observable{source: ...}, valueChanges: EventEmitter_{closed: ..., currentObservers: ..., observers: ..., isStopped: ..., hasError: ..., thrownError: ..., __isAsync: ..., destroyRef: ..., pendingTasks: ...}, statusChanges: EventEmitter_{closed: ..., currentObservers: ..., observers: ..., isStopped: ..., hasError: ..., thrownError: ..., __isAsync: ..., destroyRef: ..., pendingTasks: ...}, _onDisabledChange: [], defaultValue: null, _onChange: [], _pendingValue: [], _pendingChange: false}}[39m
Chrome Headless 143.0.0.0 (Linux 0.0.0): Executed 107 of 131[31m (3 FAILED)[39m (0 secs / 9.077 secs)
LOG: 'Form controls after view init:', Object{firstName: FormControl{_pendingDirty: false, _hasOwnPendingAsyncValidator: null, _pendingTouched: false, _onCollectionChange: () => { ... }, _updateOn: undefined, _parent: FormGroup{_pendingDirty: ..., _hasOwnPendingAsyncValidator: ..., _pendingTouched: ..., _onCollectionChange: ..., _updateOn: ..., _parent: ..., _asyncValidationSubscription: ..., _composedValidatorFn: ..., _composedAsyncValidatorFn: ..., _rawValidators: ..., _rawAsyncValidators: ..., value: ..., _status: ..., statusReactive: ..., errors: ..., _pristine: ..., pristineReactive: ..., _touched: ..., touchedReactive: ..., _events: ..., events: ..., valueChanges: ..., statusChanges: ..., _onDisabledChange: ..., controls: ...}, _asyncValidationSubscription: undefined, _composedValidatorFn: function (control) { ... }, _composedAsyncValidatorFn: null, _rawValidators: [...], _rawAsyncValidators: null, value: '', _status: [Computed: INVALID], statusReactive: [Signal: INVALID], errors: Object{required: ...}, _pristine: [Computed: true], pristineReactive: [Signal: true], _touched: [Computed: false], touchedReactive: [Signal: false], _events: Subject{closed: ..., currentObservers: ..., observers: ..., isStopped: ..., hasError: ..., thrownError: ...}, events: Observable{source: ...}, valueChanges: EventEmitter_{closed: ..., currentObservers: ..., observers: ..., isStopped: ..., hasError: ..., thrownError: ..., __isAsync: ..., destroyRef: ..., pendingTasks: ...}, statusChanges: EventEmitter_{closed: ..., currentObservers: ..., observers: ..., isStopped: ..., hasError: ..., thrownError: ..., __isAsync: ..., destroyRef: ..., pendingTasks: ...}, _onDisabledChange: [...], defaultValue: null, _onChange: [...], _pendingValue: '', _pendingChange: false}, lastName: FormControl{_pendingDirty: false, _hasOwnPendingAsyncValidator: null, _pendingTouched: false, _onCollectionChange: () => { ... }, _updateOn: undefined, _parent: FormGroup{_pendingDirty: ..., _hasOwnPendingAsyncValidator: ..., _pendingTouched: ..., _onCollectionChange: ..., _updateOn: ..., _parent: ..., _asyncValidationSubscription: ..., _composedValidatorFn: ..., _composedAsyncValidatorFn: ..., _rawValidators: ..., _rawAsyncValidators: ..., value: ..., _status: ..., statusReactive: ..., errors: ..., _pristine: ..., pristineReactive: ..., _touched: ..., touchedReactive: ..., _events: ..., events: ..., valueChanges: ..., statusChanges: ..., _onDisabledChange: ..., controls: ...}, _asyncValidationSubscription: undefined, _composedValidatorFn: function (control) { ... }, _composedAsyncValidatorFn: null, _rawValidators: [...], _rawAsyncValidators: null, value: '', _status: [Computed: INVALID], statusReactive: [Signal: INVALID], errors: Object{required: ...}, _pristine: [Computed: true], pristineReactive: [Signal: true], _touched: [Computed: false], touchedReactive: [Signal: false], _events: Subject{closed: ..., currentObservers: ..., observers: ..., isStopped: ..., hasError: ..., thrownError: ...}, events: Observable{source: ...}, valueChanges: EventEmitter_{closed: ..., currentObservers: ..., observers: ..., isStopped: ..., hasError: ..., thrownError: ..., __isAsync: ..., destroyRef: ..., pendingTasks: ...}, statusChanges: EventEmitter_{closed: ..., currentObservers: ..., observers: ..., isStopped: ..., hasError: ..., thrownError: ..., __isAsync: ..., destroyRef: ..., pendingTasks: ...}, _onDisabledChange: [...], defaultValue: null, _onChange: [...], _pendingValue: '', _pendingChange: false}, userName: FormControl{_pendingDirty: false, _hasOwnPendingAsyncValidator: null, _pendingTouched: false, _onCollectionChange: () => { ... }, _updateOn: undefined, _parent: FormGroup{_pendingDirty: ..., _hasOwnPendingAsyncValidator: ..., _pendingTouched: ..., _onCollectionChange: ..., _updateOn: ..., _parent: ..., _asyncValidationSubscription: ..., _composedValidatorFn: ..., _composedAsyncValidatorFn: ..., _rawValidators: ..., _rawAsyncValidators: ..., value: ..., _status: ..., statusReactive: ..., errors: ..., _pristine: ..., pristineReactive: ..., _touched: ..., touchedReactive: ..., _events: ..., events: ..., valueChanges: ..., statusChanges: ..., _onDisabledChange: ..., controls: ...}, _asyncValidationSubscription: undefined, _composedValidatorFn: null, _composedAsyncValidatorFn: null, _rawValidators: null, _rawAsyncValidators: null, value: '', _status: [Computed: VALID], statusReactive: [Signal: VALID], errors: null, _pristine: [Computed: true], pristineReactive: [Signal: true], _touched: [Computed: false], touchedReactive: [Signal: false], _events: Subject{closed: ..., currentObservers: ..., observers: ..., isStopped: ..., hasError: ..., thrownError: ...}, events: Observable{source: ...}, valueChanges: EventEmitter_{closed: ..., currentObservers: ..., observers: ..., isStopped: ..., hasError: ..., thrownError: ..., __isAsync: ..., destroyRef: ..., pendingTasks: ...}, statusChanges: EventEmitter_{closed: ..., currentObservers: ..., observers: ..., isStopped: ..., hasError: ..., thrownError: ..., __isAsync: ..., destroyRef: ..., pendingTasks: ...}, _onDisabledChange: [...], defaultValue: null, _onChange: [...], _pendingValue: '', _pendingChange: false}, email: FormControl{_pendingDirty: false, _hasOwnPendingAsyncValidator: null, _pendingTouched: false, _onCollectionChange: () => { ... }, _updateOn: undefined, _parent: FormGroup{_pendingDirty: ..., _hasOwnPendingAsyncValidator: ..., _pendingTouched: ..., _onCollectionChange: ..., _updateOn: ..., _parent: ..., _asyncValidationSubscription: ..., _composedValidatorFn: ..., _composedAsyncValidatorFn: ..., _rawValidators: ..., _rawAsyncValidators: ..., value: ..., _status: ..., statusReactive: ..., errors: ..., _pristine: ..., pristineReactive: ..., _touched: ..., touchedReactive: ..., _events: ..., events: ..., valueChanges: ..., statusChanges: ..., _onDisabledChange: ..., controls: ...}, _asyncValidationSubscription: undefined, _composedValidatorFn: function (control) { ... }, _composedAsyncValidatorFn: null, _rawValidators: [...], _rawAsyncValidators: null, value: '', _status: [Computed: INVALID], statusReactive: [Signal: INVALID], errors: Object{required: ...}, _pristine: [Computed: true], pristineReactive: [Signal: true], _touched: [Computed: false], touchedReactive: [Signal: false], _events: Subject{closed: ..., currentObservers: ..., observers: ..., isStopped: ..., hasError: ..., thrownError: ...}, events: Observable{source: ...}, valueChanges: EventEmitter_{closed: ..., currentObservers: ..., observers: ..., isStopped: ..., hasError: ..., thrownError: ..., __isAsync: ..., destroyRef: ..., pendingTasks: ...}, statusChanges: EventEmitter_{closed: ..., currentObservers: ..., observers: ..., isStopped: ..., hasError: ..., thrownError: ..., __isAsync: ..., destroyRef: ..., pendingTasks: ...}, _onDisabledChange: [...], defaultValue: null, _onChange: [...], _pendingValue: '', _pendingChange: false}, role: FormControl{_pendingDirty: false, _hasOwnPendingAsyncValidator: null, _pendingTouched: false, _onCollectionChange: () => { ... }, _updateOn: undefined, _parent: FormGroup{_pendingDirty: ..., _hasOwnPendingAsyncValidator: ..., _pendingTouched: ..., _onCollectionChange: ..., _updateOn: ..., _parent: ..., _asyncValidationSubscription: ..., _composedValidatorFn: ..., _composedAsyncValidatorFn: ..., _rawValidators: ..., _rawAsyncValidators: ..., value: ..., _status: ..., statusReactive: ..., errors: ..., _pristine: ..., pristineReactive: ..., _touched: ..., touchedReactive: ..., _events: ..., events: ..., valueChanges: ..., statusChanges: ..., _onDisabledChange: ..., controls: ...}, _asyncValidationSubscription: undefined, _composedValidatorFn: null, _composedAsyncValidatorFn: null, _rawValidators: null, _rawAsyncValidators: null, value: 3, _status: [Computed: VALID], statusReactive: [Signal: VALID], errors: null, _pristine: [Computed: true], pristineReactive: [Signal: true], _touched: [Computed: false], touchedReactive: [Signal: false], _events: Subject{closed: ..., currentObservers: ..., observers: ..., isStopped: ..., hasError: ..., thrownError: ...}, events: Observable{source: ...}, valueChanges: EventEmitter_{closed: ..., currentObservers: ..., observers: ..., isStopped: ..., hasError: ..., thrownError: ..., __isAsync: ..., destroyRef: ..., pendingTasks: ...}, statusChanges: EventEmitter_{closed: ..., currentObservers: ..., observers: ..., isStopped: ..., hasError: ..., thrownError: ..., __isAsync: ..., destroyRef: ..., pendingTasks: ...}, _onDisabledChange: [...], defaultValue: null, _onChange: [...], _pendingValue: 3, _pendingChange: false}, DVA: FormControl{_pendingDirty: false, _hasOwnPendingAsyncValidator: null, _pendingTouched: false, _onCollectionChange: () => { ... }, _updateOn: undefined, _parent: FormGroup{_pendingDirty: ..., _hasOwnPendingAsyncValidator: ..., _pendingTouched: ..., _onCollectionChange: ..., _updateOn: ..., _parent: ..., _asyncValidationSubscription: ..., _composedValidatorFn: ..., _composedAsyncValidatorFn: ..., _rawValidators: ..., _rawAsyncValidators: ..., value: ..., _status: ..., statusReactive: ..., errors: ..., _pristine: ..., pristineReactive: ..., _touched: ..., touchedReactive: ..., _events: ..., events: ..., valueChanges: ..., statusChanges: ..., _onDisabledChange: ..., controls: ...}, _asyncValidationSubscription: undefined, _composedValidatorFn: null, _composedAsyncValidatorFn: null, _rawValidators: null, _rawAsyncValidators: null, value: false, _status: [Computed: VALID], statusReactive: [Signal: VALID], errors: null, _pristine: [Computed: true], pristineReactive: [Signal: true], _touched: [Computed: false], touchedReactive: [Signal: false], _events: Subject{closed: ..., currentObservers: ..., observers: ..., isStopped: ..., hasError: ..., thrownError: ...}, events: Observable{source: ...}, valueChanges: EventEmitter_{closed: ..., currentObservers: ..., observers: ..., isStopped: ..., hasError: ..., thrownError: ..., __isAsync: ..., destroyRef: ..., pendingTasks: ...}, statusChanges: EventEmitter_{closed: ..., currentObservers: ..., observers: ..., isStopped: ..., hasError: ..., thrownError: ..., __isAsync: ..., destroyRef: ..., pendingTasks: ...}, _onDisabledChange: [...], defaultValue: null, _onChange: [...], _pendingValue: false, _pendingChange: false}, DSA: FormControl{_pendingDirty: false, _hasOwnPendingAsyncValidator: null, _pendingTouched: false, _onCollectionChange: () => { ... }, _updateOn: undefined, _parent: FormGroup{_pendingDirty: ..., _hasOwnPendingAsyncValidator: ..., _pendingTouched: ..., _onCollectionChange: ..., _updateOn: ..., _parent: ..., _asyncValidationSubscription: ..., _composedValidatorFn: ..., _composedAsyncValidatorFn: ..., _rawValidators: ..., _rawAsyncValidators: ..., value: ..., _status: ..., statusReactive: ..., errors: ..., _pristine: ..., pristineReactive: ..., _touched: ..., touchedReactive: ..., _events: ..., events: ..., valueChanges: ..., statusChanges: ..., _onDisabledChange: ..., controls: ...}, _asyncValidationSubscription: undefined, _composedValidatorFn: null, _composedAsyncValidatorFn: null, _rawValidators: null, _rawAsyncValidators: null, value: false, _status: [Computed: VALID], statusReactive: [Signal: VALID], errors: null, _pristine: [Computed: true], pristineReactive: [Signal: true], _touched: [Computed: false], touchedReactive: [Signal: false], _events: Subject{closed: ..., currentObservers: ..., observers: ..., isStopped: ..., hasError: ..., thrownError: ...}, events: Observable{source: ...}, valueChanges: EventEmitter_{closed: ..., currentObservers: ..., observers: ..., isStopped: ..., hasError: ..., thrownError: ..., __isAsync: ..., destroyRef: ..., pendingTasks: ...}, statusChanges: EventEmitter_{closed: ..., currentObservers: ..., observers: ..., isStopped: ..., hasError: ..., thrownError: ..., __isAsync: ..., destroyRef: ..., pendingTasks: ...}, _onDisabledChange: [...], defaultValue: null, _onChange: [...], _pendingValue: false, _pendingChange: false}, BES: FormControl{_pendingDirty: false, _hasOwnPendingAsyncValidator: null, _pendingTouched: false, _onCollectionChange: () => { ... }, _updateOn: undefined, _parent: FormGroup{_pendingDirty: ..., _hasOwnPendingAsyncValidator: ..., _pendingTouched: ..., _onCollectionChange: ..., _updateOn: ..., _parent: ..., _asyncValidationSubscription: ..., _composedValidatorFn: ..., _composedAsyncValidatorFn: ..., _rawValidators: ..., _rawAsyncValidators: ..., value: ..., _status: ..., statusReactive: ..., errors: ..., _pristine: ..., pristineReactive: ..., _touched: ..., touchedReactive: ..., _events: ..., events: ..., valueChanges: ..., statusChanges: ..., _onDisabledChange: ..., controls: ...}, _asyncValidationSubscription: undefined, _composedValidatorFn: null, _composedAsyncValidatorFn: null, _rawValidators: null, _rawAsyncValidators: null, value: false, _status: [Computed: VALID], statusReactive: [Signal: VALID], errors: null, _pristine: [Computed: true], pristineReactive: [Signal: true], _touched: [Computed: false], touchedReactive: [Signal: false], _events: Subject{closed: ..., currentObservers: ..., observers: ..., isStopped: ..., hasError: ..., thrownError: ...}, events: Observable{source: ...}, valueChanges: EventEmitter_{closed: ..., currentObservers: ..., observers: ..., isStopped: ..., hasError: ..., thrownError: ..., __isAsync: ..., destroyRef: ..., pendingTasks: ...}, statusChanges: EventEmitter_{closed: ..., currentObservers: ..., observers: ..., isStopped: ..., hasError: ..., thrownError: ..., __isAsync: ..., destroyRef: ..., pendingTasks: ...}, _onDisabledChange: [...], defaultValue: null, _onChange: [...], _pendingValue: false, _pendingChange: false}, ADHD: FormControl{_pendingDirty: false, _hasOwnPendingAsyncValidator: null, _pendingTouched: false, _onCollectionChange: () => { ... }, _updateOn: undefined, _parent: FormGroup{_pendingDirty: ..., _hasOwnPendingAsyncValidator: ..., _pendingTouched: ..., _onCollectionChange: ..., _updateOn: ..., _parent: ..., _asyncValidationSubscription: ..., _composedValidatorFn: ..., _composedAsyncValidatorFn: ..., _rawValidators: ..., _rawAsyncValidators: ..., value: ..., _status: ..., statusReactive: ..., errors: ..., _pristine: ..., pristineReactive: ..., _touched: ..., touchedReactive: ..., _events: ..., events: ..., valueChanges: ..., statusChanges: ..., _onDisabledChange: ..., controls: ...}, _asyncValidationSubscription: undefined, _composedValidatorFn: null, _composedAsyncValidatorFn: null, _rawValidators: null, _rawAsyncValidators: null, value: false, _status: [Computed: VALID], statusReactive: [Signal: VALID], errors: null, _pristine: [Computed: true], pristineReactive: [Signal: true], _touched: [Computed: false], touchedReactive: [Signal: false], _events: Subject{closed: ..., currentObservers: ..., observers: ..., isStopped: ..., hasError: ..., thrownError: ...}, events: Observable{source: ...}, valueChanges: EventEmitter_{closed: ..., currentObservers: ..., observers: ..., isStopped: ..., hasError: ..., thrownError: ..., __isAsync: ..., destroyRef: ..., pendingTasks: ...}, statusChanges: EventEmitter_{closed: ..., currentObservers: ..., observers: ..., isStopped: ..., hasError: ..., thrownError: ..., __isAsync: ..., destroyRef: ..., pendingTasks: ...}, _onDisabledChange: [...], defaultValue: null, _onChange: [...], _pendingValue: false, _pendingChange: false}, noteDisabilita: FormControl{_pendingDirty: false, _hasOwnPendingAsyncValidator: null, _pendingTouched: false, _onCollectionChange: () => { ... }, _updateOn: undefined, _parent: FormGroup{_pendingDirty: ..., _hasOwnPendingAsyncValidator: ..., _pendingTouched: ..., _onCollectionChange: ..., _updateOn: ..., _parent: ..., _asyncValidationSubscription: ..., _composedValidatorFn: ..., _composedAsyncValidatorFn: ..., _rawValidators: ..., _rawAsyncValidators: ..., value: ..., _status: ..., statusReactive: ..., errors: ..., _pristine: ..., pristineReactive: ..., _touched: ..., touchedReactive: ..., _events: ..., events: ..., valueChanges: ..., statusChanges: ..., _onDisabledChange: ..., controls: ...}, _asyncValidationSubscription: undefined, _composedValidatorFn: null, _composedAsyncValidatorFn: null, _rawValidators: null, _rawAsyncValidators: null, value: '', _status: [Computed: VALID], statusReactive: [Signal: VALID], errors: null, _pristine: [Computed: true], pristineReactive: [Signal: true], _touched: [Computed: false], touchedReactive: [Signal: false], _events: Subject{closed: ..., currentObservers: ..., observers: ..., isStopped: ..., hasError: ..., thrownError: ...}, events: Observable{source: ...}, valueChanges: EventEmitter_{closed: ..., currentObservers: ..., observers: ..., isStopped: ..., hasError: ..., thrownError: ..., __isAsync: ..., destroyRef: ..., pendingTasks: ...}, statusChanges: EventEmitter_{closed: ..., currentObservers: ..., observers: ..., isStopped: ..., hasError: ..., thrownError: ..., __isAsync: ..., destroyRef: ..., pendingTasks: ...}, _onDisabledChange: [...], defaultValue: null, _onChange: [...], _pendingValue: '', _pendingChange: false}, pdpUrl: FormControl{_pendingDirty: false, _hasOwnPendingAsyncValidator: null, _pendingTouched: false, _onCollectionChange: () => { ... }, _updateOn: undefined, _parent: FormGroup{_pendingDirty: ..., _hasOwnPendingAsyncValidator: ..., _pendingTouched: ..., _onCollectionChange: ..., _updateOn: ..., _parent: ..., _asyncValidationSubscription: ..., _composedValidatorFn: ..., _composedAsyncValidatorFn: ..., _rawValidators: ..., _rawAsyncValidators: ..., value: ..., _status: ..., statusReactive: ..., errors: ..., _pristine: ..., pristineReactive: ..., _touched: ..., touchedReactive: ..., _events: ..., events: ..., valueChanges: ..., statusChanges: ..., _onDisabledChange: ..., controls: ...}, _asyncValidationSubscription: undefined, _composedValidatorFn: null, _composedAsyncValidatorFn: null, _rawValidators: null, _rawAsyncValidators: null, value: '', _status: [Computed: VALID], statusReactive: [Signal: VALID], errors: null, _pristine: [Computed: true], pristineReactive: [Signal: true], _touched: [Computed: false], touchedReactive: [Signal: false], _events: Subject{closed: ..., currentObservers: ..., observers: ..., isStopped: ..., hasError: ..., thrownError: ...}, events: Observable{source: ...}, valueChanges: EventEmitter_{closed: ..., currentObservers: ..., observers: ..., isStopped: ..., hasError: ..., thrownError: ..., __isAsync: ..., destroyRef: ..., pendingTasks: ...}, statusChanges: EventEmitter_{closed: ..., currentObservers: ..., observers: ..., isStopped: ..., hasError: ..., thrownError: ..., __isAsync: ..., destroyRef: ..., pendingTasks: ...}, _onDisabledChange: [], defaultValue: null, _onChange: [], _pendingValue: '', _pendingChange: false}, phoneNumber: FormControl{_pendingDirty: false, _hasOwnPendingAsyncValidator: null, _pendingTouched: false, _onCollectionChange: () => { ... }, _updateOn: undefined, _parent: FormGroup{_pendingDirty: ..., _hasOwnPendingAsyncValidator: ..., _pendingTouched: ..., _onCollectionChange: ..., _updateOn: ..., _parent: ..., _asyncValidationSubscription: ..., _composedValidatorFn: ..., _composedAsyncValidatorFn: ..., _rawValidators: ..., _rawAsyncValidators: ..., value: ..., _status: ..., statusReactive: ..., errors: ..., _pristine: ..., pristineReactive: ..., _touched: ..., touchedReactive: ..., _events: ..., events: ..., valueChanges: ..., statusChanges: ..., _onDisabledChange: ..., controls: ...}, _asyncValidationSubscription: undefined, _composedValidatorFn: null, _composedAsyncValidatorFn: null, _rawValidators: null, _rawAsyncValidators: null, value: '', _status: [Computed: VALID], statusReactive: [Signal: VALID], errors: null, _pristine: [Computed: true], pristineReactive: [Signal: true], _touched: [Computed: false], touchedReactive: [Signal: false], _events: Subject{closed: ..., currentObservers: ..., observers: ..., isStopped: ..., hasError: ..., thrownError: ...}, events: Observable{source: ...}, valueChanges: EventEmitter_{closed: ..., currentObservers: ..., observers: ..., isStopped: ..., hasError: ..., thrownError: ..., __isAsync: ..., destroyRef: ..., pendingTasks: ...}, statusChanges: EventEmitter_{closed: ..., currentObservers: ..., observers: ..., isStopped: ..., hasError: ..., thrownError: ..., __isAsync: ..., destroyRef: ..., pendingTasks: ...}, _onDisabledChange: [...], defaultValue: null, _onChange: [...], _pendingValue: '', _pendingChange: false}, birthDate: FormControl{_pendingDirty: false, _hasOwnPendingAsyncValidator: null, _pendingTouched: false, _onCollectionChange: () => { ... }, _updateOn: undefined, _parent: FormGroup{_pendingDirty: ..., _hasOwnPendingAsyncValidator: ..., _pendingTouched: ..., _onCollectionChange: ..., _updateOn: ..., _parent: ..., _asyncValidationSubscription: ..., _composedValidatorFn: ..., _composedAsyncValidatorFn: ..., _rawValidators: ..., _rawAsyncValidators: ..., value: ..., _status: ..., statusReactive: ..., errors: ..., _pristine: ..., pristineReactive: ..., _touched: ..., touchedReactive: ..., _events: ..., events: ..., valueChanges: ..., statusChanges: ..., _onDisabledChange: ..., controls: ...}, _asyncValidationSubscription: undefined, _composedValidatorFn: null, _composedAsyncValidatorFn: null, _rawValidators: null, _rawAsyncValidators: null, value: '', _status: [Computed: VALID], statusReactive: [Signal: VALID], errors: null, _pristine: [Computed: true], pristineReactive: [Signal: true], _touched: [Computed: false], touchedReactive: [Signal: false], _events: Subject{closed: ..., currentObservers: ..., observers: ..., isStopped: ..., hasError: ..., thrownError: ...}, events: Observable{source: ...}, valueChanges: EventEmitter_{closed: ..., currentObservers: ..., observers: ..., isStopped: ..., hasError: ..., thrownError: ..., __isAsync: ..., destroyRef: ..., pendingTasks: ...}, statusChanges: EventEmitter_{closed: ..., currentObservers: ..., observers: ..., isStopped: ..., hasError: ..., thrownError: ..., __isAsync: ..., destroyRef: ..., pendingTasks: ...}, _onDisabledChange: [...], defaultValue: null, _onChange: [...], _pendingValue: '', _pendingChange: false}, classKey: FormControl{_pendingDirty: false, _hasOwnPendingAsyncValidator: null, _pendingTouched: false, _onCollectionChange: () => { ... }, _updateOn: undefined, _parent: FormGroup{_pendingDirty: ..., _hasOwnPendingAsyncValidator: ..., _pendingTouched: ..., _onCollectionChange: ..., _updateOn: ..., _parent: ..., _asyncValidationSubscription: ..., _composedValidatorFn: ..., _composedAsyncValidatorFn: ..., _rawValidators: ..., _rawAsyncValidators: ..., value: ..., _status: ..., statusReactive: ..., errors: ..., _pristine: ..., pristineReactive: ..., _touched: ..., touchedReactive: ..., _events: ..., events: ..., valueChanges: ..., statusChanges: ..., _onDisabledChange: ..., controls: ...}, _asyncValidationSubscription: undefined, _composedValidatorFn: null, _composedAsyncValidatorFn: null, _rawValidators: null, _rawAsyncValidators: null, value: '', _status: [Computed: VALID], statusReactive: [Signal: VALID], errors: null, _pristine: [Computed: true], pristineReactive: [Signal: true], _touched: [Computed: false], touchedReactive: [Signal: false], _events: Subject{closed: ..., currentObservers: ..., observers: ..., isStopped: ..., hasError: ..., thrownError: ...}, events: Observable{source: ...}, valueChanges: EventEmitter_{closed: ..., currentObservers: ..., observers: ..., isStopped: ..., hasError: ..., thrownError: ..., __isAsync: ..., destroyRef: ..., pendingTasks: ...}, statusChanges: EventEmitter_{closed: ..., currentObservers: ..., observers: ..., isStopped: ..., hasError: ..., thrownError: ..., __isAsync: ..., destroyRef: ..., pendingTasks: ...}, _onDisabledChange: [...], defaultValue: null, _onChange: [...], _pendingValue: '', _pendingChange: false}, classes: FormControl{_pendingDirty: false, _hasOwnPendingAsyncValidator: null, _pendingTouched: false, _onCollectionChange: () => { ... }, _updateOn: undefined, _parent: FormGroup{_pendingDirty: ..., _hasOwnPendingAsyncValidator: ..., _pendingTouched: ..., _onCollectionChange: ..., _updateOn: ..., _parent: ..., _asyncValidationSubscription: ..., _composedValidatorFn: ..., _composedAsyncValidatorFn: ..., _rawValidators: ..., _rawAsyncValidators: ..., value: ..., _status: ..., statusReactive: ..., errors: ..., _pristine: ..., pristineReactive: ..., _touched: ..., touchedReactive: ..., _events: ..., events: ..., valueChanges: ..., statusChanges: ..., _onDisabledChange: ..., controls: ...}, _asyncValidationSubscription: undefined, _composedValidatorFn: null, _composedAsyncValidatorFn: null, _rawValidators: null, _rawAsyncValidators: null, value: [], _status: [Computed: VALID], statusReactive: [Signal: VALID], errors: null, _pristine: [Computed: true], pristineReactive: [Signal: true], _touched: [Computed: false], touchedReactive: [Signal: false], _events: Subject{closed: ..., currentObservers: ..., observers: ..., isStopped: ..., hasError: ..., thrownError: ...}, events: Observable{source: ...}, valueChanges: EventEmitter_{closed: ..., currentObservers: ..., observers: ..., isStopped: ..., hasError: ..., thrownError: ..., __isAsync: ..., destroyRef: ..., pendingTasks: ...}, statusChanges: EventEmitter_{closed: ..., currentObservers: ..., observers: ..., isStopped: ..., hasError: ..., thrownError: ..., __isAsync: ..., destroyRef: ..., pendingTasks: ...}, _onDisabledChange: [], defaultValue: null, _onChange: [], _pendingValue: [], _pendingChange: false}}
[1A[2KLOG: [36m'logged user*', UserModel{key: '', birthDate: '', email: '', firstName: '', DSA: false, DVA: false, BES: false, ADHD: false, noteDisabilita: '', pdpUrl: [], lastName: '', password: '', classKey: '', phoneNumber: '', role: 3, userName: '', assignedClasses: [], classesKey: []}[39m
Chrome Headless 143.0.0.0 (Linux 0.0.0): Executed 107 of 131[31m (3 FAILED)[39m (0 secs / 9.077 secs)
LOG: 'logged user*', UserModel{key: '', birthDate: '', email: '', firstName: '', DSA: false, DVA: false, BES: false, ADHD: false, noteDisabilita: '', pdpUrl: [], lastName: '', password: '', classKey: '', phoneNumber: '', role: 3, userName: '', assignedClasses: [], classesKey: []}
[1A[2KLOG: [36m'elenco classi*', [][39m
Chrome Headless 143.0.0.0 (Linux 0.0.0): Executed 107 of 131[31m (3 FAILED)[39m (0 secs / 9.077 secs)
LOG: 'elenco classi*', []
[1A[2KLOG: [36m'User input changed on effect*:', UserModel{key: '', birthDate: '', email: '', firstName: '', DSA: false, DVA: false, BES: false, ADHD: false, noteDisabilita: '', pdpUrl: [], lastName: '', password: '', classKey: '', phoneNumber: '', role: 3, userName: '', assignedClasses: [], classesKey: []}[39m
Chrome Headless 143.0.0.0 (Linux 0.0.0): Executed 107 of 131[31m (3 FAILED)[39m (0 secs / 9.077 secs)
LOG: 'User input changed on effect*:', UserModel{key: '', birthDate: '', email: '', firstName: '', DSA: false, DVA: false, BES: false, ADHD: false, noteDisabilita: '', pdpUrl: [], lastName: '', password: '', classKey: '', phoneNumber: '', role: 3, userName: '', assignedClasses: [], classesKey: []}
[1A[2KLOG: [36m'Form values after timeout:', Object{firstName: '', lastName: '', userName: '', email: '', role: 3, DVA: false, DSA: false, BES: false, ADHD: false, noteDisabilita: '', pdpUrl: '', phoneNumber: '', birthDate: '', classKey: '', classes: []}[39m
Chrome Headless 143.0.0.0 (Linux 0.0.0): Executed 107 of 131[31m (3 FAILED)[39m (0 secs / 9.077 secs)
LOG: 'Form values after timeout:', Object{firstName: '', lastName: '', userName: '', email: '', role: 3, DVA: false, DSA: false, BES: false, ADHD: false, noteDisabilita: '', pdpUrl: '', phoneNumber: '', birthDate: '', classKey: '', classes: []}
[1A[2KChrome Headless 143.0.0.0 (Linux 0.0.0): Executed 108 of 131[31m (3 FAILED)[39m (0 secs / 10.135 secs)
[1A[2KChrome Headless 143.0.0.0 (Linux 0.0.0): Executed 109 of 131[31m (3 FAILED)[39m (0 secs / 10.135 secs)
[1A[2KChrome Headless 143.0.0.0 (Linux 0.0.0): Executed 110 of 131[31m (3 FAILED)[39m (0 secs / 10.135 secs)
[1A[2KChrome Headless 143.0.0.0 (Linux 0.0.0): Executed 111 of 131[31m (3 FAILED)[39m (0 secs / 10.135 secs)
[1A[2KChrome Headless 143.0.0.0 (Linux 0.0.0): Executed 112 of 131[31m (3 FAILED)[39m (0 secs / 10.176 secs)
[1A[2KLOG: [36m'Evaluation Key:', 'eval-123'[39m
Chrome Headless 143.0.0.0 (Linux 0.0.0): Executed 112 of 131[31m (3 FAILED)[39m (0 secs / 10.176 secs)
LOG: 'Evaluation Key:', 'eval-123'
[1A[2KLOG: [36m'evaluationData', Evaluation{key: '', description: '', note: '', data: '', subjectKey: '', lastUpdateDate: '', grid: Grids{key: '', nome: '', descrizione: '', indicatori: [], ownerKey: ''}, gridsKey: '', classKey: '', studentKey: '', teacherKey: '', activityKey: ''}[39m
Chrome Headless 143.0.0.0 (Linux 0.0.0): Executed 112 of 131[31m (3 FAILED)[39m (0 secs / 10.176 secs)
LOG: 'evaluationData', Evaluation{key: '', description: '', note: '', data: '', subjectKey: '', lastUpdateDate: '', grid: Grids{key: '', nome: '', descrizione: '', indicatori: [], ownerKey: ''}, gridsKey: '', classKey: '', studentKey: '', teacherKey: '', activityKey: ''}
[1A[2KLOG: [36m'evaluation', Evaluation{key: '', description: '', note: '', data: '', subjectKey: '', lastUpdateDate: '', grid: Grids{key: '', nome: '', descrizione: '', indicatori: [], ownerKey: ''}, gridsKey: '', classKey: '', studentKey: '', teacherKey: '', activityKey: ''}[39m
Chrome Headless 143.0.0.0 (Linux 0.0.0): Executed 112 of 131[31m (3 FAILED)[39m (0 secs / 10.176 secs)
LOG: 'evaluation', Evaluation{key: '', description: '', note: '', data: '', subjectKey: '', lastUpdateDate: '', grid: Grids{key: '', nome: '', descrizione: '', indicatori: [], ownerKey: ''}, gridsKey: '', classKey: '', studentKey: '', teacherKey: '', activityKey: ''}
[1A[2KLOG: [36m'show spinner', false[39m
Chrome Headless 143.0.0.0 (Linux 0.0.0): Executed 112 of 131[31m (3 FAILED)[39m (0 secs / 10.176 secs)
LOG: 'show spinner', false
[1A[2KLOG: [36m'evaluation', Evaluation{key: '', description: '', note: '', data: '', subjectKey: '', lastUpdateDate: '', grid: Grids{key: '', nome: '', descrizione: '', indicatori: [], ownerKey: ''}, gridsKey: '', classKey: '', studentKey: '', teacherKey: '', activityKey: ''}[39m
Chrome Headless 143.0.0.0 (Linux 0.0.0): Executed 112 of 131[31m (3 FAILED)[39m (0 secs / 10.176 secs)
LOG: 'evaluation', Evaluation{key: '', description: '', note: '', data: '', subjectKey: '', lastUpdateDate: '', grid: Grids{key: '', nome: '', descrizione: '', indicatori: [], ownerKey: ''}, gridsKey: '', classKey: '', studentKey: '', teacherKey: '', activityKey: ''}
[1A[2KChrome Headless 143.0.0.0 (Linux 0.0.0): Executed 113 of 131[31m (3 FAILED)[39m (0 secs / 10.223 secs)
[1A[2KChrome Headless 143.0.0.0 (Linux 0.0.0): Executed 114 of 131[31m (3 FAILED)[39m (0 secs / 10.246 secs)
[1A[2KLOG: [36m'ngOnInit - classi*:', [][39m
Chrome Headless 143.0.0.0 (Linux 0.0.0): Executed 114 of 131[31m (3 FAILED)[39m (0 secs / 10.246 secs)
LOG: 'ngOnInit - classi*:', []
[1A[2KLOG: [36m'Effect - classi aggiornate:', [][39m
Chrome Headless 143.0.0.0 (Linux 0.0.0): Executed 114 of 131[31m (3 FAILED)[39m (0 secs / 10.246 secs)
LOG: 'Effect - classi aggiornate:', []
[1A[2KChrome Headless 143.0.0.0 (Linux 0.0.0): Executed 115 of 131[31m (3 FAILED)[39m (0 secs / 10.283 secs)
[1A[2KLOG: [36m'constructor ReservedNotes4studentComponent'[39m
Chrome Headless 143.0.0.0 (Linux 0.0.0): Executed 115 of 131[31m (3 FAILED)[39m (0 secs / 10.283 secs)
LOG: 'constructor ReservedNotes4studentComponent'
[1A[2KWARN: [36m'[Ionicons Warning]: Multiple icons were mapped to name "sparkles". Ensure that multiple icons are not mapped to the same icon name.'[39m
Chrome Headless 143.0.0.0 (Linux 0.0.0): Executed 115 of 131[31m (3 FAILED)[39m (0 secs / 10.283 secs)
WARN: '[Ionicons Warning]: Multiple icons were mapped to name "sparkles". Ensure that multiple icons are not mapped to the same icon name.'
[1A[2KLOG: [36m'ngOnInit ReservedNotes4studentComponent'[39m
Chrome Headless 143.0.0.0 (Linux 0.0.0): Executed 115 of 131[31m (3 FAILED)[39m (0 secs / 10.283 secs)
LOG: 'ngOnInit ReservedNotes4studentComponent'
[1A[2KLOG: [36m'studentkey', ''[39m
Chrome Headless 143.0.0.0 (Linux 0.0.0): Executed 115 of 131[31m (3 FAILED)[39m (0 secs / 10.283 secs)
LOG: 'studentkey', ''
[1A[2KLOG: [36m'ownerkey', ''[39m
Chrome Headless 143.0.0.0 (Linux 0.0.0): Executed 115 of 131[31m (3 FAILED)[39m (0 secs / 10.283 secs)
LOG: 'ownerkey', ''
[1A[2KChrome Headless 143.0.0.0 (Linux 0.0.0): Executed 116 of 131[31m (3 FAILED)[39m (0 secs / 10.319 secs)
[1A[2KChrome Headless 143.0.0.0 (Linux 0.0.0): Executed 117 of 131[31m (3 FAILED)[39m (0 secs / 10.319 secs)
[1A[2KChrome Headless 143.0.0.0 (Linux 0.0.0): Executed 118 of 131[31m (3 FAILED)[39m (0 secs / 10.319 secs)
[1A[2KChrome Headless 143.0.0.0 (Linux 0.0.0): Executed 119 of 131[31m (3 FAILED)[39m (0 secs / 10.319 secs)
[1A[2KLOG: [36m'EvaluationDialogPage constructor'[39m
Chrome Headless 143.0.0.0 (Linux 0.0.0): Executed 119 of 131[31m (3 FAILED)[39m (0 secs / 10.319 secs)
LOG: 'EvaluationDialogPage constructor'
[1A[2KLOG: [36m'paramClassKey', null[39m
Chrome Headless 143.0.0.0 (Linux 0.0.0): Executed 119 of 131[31m (3 FAILED)[39m (0 secs / 10.319 secs)
LOG: 'paramClassKey', null
[1A[2KLOG: [36m'classKey', ''[39m
Chrome Headless 143.0.0.0 (Linux 0.0.0): Executed 119 of 131[31m (3 FAILED)[39m (0 secs / 10.319 secs)
LOG: 'classKey', ''
[1A[2KLOG: [36m'studentKey', ''[39m
Chrome Headless 143.0.0.0 (Linux 0.0.0): Executed 119 of 131[31m (3 FAILED)[39m (0 secs / 10.319 secs)
LOG: 'studentKey', ''
[1A[2KLOG: [36m'evaluationKey', ''[39m
Chrome Headless 143.0.0.0 (Linux 0.0.0): Executed 119 of 131[31m (3 FAILED)[39m (0 secs / 10.319 secs)
LOG: 'evaluationKey', ''
[1A[2KLOG: [36m'grid to show', [Model Signal: [object Object]][39m
Chrome Headless 143.0.0.0 (Linux 0.0.0): Executed 119 of 131[31m (3 FAILED)[39m (0 secs / 10.319 secs)
LOG: 'grid to show', [Model Signal: [object Object]]
[1A[2KLOG: [36m'grid', Grids{key: '', nome: '', descrizione: '', indicatori: [], ownerKey: ''}[39m
Chrome Headless 143.0.0.0 (Linux 0.0.0): Executed 119 of 131[31m (3 FAILED)[39m (0 secs / 10.319 secs)
LOG: 'grid', Grids{key: '', nome: '', descrizione: '', indicatori: [], ownerKey: ''}
[1A[2KLOG: [36m' teacherKey*', 'teacher1'[39m
Chrome Headless 143.0.0.0 (Linux 0.0.0): Executed 119 of 131[31m (3 FAILED)[39m (0 secs / 10.319 secs)
LOG: ' teacherKey*', 'teacher1'
[1A[2KLOG: [36m'init evaluation-dialog'[39m
Chrome Headless 143.0.0.0 (Linux 0.0.0): Executed 119 of 131[31m (3 FAILED)[39m (0 secs / 10.319 secs)
LOG: 'init evaluation-dialog'
[1A[2KLOG: [36m'evaluation', Evaluation{key: '', description: '', note: '', data: '', subjectKey: '', lastUpdateDate: '', grid: Grids{key: '', nome: '', descrizione: '', indicatori: [], ownerKey: ''}, gridsKey: '', classKey: '', studentKey: '', teacherKey: '', activityKey: '', toString: () => `[Input Signal: ${ ... }]`}[39m
Chrome Headless 143.0.0.0 (Linux 0.0.0): Executed 119 of 131[31m (3 FAILED)[39m (0 secs / 10.319 secs)
LOG: 'evaluation', Evaluation{key: '', description: '', note: '', data: '', subjectKey: '', lastUpdateDate: '', grid: Grids{key: '', nome: '', descrizione: '', indicatori: [], ownerKey: ''}, gridsKey: '', classKey: '', studentKey: '', teacherKey: '', activityKey: '', toString: () => `[Input Signal: ${ ... }]`}
[1A[2KChrome Headless 143.0.0.0 (Linux 0.0.0): Executed 120 of 131[31m (3 FAILED)[39m (0 secs / 11.373 secs)
[1A[2KChrome Headless 143.0.0.0 (Linux 0.0.0): Executed 121 of 131[31m (3 FAILED)[39m (0 secs / 11.416 secs)
[1A[2KChrome Headless 143.0.0.0 (Linux 0.0.0): Executed 122 of 131[31m (3 FAILED)[39m (0 secs / 11.48 secs)
[1A[2KChrome Headless 143.0.0.0 (Linux 0.0.0): Executed 123 of 131[31m (3 FAILED)[39m (0 secs / 11.482 secs)
[1A[2KChrome Headless 143.0.0.0 (Linux 0.0.0): Executed 124 of 131[31m (3 FAILED)[39m (0 secs / 11.484 secs)
[1A[2KLOG: [36m'test-id', 'test-id', 'test-id'[39m
Chrome Headless 143.0.0.0 (Linux 0.0.0): Executed 124 of 131[31m (3 FAILED)[39m (0 secs / 11.484 secs)
LOG: 'test-id', 'test-id', 'test-id'
[1A[2KChrome Headless 143.0.0.0 (Linux 0.0.0): Executed 125 of 131[31m (3 FAILED)[39m (0 secs / 12.549 secs)
[1A[2KLOG: [36m'constructor ListStudent4classComponent#'[39m
Chrome Headless 143.0.0.0 (Linux 0.0.0): Executed 125 of 131[31m (3 FAILED)[39m (0 secs / 12.549 secs)
LOG: 'constructor ListStudent4classComponent#'
[1A[2KWARN: [36m'[Ionicons Warning]: Multiple icons were mapped to name "calendar". Ensure that multiple icons are not mapped to the same icon name.'[39m
Chrome Headless 143.0.0.0 (Linux 0.0.0): Executed 125 of 131[31m (3 FAILED)[39m (0 secs / 12.549 secs)
WARN: '[Ionicons Warning]: Multiple icons were mapped to name "calendar". Ensure that multiple icons are not mapped to the same icon name.'
[1A[2KLOG: [36m'e', TypeError: Failed to construct 'URL': Invalid base URL
TypeError: Failed to construct 'URL': Invalid base URL
    at getAssetPath (http://localhost:9877/_karma_webpack_/webpack:/node_modules/@stencil/core/internal/client/index.js:345:20)
    at getNamedUrl (http://localhost:9877/_karma_webpack_/webpack:/node_modules/@ionic/core/components/icon.js:47:28)
    at getUrl (http://localhost:9877/_karma_webpack_/webpack:/node_modules/@ionic/core/components/icon.js:27:16)
    at Icon.loadIcon (http://localhost:9877/_karma_webpack_/webpack:/node_modules/@ionic/core/components/icon.js:365:25)
    at cb (http://localhost:9877/_karma_webpack_/webpack:/node_modules/@ionic/core/components/icon.js:303:18)
    at Icon.waitUntilVisible (http://localhost:9877/_karma_webpack_/webpack:/node_modules/@ionic/core/components/icon.js:348:20)
    at Icon.call (http://localhost:9877/_karma_webpack_/webpack:/node_modules/@ionic/core/components/icon.js:301:14)
    at Icon.appendChild [as connectedCallback] (http://localhost:9877/_karma_webpack_/webpack:/node_modules/@stencil/core/internal/client/index.js:3987:35)
    at NoneEncapsulationDomRenderer.appendChild (http://localhost:9877/_karma_webpack_/webpack:/node_modules/@angular/platform-browser/fesm2022/dom_renderer.mjs:559:22)
    at nativeAppendChild (http://localhost:9877/_karma_webpack_/webpack:/node_modules/@angular/core/fesm2022/debug_node.mjs:6796:14)[39m
Chrome Headless 143.0.0.0 (Linux 0.0.0): Executed 125 of 131[31m (3 FAILED)[39m (0 secs / 12.549 secs)
LOG: 'e', TypeError: Failed to construct 'URL': Invalid base URL
TypeError: Failed to construct 'URL': Invalid base URL
    at getAssetPath (http://localhost:9877/_karma_webpack_/webpack:/node_modules/@stencil/core/internal/client/index.js:345:20)
    at getNamedUrl (http://localhost:9877/_karma_webpack_/webpack:/node_modules/@ionic/core/components/icon.js:47:28)
    at getUrl (http://localhost:9877/_karma_webpack_/webpack:/node_modules/@ionic/core/components/icon.js:27:16)
    at Icon.loadIcon (http://localhost:9877/_karma_webpack_/webpack:/node_modules/@ionic/core/components/icon.js:365:25)
    at cb (http://localhost:9877/_karma_webpack_/webpack:/node_modules/@ionic/core/components/icon.js:303:18)
    at Icon.waitUntilVisible (http://localhost:9877/_karma_webpack_/webpack:/node_modules/@ionic/core/components/icon.js:348:20)
    at Icon.call (http://localhost:9877/_karma_webpack_/webpack:/node_modules/@ionic/core/components/icon.js:301:14)
    at Icon.appendChild [as connectedCallback] (http://localhost:9877/_karma_webpack_/webpack:/node_modules/@stencil/core/internal/client/index.js:3987:35)
    at NoneEncapsulationDomRenderer.appendChild (http://localhost:9877/_karma_webpack_/webpack:/node_modules/@angular/platform-browser/fesm2022/dom_renderer.mjs:559:22)
    at nativeAppendChild (http://localhost:9877/_karma_webpack_/webpack:/node_modules/@angular/core/fesm2022/debug_node.mjs:6796:14)
[1A[2KWARN: [36m'[Ionicons Warning]: Could not load icon with name "cloud-upload". Ensure that the icon is registered using addIcons or that the icon SVG data is passed directly to the icon component.', <ion-icon _ngcontent-a-c1309039674="" slot="start" name="cloud-upload"></ion-icon>[39m
Chrome Headless 143.0.0.0 (Linux 0.0.0): Executed 125 of 131[31m (3 FAILED)[39m (0 secs / 12.549 secs)
WARN: '[Ionicons Warning]: Could not load icon with name "cloud-upload". Ensure that the icon is registered using addIcons or that the icon SVG data is passed directly to the icon component.', <ion-icon _ngcontent-a-c1309039674="" slot="start" name="cloud-upload"></ion-icon>
[1A[2KLOG: [36m'e', TypeError: Failed to construct 'URL': Invalid base URL
TypeError: Failed to construct 'URL': Invalid base URL
    at getAssetPath (http://localhost:9877/_karma_webpack_/webpack:/node_modules/@stencil/core/internal/client/index.js:345:20)
    at getNamedUrl (http://localhost:9877/_karma_webpack_/webpack:/node_modules/@ionic/core/components/icon.js:47:28)
    at getUrl (http://localhost:9877/_karma_webpack_/webpack:/node_modules/@ionic/core/components/icon.js:27:16)
    at Icon.loadIcon (http://localhost:9877/_karma_webpack_/webpack:/node_modules/@ionic/core/components/icon.js:365:25)
    at Icon.componentDidLoad (http://localhost:9877/_karma_webpack_/webpack:/node_modules/@ionic/core/components/icon.js:317:18)
    at safeCall (http://localhost:9877/_karma_webpack_/webpack:/node_modules/@stencil/core/internal/client/index.js:3362:30)
    at postUpdateComponent (http://localhost:9877/_karma_webpack_/webpack:/node_modules/@stencil/core/internal/client/index.js:3295:5)
    at postUpdate (http://localhost:9877/_karma_webpack_/webpack:/node_modules/@stencil/core/internal/client/index.js:3223:30)
    at http://localhost:9877/_karma_webpack_/webpack:/node_modules/@stencil/core/internal/client/index.js:3225:7
    at Generator.next (<anonymous>)[39m
Chrome Headless 143.0.0.0 (Linux 0.0.0): Executed 125 of 131[31m (3 FAILED)[39m (0 secs / 12.549 secs)
LOG: 'e', TypeError: Failed to construct 'URL': Invalid base URL
TypeError: Failed to construct 'URL': Invalid base URL
    at getAssetPath (http://localhost:9877/_karma_webpack_/webpack:/node_modules/@stencil/core/internal/client/index.js:345:20)
    at getNamedUrl (http://localhost:9877/_karma_webpack_/webpack:/node_modules/@ionic/core/components/icon.js:47:28)
    at getUrl (http://localhost:9877/_karma_webpack_/webpack:/node_modules/@ionic/core/components/icon.js:27:16)
    at Icon.loadIcon (http://localhost:9877/_karma_webpack_/webpack:/node_modules/@ionic/core/components/icon.js:365:25)
    at Icon.componentDidLoad (http://localhost:9877/_karma_webpack_/webpack:/node_modules/@ionic/core/components/icon.js:317:18)
    at safeCall (http://localhost:9877/_karma_webpack_/webpack:/node_modules/@stencil/core/internal/client/index.js:3362:30)
    at postUpdateComponent (http://localhost:9877/_karma_webpack_/webpack:/node_modules/@stencil/core/internal/client/index.js:3295:5)
    at postUpdate (http://localhost:9877/_karma_webpack_/webpack:/node_modules/@stencil/core/internal/client/index.js:3223:30)
    at http://localhost:9877/_karma_webpack_/webpack:/node_modules/@stencil/core/internal/client/index.js:3225:7
    at Generator.next (<anonymous>)
[1A[2KWARN: [36m'[Ionicons Warning]: Could not load icon with name "cloud-upload". Ensure that the icon is registered using addIcons or that the icon SVG data is passed directly to the icon component.', <ion-icon _ngcontent-a-c1309039674="" slot="start" name="cloud-upload" role="img" class="md hydrated"></ion-icon>[39m
Chrome Headless 143.0.0.0 (Linux 0.0.0): Executed 125 of 131[31m (3 FAILED)[39m (0 secs / 12.549 secs)
WARN: '[Ionicons Warning]: Could not load icon with name "cloud-upload". Ensure that the icon is registered using addIcons or that the icon SVG data is passed directly to the icon component.', <ion-icon _ngcontent-a-c1309039674="" slot="start" name="cloud-upload" role="img" class="md hydrated"></ion-icon>
[1A[2KChrome Headless 143.0.0.0 (Linux 0.0.0): Executed 126 of 131[31m (3 FAILED)[39m (0 secs / 12.777 secs)
[1A[2KChrome Headless 143.0.0.0 (Linux 0.0.0): Executed 127 of 131[31m (3 FAILED)[39m (0 secs / 12.777 secs)
[1A[2KChrome Headless 143.0.0.0 (Linux 0.0.0): Executed 128 of 131[31m (3 FAILED)[39m (0 secs / 12.778 secs)
[1A[2KChrome Headless 143.0.0.0 (Linux 0.0.0): Executed 129 of 131[31m (3 FAILED)[39m (0 secs / 12.778 secs)
[1A[2KChrome Headless 143.0.0.0 (Linux 0.0.0): Executed 130 of 131[31m (3 FAILED)[39m (0 secs / 12.778 secs)
[1A[2KChrome Headless 143.0.0.0 (Linux 0.0.0): Executed 131 of 131[31m (3 FAILED)[39m (0 secs / 12.778 secs)
[1A[2KChrome Headless 143.0.0.0 (Linux 0.0.0): Executed 131 of 131[31m (3 FAILED)[39m (13 secs / 12.778 secs)
[31mTOTAL: 3 FAILED, 128 SUCCESS[39m
âœ” Browser application bundle generation complete.
âœ” Browser application bundle generation complete.
