- Generating browser application bundles (phase: setup)...
âœ” Browser application bundle generation complete.
[32m11 01 2026 17:58:47.220:INFO [karma-server]: [39mKarma v6.4.4 server started at http://localhost:9877/
[32m11 01 2026 17:58:47.220:INFO [launcher]: [39mLaunching browsers ChromeHeadless with concurrency unlimited
[32m11 01 2026 17:58:47.223:INFO [launcher]: [39mStarting browser ChromeHeadless
[32m11 01 2026 17:58:47.592:INFO [Chrome Headless 143.0.0.0 (Linux 0.0.0)]: [39mConnected on socket SNfDegLMmBHa3ySkAAAB with id 44908992
Chrome Headless 143.0.0.0 (Linux 0.0.0): Executed 0 of 131[32m SUCCESS[39m (0 secs / 0 secs)
[1A[2K[31mChrome Headless 143.0.0.0 (Linux 0.0.0) AppComponent should create the app FAILED[39m
	ÉµNotFound: NG0201: No provider found for `Firestore`. Source: DynamicTestModule. Path: ClassiService -> Firestore. Find more at https://v20.angular.dev/errors/NG0201
	error properties: Object({ code: -201, ngErrorCode: -201, ngErrorMessage: 'No provider found for `Firestore`.', ngTokenPath: [ 'ClassiService', 'Firestore' ] })
	ÉµNotFound: NG0201: No provider found for `Firestore`. Source: DynamicTestModule. Path: ClassiService -> Firestore. Find more at https://v20.angular.dev/errors/NG0201
	    at createRuntimeError (node_modules/@angular/core/fesm2022/root_effect_scheduler.mjs:924:19)
	    at NullInjector.get (node_modules/@angular/core/fesm2022/root_effect_scheduler.mjs:1494:27)
	    at R3Injector.get (node_modules/@angular/core/fesm2022/root_effect_scheduler.mjs:2052:33)
	    at R3Injector.get (node_modules/@angular/core/fesm2022/root_effect_scheduler.mjs:2052:33)
	    at R3Injector.retrieve (node_modules/@angular/core/fesm2022/root_effect_scheduler.mjs:1936:25)
	    at injectInjectorOnly (node_modules/@angular/core/fesm2022/root_effect_scheduler.mjs:1049:39)
	    at ÉµÉµinject (node_modules/@angular/core/fesm2022/root_effect_scheduler.mjs:1061:60)
	    at inject (node_modules/@angular/core/fesm2022/root_effect_scheduler.mjs:1149:12)
	    at new ClassiService (src/app/pages/classes/services/classi.service.ts:32:29)
	    at Object.ClassiService_Factory [as factory] (ng:///ClassiService/Éµfac.js:4:10)
Chrome Headless 143.0.0.0 (Linux 0.0.0): Executed 1 of 131[31m (1 FAILED)[39m (0 secs / 0.032 secs)
[1A[2KLOG: [36m'ConnectionStatusService - Initial status:', 'online'[39m
Chrome Headless 143.0.0.0 (Linux 0.0.0): Executed 1 of 131[31m (1 FAILED)[39m (0 secs / 0.032 secs)
LOG: 'ConnectionStatusService - Initial status:', 'online'
[1A[2KLOG: [36m'ConnectionStatusService - Updating status to: Online'[39m
Chrome Headless 143.0.0.0 (Linux 0.0.0): Executed 1 of 131[31m (1 FAILED)[39m (0 secs / 0.032 secs)
LOG: 'ConnectionStatusService - Updating status to: Online'
[1A[2KLOG: [36m'ConnectionStatusComponent - Constructor'[39m
Chrome Headless 143.0.0.0 (Linux 0.0.0): Executed 1 of 131[31m (1 FAILED)[39m (0 secs / 0.032 secs)
LOG: 'ConnectionStatusComponent - Constructor'
[1A[2KLOG: [36m'ConnectionStatusComponent - OnInit'[39m
Chrome Headless 143.0.0.0 (Linux 0.0.0): Executed 1 of 131[31m (1 FAILED)[39m (0 secs / 0.032 secs)
LOG: 'ConnectionStatusComponent - OnInit'
[1A[2KLOG: [36m'e', TypeError: Failed to construct 'URL': Invalid base URL
TypeError: Failed to construct 'URL': Invalid base URL
    at getAssetPath (http://localhost:9877/_karma_webpack_/webpack:/node_modules/@stencil/core/internal/client/index.js:345:20)
    at getNamedUrl (http://localhost:9877/_karma_webpack_/webpack:/node_modules/@ionic/core/components/icon.js:47:28)
    at getUrl (http://localhost:9877/_karma_webpack_/webpack:/node_modules/@ionic/core/components/icon.js:27:16)
    at Icon.loadIcon (http://localhost:9877/_karma_webpack_/webpack:/node_modules/@ionic/core/components/icon.js:365:25)
    at cb (http://localhost:9877/_karma_webpack_/webpack:/node_modules/@ionic/core/components/icon.js:303:18)
    at Icon.waitUntilVisible (http://localhost:9877/_karma_webpack_/webpack:/node_modules/@ionic/core/components/icon.js:348:20)
    at Icon.call (http://localhost:9877/_karma_webpack_/webpack:/node_modules/@ionic/core/components/icon.js:301:14)
    at Icon.insertBefore [as connectedCallback] (http://localhost:9877/_karma_webpack_/webpack:/node_modules/@stencil/core/internal/client/index.js:3987:35)
    at EmulatedEncapsulationDomRenderer2.insertBefore (http://localhost:9877/_karma_webpack_/webpack:/node_modules/@angular/platform-browser/fesm2022/dom_renderer.mjs:564:26)
    at nativeInsertBefore (http://localhost:9877/_karma_webpack_/webpack:/node_modules/@angular/core/fesm2022/debug_node.mjs:6792:14)[39m
Chrome Headless 143.0.0.0 (Linux 0.0.0): Executed 1 of 131[31m (1 FAILED)[39m (0 secs / 0.032 secs)
LOG: 'e', TypeError: Failed to construct 'URL': Invalid base URL
TypeError: Failed to construct 'URL': Invalid base URL
    at getAssetPath (http://localhost:9877/_karma_webpack_/webpack:/node_modules/@stencil/core/internal/client/index.js:345:20)
    at getNamedUrl (http://localhost:9877/_karma_webpack_/webpack:/node_modules/@ionic/core/components/icon.js:47:28)
    at getUrl (http://localhost:9877/_karma_webpack_/webpack:/node_modules/@ionic/core/components/icon.js:27:16)
    at Icon.loadIcon (http://localhost:9877/_karma_webpack_/webpack:/node_modules/@ionic/core/components/icon.js:365:25)
    at cb (http://localhost:9877/_karma_webpack_/webpack:/node_modules/@ionic/core/components/icon.js:303:18)
    at Icon.waitUntilVisible (http://localhost:9877/_karma_webpack_/webpack:/node_modules/@ionic/core/components/icon.js:348:20)
    at Icon.call (http://localhost:9877/_karma_webpack_/webpack:/node_modules/@ionic/core/components/icon.js:301:14)
    at Icon.insertBefore [as connectedCallback] (http://localhost:9877/_karma_webpack_/webpack:/node_modules/@stencil/core/internal/client/index.js:3987:35)
    at EmulatedEncapsulationDomRenderer2.insertBefore (http://localhost:9877/_karma_webpack_/webpack:/node_modules/@angular/platform-browser/fesm2022/dom_renderer.mjs:564:26)
    at nativeInsertBefore (http://localhost:9877/_karma_webpack_/webpack:/node_modules/@angular/core/fesm2022/debug_node.mjs:6792:14)
[1A[2KWARN: [36m'[Ionicons Warning]: Could not load icon with name "wifi". Ensure that the icon is registered using addIcons or that the icon SVG data is passed directly to the icon component.', <ion-icon _ngcontent-a-c4054984992="" name="wifi" title="Online"></ion-icon>[39m
Chrome Headless 143.0.0.0 (Linux 0.0.0): Executed 1 of 131[31m (1 FAILED)[39m (0 secs / 0.032 secs)
WARN: '[Ionicons Warning]: Could not load icon with name "wifi". Ensure that the icon is registered using addIcons or that the icon SVG data is passed directly to the icon component.', <ion-icon _ngcontent-a-c4054984992="" name="wifi" title="Online"></ion-icon>
[1A[2KLOG: [36m'ConnectionStatusComponent - OnDestroy'[39m
Chrome Headless 143.0.0.0 (Linux 0.0.0): Executed 1 of 131[31m (1 FAILED)[39m (0 secs / 0.032 secs)
LOG: 'ConnectionStatusComponent - OnDestroy'
[1A[2KLOG: [36m'ConnectionStatusService - Destroying service'[39m
Chrome Headless 143.0.0.0 (Linux 0.0.0): Executed 1 of 131[31m (1 FAILED)[39m (0 secs / 0.032 secs)
LOG: 'ConnectionStatusService - Destroying service'
[1A[2KChrome Headless 143.0.0.0 (Linux 0.0.0): Executed 2 of 131[31m (1 FAILED)[39m (0 secs / 0.078 secs)
[1A[2KLOG: [36m'user', undefined[39m
Chrome Headless 143.0.0.0 (Linux 0.0.0): Executed 2 of 131[31m (1 FAILED)[39m (0 secs / 0.078 secs)
LOG: 'user', undefined
[1A[2KWARN: [36m'[Ionic Warning]: [ion-popover] - A trigger element with the ID "user-menu-trigger" was not found in the DOM. The trigger element must be in the DOM when the "trigger" property is set on ion-popover.', <ion-popover _ngcontent-a-c91482072="" trigger="user-menu-trigger" dismissonselect="true" id="ion-overlay-1" aria-modal="true" no-router="" tabindex="-1" class="undefined overlay-hidden popover-desktop popover-side-bottom hydrated" style="z-index: 20001;"><!--container--></ion-popover>[39m
Chrome Headless 143.0.0.0 (Linux 0.0.0): Executed 2 of 131[31m (1 FAILED)[39m (0 secs / 0.078 secs)
WARN: '[Ionic Warning]: [ion-popover] - A trigger element with the ID "user-menu-trigger" was not found in the DOM. The trigger element must be in the DOM when the "trigger" property is set on ion-popover.', <ion-popover _ngcontent-a-c91482072="" trigger="user-menu-trigger" dismissonselect="true" id="ion-overlay-1" aria-modal="true" no-router="" tabindex="-1" class="undefined overlay-hidden popover-desktop popover-side-bottom hydrated" style="z-index: 20001;"><!--container--></ion-popover>
[1A[2KLOG: [36m'e', TypeError: Failed to construct 'URL': Invalid base URL
TypeError: Failed to construct 'URL': Invalid base URL
    at getAssetPath (http://localhost:9877/_karma_webpack_/webpack:/node_modules/@stencil/core/internal/client/index.js:345:20)
    at getNamedUrl (http://localhost:9877/_karma_webpack_/webpack:/node_modules/@ionic/core/components/icon.js:47:28)
    at getUrl (http://localhost:9877/_karma_webpack_/webpack:/node_modules/@ionic/core/components/icon.js:27:16)
    at Icon.loadIcon (http://localhost:9877/_karma_webpack_/webpack:/node_modules/@ionic/core/components/icon.js:365:25)
    at Icon.componentDidLoad (http://localhost:9877/_karma_webpack_/webpack:/node_modules/@ionic/core/components/icon.js:317:18)
    at safeCall (http://localhost:9877/_karma_webpack_/webpack:/node_modules/@stencil/core/internal/client/index.js:3362:30)
    at postUpdateComponent (http://localhost:9877/_karma_webpack_/webpack:/node_modules/@stencil/core/internal/client/index.js:3295:5)
    at postUpdate (http://localhost:9877/_karma_webpack_/webpack:/node_modules/@stencil/core/internal/client/index.js:3223:30)
    at http://localhost:9877/_karma_webpack_/webpack:/node_modules/@stencil/core/internal/client/index.js:3225:7
    at Generator.next (<anonymous>)[39m
Chrome Headless 143.0.0.0 (Linux 0.0.0): Executed 2 of 131[31m (1 FAILED)[39m (0 secs / 0.078 secs)
LOG: 'e', TypeError: Failed to construct 'URL': Invalid base URL
TypeError: Failed to construct 'URL': Invalid base URL
    at getAssetPath (http://localhost:9877/_karma_webpack_/webpack:/node_modules/@stencil/core/internal/client/index.js:345:20)
    at getNamedUrl (http://localhost:9877/_karma_webpack_/webpack:/node_modules/@ionic/core/components/icon.js:47:28)
    at getUrl (http://localhost:9877/_karma_webpack_/webpack:/node_modules/@ionic/core/components/icon.js:27:16)
    at Icon.loadIcon (http://localhost:9877/_karma_webpack_/webpack:/node_modules/@ionic/core/components/icon.js:365:25)
    at Icon.componentDidLoad (http://localhost:9877/_karma_webpack_/webpack:/node_modules/@ionic/core/components/icon.js:317:18)
    at safeCall (http://localhost:9877/_karma_webpack_/webpack:/node_modules/@stencil/core/internal/client/index.js:3362:30)
    at postUpdateComponent (http://localhost:9877/_karma_webpack_/webpack:/node_modules/@stencil/core/internal/client/index.js:3295:5)
    at postUpdate (http://localhost:9877/_karma_webpack_/webpack:/node_modules/@stencil/core/internal/client/index.js:3223:30)
    at http://localhost:9877/_karma_webpack_/webpack:/node_modules/@stencil/core/internal/client/index.js:3225:7
    at Generator.next (<anonymous>)
[1A[2KWARN: [36m'[Ionicons Warning]: Could not load icon with name "wifi". Ensure that the icon is registered using addIcons or that the icon SVG data is passed directly to the icon component.', <ion-icon _ngcontent-a-c4054984992="" name="wifi" title="Online" role="img" class="md hydrated"></ion-icon>[39m
Chrome Headless 143.0.0.0 (Linux 0.0.0): Executed 2 of 131[31m (1 FAILED)[39m (0 secs / 0.078 secs)
WARN: '[Ionicons Warning]: Could not load icon with name "wifi". Ensure that the icon is registered using addIcons or that the icon SVG data is passed directly to the icon component.', <ion-icon _ngcontent-a-c4054984992="" name="wifi" title="Online" role="img" class="md hydrated"></ion-icon>
[1A[2K[31mChrome Headless 143.0.0.0 (Linux 0.0.0) ReservedNotes4ClassesComponent should create FAILED[39m
	Failed: Unexpected "ReservedNotes4ClassesComponent" found in the "declarations" array of the "TestBed.configureTestingModule" call, "ReservedNotes4ClassesComponent" is marked as standalone and can't be declared in any NgModule - did you intend to import it instead (by adding it to the "imports" array)?
	    at forEach (node_modules/@angular/core/fesm2022/testing.mjs:774:23)
	    at Array.forEach (<anonymous>)
	    at assertNoStandaloneComponents (node_modules/@angular/core/fesm2022/testing.mjs:770:11)
	    at TestBedCompiler.configureTestingModule (node_modules/@angular/core/fesm2022/testing.mjs:850:13)
	    at TestBedImpl.configureTestingModule (node_modules/@angular/core/fesm2022/testing.mjs:1993:23)
	    at TestBedImpl.configureTestingModule (node_modules/@angular/core/fesm2022/testing.mjs:1805:37)
	    at UserContext.apply (src/app/pages/classes/components/reserved-notes4classes/reserved-notes4classes.component.spec.ts:11:13)
	    at _ZoneDelegate.invoke (node_modules/zone.js/fesm2015/zone.js:398:28)
	    at AsyncTestZoneSpec.onInvoke (node_modules/zone.js/fesm2015/zone-testing.js:897:39)
	    at ProxyZoneSpec.onInvoke (node_modules/zone.js/fesm2015/zone-testing.js:2129:39)
Chrome Headless 143.0.0.0 (Linux 0.0.0): Executed 3 of 131[31m (2 FAILED)[39m (0 secs / 0.08 secs)
[1A[2KChrome Headless 143.0.0.0 (Linux 0.0.0): Executed 4 of 131[31m (2 FAILED)[39m (0 secs / 0.122 secs)
[1A[2KLOG: [36m'Evaluation Key:', 'eval-123'[39m
Chrome Headless 143.0.0.0 (Linux 0.0.0): Executed 4 of 131[31m (2 FAILED)[39m (0 secs / 0.122 secs)
LOG: 'Evaluation Key:', 'eval-123'
[1A[2KLOG: [36m'evaluationData', Evaluation{key: '', description: '', note: '', data: '', subjectKey: '', lastUpdateDate: '', grid: Grids{key: '', nome: '', descrizione: '', indicatori: [], ownerKey: ''}, gridsKey: '', classKey: '', studentKey: '', teacherKey: '', activityKey: ''}[39m
Chrome Headless 143.0.0.0 (Linux 0.0.0): Executed 4 of 131[31m (2 FAILED)[39m (0 secs / 0.122 secs)
LOG: 'evaluationData', Evaluation{key: '', description: '', note: '', data: '', subjectKey: '', lastUpdateDate: '', grid: Grids{key: '', nome: '', descrizione: '', indicatori: [], ownerKey: ''}, gridsKey: '', classKey: '', studentKey: '', teacherKey: '', activityKey: ''}
[1A[2KLOG: [36m'evaluation', Evaluation{key: '', description: '', note: '', data: '', subjectKey: '', lastUpdateDate: '', grid: Grids{key: '', nome: '', descrizione: '', indicatori: [], ownerKey: ''}, gridsKey: '', classKey: '', studentKey: '', teacherKey: '', activityKey: ''}[39m
Chrome Headless 143.0.0.0 (Linux 0.0.0): Executed 4 of 131[31m (2 FAILED)[39m (0 secs / 0.122 secs)
LOG: 'evaluation', Evaluation{key: '', description: '', note: '', data: '', subjectKey: '', lastUpdateDate: '', grid: Grids{key: '', nome: '', descrizione: '', indicatori: [], ownerKey: ''}, gridsKey: '', classKey: '', studentKey: '', teacherKey: '', activityKey: ''}
[1A[2KLOG: [36m'show spinner', false[39m
Chrome Headless 143.0.0.0 (Linux 0.0.0): Executed 4 of 131[31m (2 FAILED)[39m (0 secs / 0.122 secs)
LOG: 'show spinner', false
[1A[2KLOG: [36m'evaluation', Evaluation{key: '', description: '', note: '', data: '', subjectKey: '', lastUpdateDate: '', grid: Grids{key: '', nome: '', descrizione: '', indicatori: [], ownerKey: ''}, gridsKey: '', classKey: '', studentKey: '', teacherKey: '', activityKey: ''}[39m
Chrome Headless 143.0.0.0 (Linux 0.0.0): Executed 4 of 131[31m (2 FAILED)[39m (0 secs / 0.122 secs)
LOG: 'evaluation', Evaluation{key: '', description: '', note: '', data: '', subjectKey: '', lastUpdateDate: '', grid: Grids{key: '', nome: '', descrizione: '', indicatori: [], ownerKey: ''}, gridsKey: '', classKey: '', studentKey: '', teacherKey: '', activityKey: ''}
[1A[2KChrome Headless 143.0.0.0 (Linux 0.0.0): Executed 5 of 131[31m (2 FAILED)[39m (0 secs / 0.233 secs)
[1A[2KChrome Headless 143.0.0.0 (Linux 0.0.0): Executed 6 of 131[31m (2 FAILED)[39m (0 secs / 0.392 secs)
[1A[2KChrome Headless 143.0.0.0 (Linux 0.0.0): Executed 7 of 131[31m (2 FAILED)[39m (0 secs / 0.429 secs)
[1A[2KChrome Headless 143.0.0.0 (Linux 0.0.0): Executed 8 of 131[31m (2 FAILED)[39m (0 secs / 0.452 secs)
[1A[2KChrome Headless 143.0.0.0 (Linux 0.0.0): Executed 9 of 131[31m (2 FAILED)[39m (0 secs / 0.469 secs)
[1A[2KLOG: [36m'grid to show', [Model Signal: [object Object]][39m
Chrome Headless 143.0.0.0 (Linux 0.0.0): Executed 9 of 131[31m (2 FAILED)[39m (0 secs / 0.469 secs)
LOG: 'grid to show', [Model Signal: [object Object]]
[1A[2KLOG: [36m'grid', Grids{key: '', nome: '', descrizione: '', indicatori: [], ownerKey: ''}[39m
Chrome Headless 143.0.0.0 (Linux 0.0.0): Executed 9 of 131[31m (2 FAILED)[39m (0 secs / 0.469 secs)
LOG: 'grid', Grids{key: '', nome: '', descrizione: '', indicatori: [], ownerKey: ''}
[1A[2KChrome Headless 143.0.0.0 (Linux 0.0.0): Executed 10 of 131[31m (2 FAILED)[39m (0 secs / 0.525 secs)
[1A[2K[31mChrome Headless 143.0.0.0 (Linux 0.0.0) SignupPage should create FAILED[39m
	Failed: NG0201: No provider found for `ActivatedRoute`. Source: Standalone[SignupPage]. Find more at https://v20.angular.dev/errors/NG0201
	error properties: Object({ code: -201, ngErrorCode: -201, ngErrorMessage: 'No provider found for `ActivatedRoute`.', ngTokenPath: [ 'ActivatedRoute' ] })
	ÉµNotFound: NG0201: No provider found for `ActivatedRoute`. Source: Standalone[SignupPage]. Find more at https://v20.angular.dev/errors/NG0201
	    at createRuntimeError (node_modules/@angular/core/fesm2022/root_effect_scheduler.mjs:924:19)
	    at NullInjector.get (node_modules/@angular/core/fesm2022/root_effect_scheduler.mjs:1494:27)
	    at R3Injector.get (node_modules/@angular/core/fesm2022/root_effect_scheduler.mjs:2052:33)
	    at R3Injector.get (node_modules/@angular/core/fesm2022/root_effect_scheduler.mjs:2052:33)
	    at R3Injector.get (node_modules/@angular/core/fesm2022/root_effect_scheduler.mjs:2052:33)
	    at ChainedInjector.get (node_modules/@angular/core/fesm2022/debug_node.mjs:13422:36)
	    at lookupTokenUsingModuleInjector (node_modules/@angular/core/fesm2022/debug_node.mjs:1718:39)
	    at getOrCreateInjectable (node_modules/@angular/core/fesm2022/debug_node.mjs:1766:12)
	    at Module.ÉµÉµdirectiveInject (node_modules/@angular/core/fesm2022/debug_node.mjs:13473:19)
	    at NodeInjectorFactory.RouterLink_Factory [as factory] (node_modules/@angular/router/fesm2022/router_module.mjs:390:97)
Chrome Headless 143.0.0.0 (Linux 0.0.0): Executed 11 of 131[31m (3 FAILED)[39m (0 secs / 0.578 secs)
[1A[2KChrome Headless 143.0.0.0 (Linux 0.0.0): Executed 12 of 131[31m (3 FAILED)[39m (0 secs / 0.589 secs)
[1A[2KLOG: [36m'ConnectionStatusService - Initial status:', 'online'[39m
Chrome Headless 143.0.0.0 (Linux 0.0.0): Executed 12 of 131[31m (3 FAILED)[39m (0 secs / 0.589 secs)
LOG: 'ConnectionStatusService - Initial status:', 'online'
[1A[2KLOG: [36m'ConnectionStatusService - Updating status to: Online'[39m
Chrome Headless 143.0.0.0 (Linux 0.0.0): Executed 12 of 131[31m (3 FAILED)[39m (0 secs / 0.589 secs)
LOG: 'ConnectionStatusService - Updating status to: Online'
[1A[2KLOG: [36m'ConnectionStatusService - Destroying service'[39m
Chrome Headless 143.0.0.0 (Linux 0.0.0): Executed 12 of 131[31m (3 FAILED)[39m (0 secs / 0.589 secs)
LOG: 'ConnectionStatusService - Destroying service'
[1A[2KChrome Headless 143.0.0.0 (Linux 0.0.0): Executed 13 of 131[31m (3 FAILED)[39m (0 secs / 0.593 secs)
[1A[2KChrome Headless 143.0.0.0 (Linux 0.0.0): Executed 14 of 131[31m (3 FAILED)[39m (0 secs / 0.598 secs)
[1A[2KChrome Headless 143.0.0.0 (Linux 0.0.0): Executed 15 of 131[31m (3 FAILED)[39m (0 secs / 0.603 secs)
[1A[2KLOG: [36m'Classi ricevute dal servizio:', [][39m
Chrome Headless 143.0.0.0 (Linux 0.0.0): Executed 15 of 131[31m (3 FAILED)[39m (0 secs / 0.603 secs)
LOG: 'Classi ricevute dal servizio:', []
[1A[2K[31mChrome Headless 143.0.0.0 (Linux 0.0.0) UsersListPage should create FAILED[39m
	Failed: Cannot read properties of undefined (reading 'subscribe')
	    at new NavController (node_modules/@ionic/angular/fesm2022/ionic-angular-common.mjs:438:27)
	    at Object.factory (node_modules/@ionic/angular/fesm2022/ionic-angular-common.mjs:613:35)
	    at callback (node_modules/@angular/core/fesm2022/root_effect_scheduler.mjs:2194:47)
	    at runInInjectorProfilerContext (node_modules/@angular/core/fesm2022/root_effect_scheduler.mjs:749:9)
	    at R3Injector.hydrate (node_modules/@angular/core/fesm2022/root_effect_scheduler.mjs:2192:21)
	    at R3Injector.get (node_modules/@angular/core/fesm2022/root_effect_scheduler.mjs:2040:33)
	    at R3Injector.get (node_modules/@angular/core/fesm2022/root_effect_scheduler.mjs:2052:33)
	    at ChainedInjector.get (node_modules/@angular/core/fesm2022/debug_node.mjs:13422:36)
	    at lookupTokenUsingModuleInjector (node_modules/@angular/core/fesm2022/debug_node.mjs:1718:39)
	    at getOrCreateInjectable (node_modules/@angular/core/fesm2022/debug_node.mjs:1766:12)
Chrome Headless 143.0.0.0 (Linux 0.0.0): Executed 16 of 131[31m (4 FAILED)[39m (0 secs / 0.634 secs)
[1A[2KChrome Headless 143.0.0.0 (Linux 0.0.0): Executed 17 of 131[31m (4 FAILED)[39m (0 secs / 0.634 secs)
[1A[2KChrome Headless 143.0.0.0 (Linux 0.0.0): Executed 18 of 131[31m (4 FAILED)[39m (0 secs / 0.638 secs)
[1A[2KChrome Headless 143.0.0.0 (Linux 0.0.0): Executed 19 of 131[31m (4 FAILED)[39m (0 secs / 0.638 secs)
[1A[2KChrome Headless 143.0.0.0 (Linux 0.0.0): Executed 20 of 131[31m (4 FAILED)[39m (0 secs / 0.638 secs)
[1A[2KChrome Headless 143.0.0.0 (Linux 0.0.0): Executed 21 of 131[31m (4 FAILED)[39m (0 secs / 0.639 secs)
[1A[2KChrome Headless 143.0.0.0 (Linux 0.0.0): Executed 22 of 131[31m (4 FAILED)[39m (0 secs / 0.639 secs)
[1A[2KChrome Headless 143.0.0.0 (Linux 0.0.0): Executed 23 of 131[31m (4 FAILED)[39m (0 secs / 0.642 secs)
[1A[2KChrome Headless 143.0.0.0 (Linux 0.0.0): Executed 24 of 131[31m (4 FAILED)[39m (0 secs / 0.645 secs)
[1A[2K[31mChrome Headless 143.0.0.0 (Linux 0.0.0) ClassViewerComponent should create FAILED[39m
	Failed: NG0201: No provider found for `Firestore`. Source: DynamicTestModule. Path: ClassiService -> Firestore. Find more at https://v20.angular.dev/errors/NG0201
	error properties: Object({ code: -201, ngErrorCode: -201, ngErrorMessage: 'No provider found for `Firestore`.', ngTokenPath: [ 'ClassiService', 'Firestore' ] })
	ÉµNotFound: NG0201: No provider found for `Firestore`. Source: DynamicTestModule. Path: ClassiService -> Firestore. Find more at https://v20.angular.dev/errors/NG0201
	    at createRuntimeError (node_modules/@angular/core/fesm2022/root_effect_scheduler.mjs:924:19)
	    at NullInjector.get (node_modules/@angular/core/fesm2022/root_effect_scheduler.mjs:1494:27)
	    at R3Injector.get (node_modules/@angular/core/fesm2022/root_effect_scheduler.mjs:2052:33)
	    at R3Injector.get (node_modules/@angular/core/fesm2022/root_effect_scheduler.mjs:2052:33)
	    at R3Injector.retrieve (node_modules/@angular/core/fesm2022/root_effect_scheduler.mjs:1936:25)
	    at injectInjectorOnly (node_modules/@angular/core/fesm2022/root_effect_scheduler.mjs:1049:39)
	    at ÉµÉµinject (node_modules/@angular/core/fesm2022/root_effect_scheduler.mjs:1061:60)
	    at inject (node_modules/@angular/core/fesm2022/root_effect_scheduler.mjs:1149:12)
	    at new ClassiService (src/app/pages/classes/services/classi.service.ts:32:29)
	    at Object.ClassiService_Factory [as factory] (ng:///ClassiService/Éµfac.js:4:10)
Chrome Headless 143.0.0.0 (Linux 0.0.0): Executed 25 of 131[31m (5 FAILED)[39m (0 secs / 0.656 secs)
[1A[2K[31mChrome Headless 143.0.0.0 (Linux 0.0.0) Evaluation4pagesComponent should create FAILED[39m
	Failed: Cannot read properties of undefined (reading 'subscribe')
	    at new NavController (node_modules/@ionic/angular/fesm2022/ionic-angular-common.mjs:438:27)
	    at Object.factory (node_modules/@ionic/angular/fesm2022/ionic-angular-common.mjs:613:35)
	    at callback (node_modules/@angular/core/fesm2022/root_effect_scheduler.mjs:2194:47)
	    at runInInjectorProfilerContext (node_modules/@angular/core/fesm2022/root_effect_scheduler.mjs:749:9)
	    at R3Injector.hydrate (node_modules/@angular/core/fesm2022/root_effect_scheduler.mjs:2192:21)
	    at R3Injector.get (node_modules/@angular/core/fesm2022/root_effect_scheduler.mjs:2040:33)
	    at R3Injector.get (node_modules/@angular/core/fesm2022/root_effect_scheduler.mjs:2052:33)
	    at ChainedInjector.get (node_modules/@angular/core/fesm2022/debug_node.mjs:13422:36)
	    at lookupTokenUsingModuleInjector (node_modules/@angular/core/fesm2022/debug_node.mjs:1718:39)
	    at getOrCreateInjectable (node_modules/@angular/core/fesm2022/debug_node.mjs:1766:12)
Chrome Headless 143.0.0.0 (Linux 0.0.0): Executed 26 of 131[31m (6 FAILED)[39m (0 secs / 0.693 secs)
[1A[2KChrome Headless 143.0.0.0 (Linux 0.0.0): Executed 27 of 131[31m (6 FAILED)[39m (0 secs / 0.695 secs)
[1A[2K[31mChrome Headless 143.0.0.0 (Linux 0.0.0) ClassViewerComponent should create FAILED[39m
	Failed: Unexpected "ClassViewerComponent" found in the "declarations" array of the "TestBed.configureTestingModule" call, "ClassViewerComponent" is marked as standalone and can't be declared in any NgModule - did you intend to import it instead (by adding it to the "imports" array)?
	    at forEach (node_modules/@angular/core/fesm2022/testing.mjs:774:23)
	    at Array.forEach (<anonymous>)
	    at assertNoStandaloneComponents (node_modules/@angular/core/fesm2022/testing.mjs:770:11)
	    at TestBedCompiler.configureTestingModule (node_modules/@angular/core/fesm2022/testing.mjs:850:13)
	    at TestBedImpl.configureTestingModule (node_modules/@angular/core/fesm2022/testing.mjs:1993:23)
	    at TestBedImpl.configureTestingModule (node_modules/@angular/core/fesm2022/testing.mjs:1805:37)
	    at UserContext.apply (src/app/pages/classes/components/class-viewer/class-viewer.component.spec.ts:11:13)
	    at _ZoneDelegate.invoke (node_modules/zone.js/fesm2015/zone.js:398:28)
	    at AsyncTestZoneSpec.onInvoke (node_modules/zone.js/fesm2015/zone-testing.js:897:39)
	    at ProxyZoneSpec.onInvoke (node_modules/zone.js/fesm2015/zone-testing.js:2129:39)
Chrome Headless 143.0.0.0 (Linux 0.0.0): Executed 28 of 131[31m (7 FAILED)[39m (0 secs / 0.697 secs)
[1A[2K[31mChrome Headless 143.0.0.0 (Linux 0.0.0) ReservedNotes4studentComponent should create FAILED[39m
	Failed: Unexpected "ReservedNotes4studentComponent" found in the "declarations" array of the "TestBed.configureTestingModule" call, "ReservedNotes4studentComponent" is marked as standalone and can't be declared in any NgModule - did you intend to import it instead (by adding it to the "imports" array)?
	    at forEach (node_modules/@angular/core/fesm2022/testing.mjs:774:23)
	    at Array.forEach (<anonymous>)
	    at assertNoStandaloneComponents (node_modules/@angular/core/fesm2022/testing.mjs:770:11)
	    at TestBedCompiler.configureTestingModule (node_modules/@angular/core/fesm2022/testing.mjs:850:13)
	    at TestBedImpl.configureTestingModule (node_modules/@angular/core/fesm2022/testing.mjs:1993:23)
	    at TestBedImpl.configureTestingModule (node_modules/@angular/core/fesm2022/testing.mjs:1805:37)
	    at UserContext.apply (src/app/pages/users/components/reserved-notes4student/reserved-notes4student.component.spec.ts:11:13)
	    at _ZoneDelegate.invoke (node_modules/zone.js/fesm2015/zone.js:398:28)
	    at AsyncTestZoneSpec.onInvoke (node_modules/zone.js/fesm2015/zone-testing.js:897:39)
	    at ProxyZoneSpec.onInvoke (node_modules/zone.js/fesm2015/zone-testing.js:2129:39)
Chrome Headless 143.0.0.0 (Linux 0.0.0): Executed 29 of 131[31m (8 FAILED)[39m (0 secs / 0.698 secs)
[1A[2KChrome Headless 143.0.0.0 (Linux 0.0.0): Executed 30 of 131[31m (8 FAILED)[39m (0 secs / 0.707 secs)
[1A[2K[31mChrome Headless 143.0.0.0 (Linux 0.0.0) LogoutComponent should create FAILED[39m
	Failed: NG0201: No provider found for `Firestore`. Source: Standalone[LogoutComponent]. Path: UsersService -> ClassiService -> Firestore. Find more at https://v20.angular.dev/errors/NG0201
	error properties: Object({ code: -201, ngErrorCode: -201, ngErrorMessage: 'No provider found for `Firestore`.', ngTokenPath: [ 'UsersService', 'ClassiService', 'Firestore' ] })
	ÉµNotFound: NG0201: No provider found for `Firestore`. Source: Standalone[LogoutComponent]. Path: UsersService -> ClassiService -> Firestore. Find more at https://v20.angular.dev/errors/NG0201
	    at createRuntimeError (node_modules/@angular/core/fesm2022/root_effect_scheduler.mjs:924:19)
	    at NullInjector.get (node_modules/@angular/core/fesm2022/root_effect_scheduler.mjs:1494:27)
	    at R3Injector.get (node_modules/@angular/core/fesm2022/root_effect_scheduler.mjs:2052:33)
	    at R3Injector.get (node_modules/@angular/core/fesm2022/root_effect_scheduler.mjs:2052:33)
	    at R3Injector.retrieve (node_modules/@angular/core/fesm2022/root_effect_scheduler.mjs:1936:25)
	    at injectInjectorOnly (node_modules/@angular/core/fesm2022/root_effect_scheduler.mjs:1049:39)
	    at ÉµÉµinject (node_modules/@angular/core/fesm2022/root_effect_scheduler.mjs:1061:60)
	    at inject (node_modules/@angular/core/fesm2022/root_effect_scheduler.mjs:1149:12)
	    at new ClassiService (src/app/pages/classes/services/classi.service.ts:32:29)
	    at Object.ClassiService_Factory [as factory] (ng:///ClassiService/Éµfac.js:4:10)
Chrome Headless 143.0.0.0 (Linux 0.0.0): Executed 31 of 131[31m (9 FAILED)[39m (0 secs / 0.713 secs)
[1A[2KLOG: [36m'Evaluations4StudentPage'[39m
Chrome Headless 143.0.0.0 (Linux 0.0.0): Executed 31 of 131[31m (9 FAILED)[39m (0 secs / 0.713 secs)
LOG: 'Evaluations4StudentPage'
[1A[2K[31mChrome Headless 143.0.0.0 (Linux 0.0.0) Evaluations4StudentPage should create FAILED[39m
	Failed: Expected first argument to collection() to be a CollectionReference, a DocumentReference or FirebaseFirestore
	error properties: FirebaseError: [code=invalid-argument]: Expected first argument to collection() to be a CollectionReference, a DocumentReference or FirebaseFirestore
Chrome Headless 143.0.0.0 (Linux 0.0.0): Executed 32 of 131[31m (10 FAILED)[39m (0 secs / 0.731 secs)
[1A[2KChrome Headless 143.0.0.0 (Linux 0.0.0): Executed 33 of 131[31m (10 FAILED)[39m (0 secs / 0.732 secs)
[1A[2KChrome Headless 143.0.0.0 (Linux 0.0.0): Executed 34 of 131[31m (10 FAILED)[39m (0 secs / 0.732 secs)
[1A[2KChrome Headless 143.0.0.0 (Linux 0.0.0): Executed 35 of 131[31m (10 FAILED)[39m (0 secs / 0.733 secs)
[1A[2KChrome Headless 143.0.0.0 (Linux 0.0.0): Executed 36 of 131[31m (10 FAILED)[39m (0 secs / 0.733 secs)
[1A[2KChrome Headless 143.0.0.0 (Linux 0.0.0): Executed 37 of 131[31m (10 FAILED)[39m (0 secs / 0.733 secs)
[1A[2KLOG: [36m'listaClassi', [][39m
Chrome Headless 143.0.0.0 (Linux 0.0.0): Executed 37 of 131[31m (10 FAILED)[39m (0 secs / 0.733 secs)
LOG: 'listaClassi', []
[1A[2KLOG: [36m'filter', [][39m
Chrome Headless 143.0.0.0 (Linux 0.0.0): Executed 37 of 131[31m (10 FAILED)[39m (0 secs / 0.733 secs)
LOG: 'filter', []
[1A[2KLOG: [36m'listaAttivita', [][39m
Chrome Headless 143.0.0.0 (Linux 0.0.0): Executed 37 of 131[31m (10 FAILED)[39m (0 secs / 0.733 secs)
LOG: 'listaAttivita', []
[1A[2KLOG: [36m'listaStudenti', [][39m
Chrome Headless 143.0.0.0 (Linux 0.0.0): Executed 37 of 131[31m (10 FAILED)[39m (0 secs / 0.733 secs)
LOG: 'listaStudenti', []
[1A[2KChrome Headless 143.0.0.0 (Linux 0.0.0): Executed 38 of 131[31m (10 FAILED)[39m (0 secs / 1.759 secs)
[1A[2KLOG: [36m'ngOnInit chiamato'[39m
Chrome Headless 143.0.0.0 (Linux 0.0.0): Executed 38 of 131[31m (10 FAILED)[39m (0 secs / 1.759 secs)
LOG: 'ngOnInit chiamato'
[1A[2KLOG: [36m'studentsWithPdPComponent', ClasseModel{year: '', classe: '', descrizione: '', note: '', archived: false, verbali: [], coordinatore: '', segretario: '', key: ''}[39m
Chrome Headless 143.0.0.0 (Linux 0.0.0): Executed 38 of 131[31m (10 FAILED)[39m (0 secs / 1.759 secs)
LOG: 'studentsWithPdPComponent', ClasseModel{year: '', classe: '', descrizione: '', note: '', archived: false, verbali: [], coordinatore: '', segretario: '', key: ''}
[1A[2KChrome Headless 143.0.0.0 (Linux 0.0.0): Executed 39 of 131[31m (10 FAILED)[39m (0 secs / 1.81 secs)
[1A[2KWARN: [36m'[Ionicons Warning]: Multiple icons were mapped to name "save". Ensure that multiple icons are not mapped to the same icon name.'[39m
Chrome Headless 143.0.0.0 (Linux 0.0.0): Executed 39 of 131[31m (10 FAILED)[39m (0 secs / 1.81 secs)
WARN: '[Ionicons Warning]: Multiple icons were mapped to name "save". Ensure that multiple icons are not mapped to the same icon name.'
[1A[2KWARN: [36m'The 'allowSignalWrites' flag is deprecated and no longer impacts effect() (writes are always allowed)'[39m
Chrome Headless 143.0.0.0 (Linux 0.0.0): Executed 39 of 131[31m (10 FAILED)[39m (0 secs / 1.81 secs)
WARN: 'The 'allowSignalWrites' flag is deprecated and no longer impacts effect() (writes are always allowed)'
[1A[2KLOG: [36m'UserGeneralities2Component - ngOnInit*'[39m
Chrome Headless 143.0.0.0 (Linux 0.0.0): Executed 39 of 131[31m (10 FAILED)[39m (0 secs / 1.81 secs)
LOG: 'UserGeneralities2Component - ngOnInit*'
[1A[2KLOG: [36m'User input value on init*:', UserModel{key: '', birthDate: '', email: '', firstName: '', DSA: false, DVA: false, BES: false, ADHD: false, noteDisabilita: '', pdpUrl: [], lastName: '', password: '', classKey: '', phoneNumber: '', role: 3, userName: '', assignedClasses: [], classesKey: []}[39m
Chrome Headless 143.0.0.0 (Linux 0.0.0): Executed 39 of 131[31m (10 FAILED)[39m (0 secs / 1.81 secs)
LOG: 'User input value on init*:', UserModel{key: '', birthDate: '', email: '', firstName: '', DSA: false, DVA: false, BES: false, ADHD: false, noteDisabilita: '', pdpUrl: [], lastName: '', password: '', classKey: '', phoneNumber: '', role: 3, userName: '', assignedClasses: [], classesKey: []}
[1A[2KLOG: [36m'ngOnInit - user:*', UserModel{key: '', birthDate: '', email: '', firstName: '', DSA: false, DVA: false, BES: false, ADHD: false, noteDisabilita: '', pdpUrl: [], lastName: '', password: '', classKey: '', phoneNumber: '', role: 3, userName: '', assignedClasses: [], classesKey: []}[39m
Chrome Headless 143.0.0.0 (Linux 0.0.0): Executed 39 of 131[31m (10 FAILED)[39m (0 secs / 1.81 secs)
LOG: 'ngOnInit - user:*', UserModel{key: '', birthDate: '', email: '', firstName: '', DSA: false, DVA: false, BES: false, ADHD: false, noteDisabilita: '', pdpUrl: [], lastName: '', password: '', classKey: '', phoneNumber: '', role: 3, userName: '', assignedClasses: [], classesKey: []}
[1A[2KLOG: [36m'User in effect:*', UserModel{key: '', birthDate: '', email: '', firstName: '', DSA: false, DVA: false, BES: false, ADHD: false, noteDisabilita: '', pdpUrl: [], lastName: '', password: '', classKey: '', phoneNumber: '', role: 3, userName: '', assignedClasses: [], classesKey: []}[39m
Chrome Headless 143.0.0.0 (Linux 0.0.0): Executed 39 of 131[31m (10 FAILED)[39m (0 secs / 1.81 secs)
LOG: 'User in effect:*', UserModel{key: '', birthDate: '', email: '', firstName: '', DSA: false, DVA: false, BES: false, ADHD: false, noteDisabilita: '', pdpUrl: [], lastName: '', password: '', classKey: '', phoneNumber: '', role: 3, userName: '', assignedClasses: [], classesKey: []}
[1A[2KWARN: [36m'User is null or undefined*'[39m
Chrome Headless 143.0.0.0 (Linux 0.0.0): Executed 39 of 131[31m (10 FAILED)[39m (0 secs / 1.81 secs)
WARN: 'User is null or undefined*'
[1A[2KLOG: [36m'UserGeneralities2Component - ngAfterViewInit'[39m
Chrome Headless 143.0.0.0 (Linux 0.0.0): Executed 39 of 131[31m (10 FAILED)[39m (0 secs / 1.81 secs)
LOG: 'UserGeneralities2Component - ngAfterViewInit'
[1A[2KLOG: [36m'Form controls after view init:', Object{firstName: FormControl{_pendingDirty: false, _hasOwnPendingAsyncValidator: null, _pendingTouched: false, _onCollectionChange: () => { ... }, _updateOn: undefined, _parent: FormGroup{_pendingDirty: ..., _hasOwnPendingAsyncValidator: ..., _pendingTouched: ..., _onCollectionChange: ..., _updateOn: ..., _parent: ..., _asyncValidationSubscription: ..., _composedValidatorFn: ..., _composedAsyncValidatorFn: ..., _rawValidators: ..., _rawAsyncValidators: ..., value: ..., _status: ..., statusReactive: ..., errors: ..., _pristine: ..., pristineReactive: ..., _touched: ..., touchedReactive: ..., _events: ..., events: ..., valueChanges: ..., statusChanges: ..., _onDisabledChange: ..., controls: ...}, _asyncValidationSubscription: undefined, _composedValidatorFn: function (control) { ... }, _composedAsyncValidatorFn: null, _rawValidators: [...], _rawAsyncValidators: null, value: '', _status: [Computed: INVALID], statusReactive: [Signal: INVALID], errors: Object{required: ...}, _pristine: [Computed: true], pristineReactive: [Signal: true], _touched: [Computed: false], touchedReactive: [Signal: false], _events: Subject{closed: ..., currentObservers: ..., observers: ..., isStopped: ..., hasError: ..., thrownError: ...}, events: Observable{source: ...}, valueChanges: EventEmitter_{closed: ..., currentObservers: ..., observers: ..., isStopped: ..., hasError: ..., thrownError: ..., __isAsync: ..., destroyRef: ..., pendingTasks: ...}, statusChanges: EventEmitter_{closed: ..., currentObservers: ..., observers: ..., isStopped: ..., hasError: ..., thrownError: ..., __isAsync: ..., destroyRef: ..., pendingTasks: ...}, _onDisabledChange: [...], defaultValue: null, _onChange: [...], _pendingValue: '', _pendingChange: false}, lastName: FormControl{_pendingDirty: false, _hasOwnPendingAsyncValidator: null, _pendingTouched: false, _onCollectionChange: () => { ... }, _updateOn: undefined, _parent: FormGroup{_pendingDirty: ..., _hasOwnPendingAsyncValidator: ..., _pendingTouched: ..., _onCollectionChange: ..., _updateOn: ..., _parent: ..., _asyncValidationSubscription: ..., _composedValidatorFn: ..., _composedAsyncValidatorFn: ..., _rawValidators: ..., _rawAsyncValidators: ..., value: ..., _status: ..., statusReactive: ..., errors: ..., _pristine: ..., pristineReactive: ..., _touched: ..., touchedReactive: ..., _events: ..., events: ..., valueChanges: ..., statusChanges: ..., _onDisabledChange: ..., controls: ...}, _asyncValidationSubscription: undefined, _composedValidatorFn: function (control) { ... }, _composedAsyncValidatorFn: null, _rawValidators: [...], _rawAsyncValidators: null, value: '', _status: [Computed: INVALID], statusReactive: [Signal: INVALID], errors: Object{required: ...}, _pristine: [Computed: true], pristineReactive: [Signal: true], _touched: [Computed: false], touchedReactive: [Signal: false], _events: Subject{closed: ..., currentObservers: ..., observers: ..., isStopped: ..., hasError: ..., thrownError: ...}, events: Observable{source: ...}, valueChanges: EventEmitter_{closed: ..., currentObservers: ..., observers: ..., isStopped: ..., hasError: ..., thrownError: ..., __isAsync: ..., destroyRef: ..., pendingTasks: ...}, statusChanges: EventEmitter_{closed: ..., currentObservers: ..., observers: ..., isStopped: ..., hasError: ..., thrownError: ..., __isAsync: ..., destroyRef: ..., pendingTasks: ...}, _onDisabledChange: [...], defaultValue: null, _onChange: [...], _pendingValue: '', _pendingChange: false}, userName: FormControl{_pendingDirty: false, _hasOwnPendingAsyncValidator: null, _pendingTouched: false, _onCollectionChange: () => { ... }, _updateOn: undefined, _parent: FormGroup{_pendingDirty: ..., _hasOwnPendingAsyncValidator: ..., _pendingTouched: ..., _onCollectionChange: ..., _updateOn: ..., _parent: ..., _asyncValidationSubscription: ..., _composedValidatorFn: ..., _composedAsyncValidatorFn: ..., _rawValidators: ..., _rawAsyncValidators: ..., value: ..., _status: ..., statusReactive: ..., errors: ..., _pristine: ..., pristineReactive: ..., _touched: ..., touchedReactive: ..., _events: ..., events: ..., valueChanges: ..., statusChanges: ..., _onDisabledChange: ..., controls: ...}, _asyncValidationSubscription: undefined, _composedValidatorFn: null, _composedAsyncValidatorFn: null, _rawValidators: null, _rawAsyncValidators: null, value: '', _status: [Computed: VALID], statusReactive: [Signal: VALID], errors: null, _pristine: [Computed: true], pristineReactive: [Signal: true], _touched: [Computed: false], touchedReactive: [Signal: false], _events: Subject{closed: ..., currentObservers: ..., observers: ..., isStopped: ..., hasError: ..., thrownError: ...}, events: Observable{source: ...}, valueChanges: EventEmitter_{closed: ..., currentObservers: ..., observers: ..., isStopped: ..., hasError: ..., thrownError: ..., __isAsync: ..., destroyRef: ..., pendingTasks: ...}, statusChanges: EventEmitter_{closed: ..., currentObservers: ..., observers: ..., isStopped: ..., hasError: ..., thrownError: ..., __isAsync: ..., destroyRef: ..., pendingTasks: ...}, _onDisabledChange: [...], defaultValue: null, _onChange: [...], _pendingValue: '', _pendingChange: false}, email: FormControl{_pendingDirty: false, _hasOwnPendingAsyncValidator: null, _pendingTouched: false, _onCollectionChange: () => { ... }, _updateOn: undefined, _parent: FormGroup{_pendingDirty: ..., _hasOwnPendingAsyncValidator: ..., _pendingTouched: ..., _onCollectionChange: ..., _updateOn: ..., _parent: ..., _asyncValidationSubscription: ..., _composedValidatorFn: ..., _composedAsyncValidatorFn: ..., _rawValidators: ..., _rawAsyncValidators: ..., value: ..., _status: ..., statusReactive: ..., errors: ..., _pristine: ..., pristineReactive: ..., _touched: ..., touchedReactive: ..., _events: ..., events: ..., valueChanges: ..., statusChanges: ..., _onDisabledChange: ..., controls: ...}, _asyncValidationSubscription: undefined, _composedValidatorFn: function (control) { ... }, _composedAsyncValidatorFn: null, _rawValidators: [...], _rawAsyncValidators: null, value: '', _status: [Computed: INVALID], statusReactive: [Signal: INVALID], errors: Object{required: ...}, _pristine: [Computed: true], pristineReactive: [Signal: true], _touched: [Computed: false], touchedReactive: [Signal: false], _events: Subject{closed: ..., currentObservers: ..., observers: ..., isStopped: ..., hasError: ..., thrownError: ...}, events: Observable{source: ...}, valueChanges: EventEmitter_{closed: ..., currentObservers: ..., observers: ..., isStopped: ..., hasError: ..., thrownError: ..., __isAsync: ..., destroyRef: ..., pendingTasks: ...}, statusChanges: EventEmitter_{closed: ..., currentObservers: ..., observers: ..., isStopped: ..., hasError: ..., thrownError: ..., __isAsync: ..., destroyRef: ..., pendingTasks: ...}, _onDisabledChange: [...], defaultValue: null, _onChange: [...], _pendingValue: '', _pendingChange: false}, role: FormControl{_pendingDirty: false, _hasOwnPendingAsyncValidator: null, _pendingTouched: false, _onCollectionChange: () => { ... }, _updateOn: undefined, _parent: FormGroup{_pendingDirty: ..., _hasOwnPendingAsyncValidator: ..., _pendingTouched: ..., _onCollectionChange: ..., _updateOn: ..., _parent: ..., _asyncValidationSubscription: ..., _composedValidatorFn: ..., _composedAsyncValidatorFn: ..., _rawValidators: ..., _rawAsyncValidators: ..., value: ..., _status: ..., statusReactive: ..., errors: ..., _pristine: ..., pristineReactive: ..., _touched: ..., touchedReactive: ..., _events: ..., events: ..., valueChanges: ..., statusChanges: ..., _onDisabledChange: ..., controls: ...}, _asyncValidationSubscription: undefined, _composedValidatorFn: null, _composedAsyncValidatorFn: null, _rawValidators: null, _rawAsyncValidators: null, value: 3, _status: [Computed: VALID], statusReactive: [Signal: VALID], errors: null, _pristine: [Computed: true], pristineReactive: [Signal: true], _touched: [Computed: false], touchedReactive: [Signal: false], _events: Subject{closed: ..., currentObservers: ..., observers: ..., isStopped: ..., hasError: ..., thrownError: ...}, events: Observable{source: ...}, valueChanges: EventEmitter_{closed: ..., currentObservers: ..., observers: ..., isStopped: ..., hasError: ..., thrownError: ..., __isAsync: ..., destroyRef: ..., pendingTasks: ...}, statusChanges: EventEmitter_{closed: ..., currentObservers: ..., observers: ..., isStopped: ..., hasError: ..., thrownError: ..., __isAsync: ..., destroyRef: ..., pendingTasks: ...}, _onDisabledChange: [...], defaultValue: null, _onChange: [...], _pendingValue: 3, _pendingChange: false}, DVA: FormControl{_pendingDirty: false, _hasOwnPendingAsyncValidator: null, _pendingTouched: false, _onCollectionChange: () => { ... }, _updateOn: undefined, _parent: FormGroup{_pendingDirty: ..., _hasOwnPendingAsyncValidator: ..., _pendingTouched: ..., _onCollectionChange: ..., _updateOn: ..., _parent: ..., _asyncValidationSubscription: ..., _composedValidatorFn: ..., _composedAsyncValidatorFn: ..., _rawValidators: ..., _rawAsyncValidators: ..., value: ..., _status: ..., statusReactive: ..., errors: ..., _pristine: ..., pristineReactive: ..., _touched: ..., touchedReactive: ..., _events: ..., events: ..., valueChanges: ..., statusChanges: ..., _onDisabledChange: ..., controls: ...}, _asyncValidationSubscription: undefined, _composedValidatorFn: null, _composedAsyncValidatorFn: null, _rawValidators: null, _rawAsyncValidators: null, value: false, _status: [Computed: VALID], statusReactive: [Signal: VALID], errors: null, _pristine: [Computed: true], pristineReactive: [Signal: true], _touched: [Computed: false], touchedReactive: [Signal: false], _events: Subject{closed: ..., currentObservers: ..., observers: ..., isStopped: ..., hasError: ..., thrownError: ...}, events: Observable{source: ...}, valueChanges: EventEmitter_{closed: ..., currentObservers: ..., observers: ..., isStopped: ..., hasError: ..., thrownError: ..., __isAsync: ..., destroyRef: ..., pendingTasks: ...}, statusChanges: EventEmitter_{closed: ..., currentObservers: ..., observers: ..., isStopped: ..., hasError: ..., thrownError: ..., __isAsync: ..., destroyRef: ..., pendingTasks: ...}, _onDisabledChange: [...], defaultValue: null, _onChange: [...], _pendingValue: false, _pendingChange: false}, DSA: FormControl{_pendingDirty: false, _hasOwnPendingAsyncValidator: null, _pendingTouched: false, _onCollectionChange: () => { ... }, _updateOn: undefined, _parent: FormGroup{_pendingDirty: ..., _hasOwnPendingAsyncValidator: ..., _pendingTouched: ..., _onCollectionChange: ..., _updateOn: ..., _parent: ..., _asyncValidationSubscription: ..., _composedValidatorFn: ..., _composedAsyncValidatorFn: ..., _rawValidators: ..., _rawAsyncValidators: ..., value: ..., _status: ..., statusReactive: ..., errors: ..., _pristine: ..., pristineReactive: ..., _touched: ..., touchedReactive: ..., _events: ..., events: ..., valueChanges: ..., statusChanges: ..., _onDisabledChange: ..., controls: ...}, _asyncValidationSubscription: undefined, _composedValidatorFn: null, _composedAsyncValidatorFn: null, _rawValidators: null, _rawAsyncValidators: null, value: false, _status: [Computed: VALID], statusReactive: [Signal: VALID], errors: null, _pristine: [Computed: true], pristineReactive: [Signal: true], _touched: [Computed: false], touchedReactive: [Signal: false], _events: Subject{closed: ..., currentObservers: ..., observers: ..., isStopped: ..., hasError: ..., thrownError: ...}, events: Observable{source: ...}, valueChanges: EventEmitter_{closed: ..., currentObservers: ..., observers: ..., isStopped: ..., hasError: ..., thrownError: ..., __isAsync: ..., destroyRef: ..., pendingTasks: ...}, statusChanges: EventEmitter_{closed: ..., currentObservers: ..., observers: ..., isStopped: ..., hasError: ..., thrownError: ..., __isAsync: ..., destroyRef: ..., pendingTasks: ...}, _onDisabledChange: [...], defaultValue: null, _onChange: [...], _pendingValue: false, _pendingChange: false}, BES: FormControl{_pendingDirty: false, _hasOwnPendingAsyncValidator: null, _pendingTouched: false, _onCollectionChange: () => { ... }, _updateOn: undefined, _parent: FormGroup{_pendingDirty: ..., _hasOwnPendingAsyncValidator: ..., _pendingTouched: ..., _onCollectionChange: ..., _updateOn: ..., _parent: ..., _asyncValidationSubscription: ..., _composedValidatorFn: ..., _composedAsyncValidatorFn: ..., _rawValidators: ..., _rawAsyncValidators: ..., value: ..., _status: ..., statusReactive: ..., errors: ..., _pristine: ..., pristineReactive: ..., _touched: ..., touchedReactive: ..., _events: ..., events: ..., valueChanges: ..., statusChanges: ..., _onDisabledChange: ..., controls: ...}, _asyncValidationSubscription: undefined, _composedValidatorFn: null, _composedAsyncValidatorFn: null, _rawValidators: null, _rawAsyncValidators: null, value: false, _status: [Computed: VALID], statusReactive: [Signal: VALID], errors: null, _pristine: [Computed: true], pristineReactive: [Signal: true], _touched: [Computed: false], touchedReactive: [Signal: false], _events: Subject{closed: ..., currentObservers: ..., observers: ..., isStopped: ..., hasError: ..., thrownError: ...}, events: Observable{source: ...}, valueChanges: EventEmitter_{closed: ..., currentObservers: ..., observers: ..., isStopped: ..., hasError: ..., thrownError: ..., __isAsync: ..., destroyRef: ..., pendingTasks: ...}, statusChanges: EventEmitter_{closed: ..., currentObservers: ..., observers: ..., isStopped: ..., hasError: ..., thrownError: ..., __isAsync: ..., destroyRef: ..., pendingTasks: ...}, _onDisabledChange: [...], defaultValue: null, _onChange: [...], _pendingValue: false, _pendingChange: false}, ADHD: FormControl{_pendingDirty: false, _hasOwnPendingAsyncValidator: null, _pendingTouched: false, _onCollectionChange: () => { ... }, _updateOn: undefined, _parent: FormGroup{_pendingDirty: ..., _hasOwnPendingAsyncValidator: ..., _pendingTouched: ..., _onCollectionChange: ..., _updateOn: ..., _parent: ..., _asyncValidationSubscription: ..., _composedValidatorFn: ..., _composedAsyncValidatorFn: ..., _rawValidators: ..., _rawAsyncValidators: ..., value: ..., _status: ..., statusReactive: ..., errors: ..., _pristine: ..., pristineReactive: ..., _touched: ..., touchedReactive: ..., _events: ..., events: ..., valueChanges: ..., statusChanges: ..., _onDisabledChange: ..., controls: ...}, _asyncValidationSubscription: undefined, _composedValidatorFn: null, _composedAsyncValidatorFn: null, _rawValidators: null, _rawAsyncValidators: null, value: false, _status: [Computed: VALID], statusReactive: [Signal: VALID], errors: null, _pristine: [Computed: true], pristineReactive: [Signal: true], _touched: [Computed: false], touchedReactive: [Signal: false], _events: Subject{closed: ..., currentObservers: ..., observers: ..., isStopped: ..., hasError: ..., thrownError: ...}, events: Observable{source: ...}, valueChanges: EventEmitter_{closed: ..., currentObservers: ..., observers: ..., isStopped: ..., hasError: ..., thrownError: ..., __isAsync: ..., destroyRef: ..., pendingTasks: ...}, statusChanges: EventEmitter_{closed: ..., currentObservers: ..., observers: ..., isStopped: ..., hasError: ..., thrownError: ..., __isAsync: ..., destroyRef: ..., pendingTasks: ...}, _onDisabledChange: [...], defaultValue: null, _onChange: [...], _pendingValue: false, _pendingChange: false}, noteDisabilita: FormControl{_pendingDirty: false, _hasOwnPendingAsyncValidator: null, _pendingTouched: false, _onCollectionChange: () => { ... }, _updateOn: undefined, _parent: FormGroup{_pendingDirty: ..., _hasOwnPendingAsyncValidator: ..., _pendingTouched: ..., _onCollectionChange: ..., _updateOn: ..., _parent: ..., _asyncValidationSubscription: ..., _composedValidatorFn: ..., _composedAsyncValidatorFn: ..., _rawValidators: ..., _rawAsyncValidators: ..., value: ..., _status: ..., statusReactive: ..., errors: ..., _pristine: ..., pristineReactive: ..., _touched: ..., touchedReactive: ..., _events: ..., events: ..., valueChanges: ..., statusChanges: ..., _onDisabledChange: ..., controls: ...}, _asyncValidationSubscription: undefined, _composedValidatorFn: null, _composedAsyncValidatorFn: null, _rawValidators: null, _rawAsyncValidators: null, value: '', _status: [Computed: VALID], statusReactive: [Signal: VALID], errors: null, _pristine: [Computed: true], pristineReactive: [Signal: true], _touched: [Computed: false], touchedReactive: [Signal: false], _events: Subject{closed: ..., currentObservers: ..., observers: ..., isStopped: ..., hasError: ..., thrownError: ...}, events: Observable{source: ...}, valueChanges: EventEmitter_{closed: ..., currentObservers: ..., observers: ..., isStopped: ..., hasError: ..., thrownError: ..., __isAsync: ..., destroyRef: ..., pendingTasks: ...}, statusChanges: EventEmitter_{closed: ..., currentObservers: ..., observers: ..., isStopped: ..., hasError: ..., thrownError: ..., __isAsync: ..., destroyRef: ..., pendingTasks: ...}, _onDisabledChange: [...], defaultValue: null, _onChange: [...], _pendingValue: '', _pendingChange: false}, pdpUrl: FormControl{_pendingDirty: false, _hasOwnPendingAsyncValidator: null, _pendingTouched: false, _onCollectionChange: () => { ... }, _updateOn: undefined, _parent: FormGroup{_pendingDirty: ..., _hasOwnPendingAsyncValidator: ..., _pendingTouched: ..., _onCollectionChange: ..., _updateOn: ..., _parent: ..., _asyncValidationSubscription: ..., _composedValidatorFn: ..., _composedAsyncValidatorFn: ..., _rawValidators: ..., _rawAsyncValidators: ..., value: ..., _status: ..., statusReactive: ..., errors: ..., _pristine: ..., pristineReactive: ..., _touched: ..., touchedReactive: ..., _events: ..., events: ..., valueChanges: ..., statusChanges: ..., _onDisabledChange: ..., controls: ...}, _asyncValidationSubscription: undefined, _composedValidatorFn: null, _composedAsyncValidatorFn: null, _rawValidators: null, _rawAsyncValidators: null, value: '', _status: [Computed: VALID], statusReactive: [Signal: VALID], errors: null, _pristine: [Computed: true], pristineReactive: [Signal: true], _touched: [Computed: false], touchedReactive: [Signal: false], _events: Subject{closed: ..., currentObservers: ..., observers: ..., isStopped: ..., hasError: ..., thrownError: ...}, events: Observable{source: ...}, valueChanges: EventEmitter_{closed: ..., currentObservers: ..., observers: ..., isStopped: ..., hasError: ..., thrownError: ..., __isAsync: ..., destroyRef: ..., pendingTasks: ...}, statusChanges: EventEmitter_{closed: ..., currentObservers: ..., observers: ..., isStopped: ..., hasError: ..., thrownError: ..., __isAsync: ..., destroyRef: ..., pendingTasks: ...}, _onDisabledChange: [], defaultValue: null, _onChange: [], _pendingValue: '', _pendingChange: false}, phoneNumber: FormControl{_pendingDirty: false, _hasOwnPendingAsyncValidator: null, _pendingTouched: false, _onCollectionChange: () => { ... }, _updateOn: undefined, _parent: FormGroup{_pendingDirty: ..., _hasOwnPendingAsyncValidator: ..., _pendingTouched: ..., _onCollectionChange: ..., _updateOn: ..., _parent: ..., _asyncValidationSubscription: ..., _composedValidatorFn: ..., _composedAsyncValidatorFn: ..., _rawValidators: ..., _rawAsyncValidators: ..., value: ..., _status: ..., statusReactive: ..., errors: ..., _pristine: ..., pristineReactive: ..., _touched: ..., touchedReactive: ..., _events: ..., events: ..., valueChanges: ..., statusChanges: ..., _onDisabledChange: ..., controls: ...}, _asyncValidationSubscription: undefined, _composedValidatorFn: null, _composedAsyncValidatorFn: null, _rawValidators: null, _rawAsyncValidators: null, value: '', _status: [Computed: VALID], statusReactive: [Signal: VALID], errors: null, _pristine: [Computed: true], pristineReactive: [Signal: true], _touched: [Computed: false], touchedReactive: [Signal: false], _events: Subject{closed: ..., currentObservers: ..., observers: ..., isStopped: ..., hasError: ..., thrownError: ...}, events: Observable{source: ...}, valueChanges: EventEmitter_{closed: ..., currentObservers: ..., observers: ..., isStopped: ..., hasError: ..., thrownError: ..., __isAsync: ..., destroyRef: ..., pendingTasks: ...}, statusChanges: EventEmitter_{closed: ..., currentObservers: ..., observers: ..., isStopped: ..., hasError: ..., thrownError: ..., __isAsync: ..., destroyRef: ..., pendingTasks: ...}, _onDisabledChange: [...], defaultValue: null, _onChange: [...], _pendingValue: '', _pendingChange: false}, birthDate: FormControl{_pendingDirty: false, _hasOwnPendingAsyncValidator: null, _pendingTouched: false, _onCollectionChange: () => { ... }, _updateOn: undefined, _parent: FormGroup{_pendingDirty: ..., _hasOwnPendingAsyncValidator: ..., _pendingTouched: ..., _onCollectionChange: ..., _updateOn: ..., _parent: ..., _asyncValidationSubscription: ..., _composedValidatorFn: ..., _composedAsyncValidatorFn: ..., _rawValidators: ..., _rawAsyncValidators: ..., value: ..., _status: ..., statusReactive: ..., errors: ..., _pristine: ..., pristineReactive: ..., _touched: ..., touchedReactive: ..., _events: ..., events: ..., valueChanges: ..., statusChanges: ..., _onDisabledChange: ..., controls: ...}, _asyncValidationSubscription: undefined, _composedValidatorFn: null, _composedAsyncValidatorFn: null, _rawValidators: null, _rawAsyncValidators: null, value: '', _status: [Computed: VALID], statusReactive: [Signal: VALID], errors: null, _pristine: [Computed: true], pristineReactive: [Signal: true], _touched: [Computed: false], touchedReactive: [Signal: false], _events: Subject{closed: ..., currentObservers: ..., observers: ..., isStopped: ..., hasError: ..., thrownError: ...}, events: Observable{source: ...}, valueChanges: EventEmitter_{closed: ..., currentObservers: ..., observers: ..., isStopped: ..., hasError: ..., thrownError: ..., __isAsync: ..., destroyRef: ..., pendingTasks: ...}, statusChanges: EventEmitter_{closed: ..., currentObservers: ..., observers: ..., isStopped: ..., hasError: ..., thrownError: ..., __isAsync: ..., destroyRef: ..., pendingTasks: ...}, _onDisabledChange: [...], defaultValue: null, _onChange: [...], _pendingValue: '', _pendingChange: false}, classKey: FormControl{_pendingDirty: false, _hasOwnPendingAsyncValidator: null, _pendingTouched: false, _onCollectionChange: () => { ... }, _updateOn: undefined, _parent: FormGroup{_pendingDirty: ..., _hasOwnPendingAsyncValidator: ..., _pendingTouched: ..., _onCollectionChange: ..., _updateOn: ..., _parent: ..., _asyncValidationSubscription: ..., _composedValidatorFn: ..., _composedAsyncValidatorFn: ..., _rawValidators: ..., _rawAsyncValidators: ..., value: ..., _status: ..., statusReactive: ..., errors: ..., _pristine: ..., pristineReactive: ..., _touched: ..., touchedReactive: ..., _events: ..., events: ..., valueChanges: ..., statusChanges: ..., _onDisabledChange: ..., controls: ...}, _asyncValidationSubscription: undefined, _composedValidatorFn: null, _composedAsyncValidatorFn: null, _rawValidators: null, _rawAsyncValidators: null, value: '', _status: [Computed: VALID], statusReactive: [Signal: VALID], errors: null, _pristine: [Computed: true], pristineReactive: [Signal: true], _touched: [Computed: false], touchedReactive: [Signal: false], _events: Subject{closed: ..., currentObservers: ..., observers: ..., isStopped: ..., hasError: ..., thrownError: ...}, events: Observable{source: ...}, valueChanges: EventEmitter_{closed: ..., currentObservers: ..., observers: ..., isStopped: ..., hasError: ..., thrownError: ..., __isAsync: ..., destroyRef: ..., pendingTasks: ...}, statusChanges: EventEmitter_{closed: ..., currentObservers: ..., observers: ..., isStopped: ..., hasError: ..., thrownError: ..., __isAsync: ..., destroyRef: ..., pendingTasks: ...}, _onDisabledChange: [...], defaultValue: null, _onChange: [...], _pendingValue: '', _pendingChange: false}, classes: FormControl{_pendingDirty: false, _hasOwnPendingAsyncValidator: null, _pendingTouched: false, _onCollectionChange: () => { ... }, _updateOn: undefined, _parent: FormGroup{_pendingDirty: ..., _hasOwnPendingAsyncValidator: ..., _pendingTouched: ..., _onCollectionChange: ..., _updateOn: ..., _parent: ..., _asyncValidationSubscription: ..., _composedValidatorFn: ..., _composedAsyncValidatorFn: ..., _rawValidators: ..., _rawAsyncValidators: ..., value: ..., _status: ..., statusReactive: ..., errors: ..., _pristine: ..., pristineReactive: ..., _touched: ..., touchedReactive: ..., _events: ..., events: ..., valueChanges: ..., statusChanges: ..., _onDisabledChange: ..., controls: ...}, _asyncValidationSubscription: undefined, _composedValidatorFn: null, _composedAsyncValidatorFn: null, _rawValidators: null, _rawAsyncValidators: null, value: [], _status: [Computed: VALID], statusReactive: [Signal: VALID], errors: null, _pristine: [Computed: true], pristineReactive: [Signal: true], _touched: [Computed: false], touchedReactive: [Signal: false], _events: Subject{closed: ..., currentObservers: ..., observers: ..., isStopped: ..., hasError: ..., thrownError: ...}, events: Observable{source: ...}, valueChanges: EventEmitter_{closed: ..., currentObservers: ..., observers: ..., isStopped: ..., hasError: ..., thrownError: ..., __isAsync: ..., destroyRef: ..., pendingTasks: ...}, statusChanges: EventEmitter_{closed: ..., currentObservers: ..., observers: ..., isStopped: ..., hasError: ..., thrownError: ..., __isAsync: ..., destroyRef: ..., pendingTasks: ...}, _onDisabledChange: [], defaultValue: null, _onChange: [], _pendingValue: [], _pendingChange: false}}[39m
Chrome Headless 143.0.0.0 (Linux 0.0.0): Executed 39 of 131[31m (10 FAILED)[39m (0 secs / 1.81 secs)
LOG: 'Form controls after view init:', Object{firstName: FormControl{_pendingDirty: false, _hasOwnPendingAsyncValidator: null, _pendingTouched: false, _onCollectionChange: () => { ... }, _updateOn: undefined, _parent: FormGroup{_pendingDirty: ..., _hasOwnPendingAsyncValidator: ..., _pendingTouched: ..., _onCollectionChange: ..., _updateOn: ..., _parent: ..., _asyncValidationSubscription: ..., _composedValidatorFn: ..., _composedAsyncValidatorFn: ..., _rawValidators: ..., _rawAsyncValidators: ..., value: ..., _status: ..., statusReactive: ..., errors: ..., _pristine: ..., pristineReactive: ..., _touched: ..., touchedReactive: ..., _events: ..., events: ..., valueChanges: ..., statusChanges: ..., _onDisabledChange: ..., controls: ...}, _asyncValidationSubscription: undefined, _composedValidatorFn: function (control) { ... }, _composedAsyncValidatorFn: null, _rawValidators: [...], _rawAsyncValidators: null, value: '', _status: [Computed: INVALID], statusReactive: [Signal: INVALID], errors: Object{required: ...}, _pristine: [Computed: true], pristineReactive: [Signal: true], _touched: [Computed: false], touchedReactive: [Signal: false], _events: Subject{closed: ..., currentObservers: ..., observers: ..., isStopped: ..., hasError: ..., thrownError: ...}, events: Observable{source: ...}, valueChanges: EventEmitter_{closed: ..., currentObservers: ..., observers: ..., isStopped: ..., hasError: ..., thrownError: ..., __isAsync: ..., destroyRef: ..., pendingTasks: ...}, statusChanges: EventEmitter_{closed: ..., currentObservers: ..., observers: ..., isStopped: ..., hasError: ..., thrownError: ..., __isAsync: ..., destroyRef: ..., pendingTasks: ...}, _onDisabledChange: [...], defaultValue: null, _onChange: [...], _pendingValue: '', _pendingChange: false}, lastName: FormControl{_pendingDirty: false, _hasOwnPendingAsyncValidator: null, _pendingTouched: false, _onCollectionChange: () => { ... }, _updateOn: undefined, _parent: FormGroup{_pendingDirty: ..., _hasOwnPendingAsyncValidator: ..., _pendingTouched: ..., _onCollectionChange: ..., _updateOn: ..., _parent: ..., _asyncValidationSubscription: ..., _composedValidatorFn: ..., _composedAsyncValidatorFn: ..., _rawValidators: ..., _rawAsyncValidators: ..., value: ..., _status: ..., statusReactive: ..., errors: ..., _pristine: ..., pristineReactive: ..., _touched: ..., touchedReactive: ..., _events: ..., events: ..., valueChanges: ..., statusChanges: ..., _onDisabledChange: ..., controls: ...}, _asyncValidationSubscription: undefined, _composedValidatorFn: function (control) { ... }, _composedAsyncValidatorFn: null, _rawValidators: [...], _rawAsyncValidators: null, value: '', _status: [Computed: INVALID], statusReactive: [Signal: INVALID], errors: Object{required: ...}, _pristine: [Computed: true], pristineReactive: [Signal: true], _touched: [Computed: false], touchedReactive: [Signal: false], _events: Subject{closed: ..., currentObservers: ..., observers: ..., isStopped: ..., hasError: ..., thrownError: ...}, events: Observable{source: ...}, valueChanges: EventEmitter_{closed: ..., currentObservers: ..., observers: ..., isStopped: ..., hasError: ..., thrownError: ..., __isAsync: ..., destroyRef: ..., pendingTasks: ...}, statusChanges: EventEmitter_{closed: ..., currentObservers: ..., observers: ..., isStopped: ..., hasError: ..., thrownError: ..., __isAsync: ..., destroyRef: ..., pendingTasks: ...}, _onDisabledChange: [...], defaultValue: null, _onChange: [...], _pendingValue: '', _pendingChange: false}, userName: FormControl{_pendingDirty: false, _hasOwnPendingAsyncValidator: null, _pendingTouched: false, _onCollectionChange: () => { ... }, _updateOn: undefined, _parent: FormGroup{_pendingDirty: ..., _hasOwnPendingAsyncValidator: ..., _pendingTouched: ..., _onCollectionChange: ..., _updateOn: ..., _parent: ..., _asyncValidationSubscription: ..., _composedValidatorFn: ..., _composedAsyncValidatorFn: ..., _rawValidators: ..., _rawAsyncValidators: ..., value: ..., _status: ..., statusReactive: ..., errors: ..., _pristine: ..., pristineReactive: ..., _touched: ..., touchedReactive: ..., _events: ..., events: ..., valueChanges: ..., statusChanges: ..., _onDisabledChange: ..., controls: ...}, _asyncValidationSubscription: undefined, _composedValidatorFn: null, _composedAsyncValidatorFn: null, _rawValidators: null, _rawAsyncValidators: null, value: '', _status: [Computed: VALID], statusReactive: [Signal: VALID], errors: null, _pristine: [Computed: true], pristineReactive: [Signal: true], _touched: [Computed: false], touchedReactive: [Signal: false], _events: Subject{closed: ..., currentObservers: ..., observers: ..., isStopped: ..., hasError: ..., thrownError: ...}, events: Observable{source: ...}, valueChanges: EventEmitter_{closed: ..., currentObservers: ..., observers: ..., isStopped: ..., hasError: ..., thrownError: ..., __isAsync: ..., destroyRef: ..., pendingTasks: ...}, statusChanges: EventEmitter_{closed: ..., currentObservers: ..., observers: ..., isStopped: ..., hasError: ..., thrownError: ..., __isAsync: ..., destroyRef: ..., pendingTasks: ...}, _onDisabledChange: [...], defaultValue: null, _onChange: [...], _pendingValue: '', _pendingChange: false}, email: FormControl{_pendingDirty: false, _hasOwnPendingAsyncValidator: null, _pendingTouched: false, _onCollectionChange: () => { ... }, _updateOn: undefined, _parent: FormGroup{_pendingDirty: ..., _hasOwnPendingAsyncValidator: ..., _pendingTouched: ..., _onCollectionChange: ..., _updateOn: ..., _parent: ..., _asyncValidationSubscription: ..., _composedValidatorFn: ..., _composedAsyncValidatorFn: ..., _rawValidators: ..., _rawAsyncValidators: ..., value: ..., _status: ..., statusReactive: ..., errors: ..., _pristine: ..., pristineReactive: ..., _touched: ..., touchedReactive: ..., _events: ..., events: ..., valueChanges: ..., statusChanges: ..., _onDisabledChange: ..., controls: ...}, _asyncValidationSubscription: undefined, _composedValidatorFn: function (control) { ... }, _composedAsyncValidatorFn: null, _rawValidators: [...], _rawAsyncValidators: null, value: '', _status: [Computed: INVALID], statusReactive: [Signal: INVALID], errors: Object{required: ...}, _pristine: [Computed: true], pristineReactive: [Signal: true], _touched: [Computed: false], touchedReactive: [Signal: false], _events: Subject{closed: ..., currentObservers: ..., observers: ..., isStopped: ..., hasError: ..., thrownError: ...}, events: Observable{source: ...}, valueChanges: EventEmitter_{closed: ..., currentObservers: ..., observers: ..., isStopped: ..., hasError: ..., thrownError: ..., __isAsync: ..., destroyRef: ..., pendingTasks: ...}, statusChanges: EventEmitter_{closed: ..., currentObservers: ..., observers: ..., isStopped: ..., hasError: ..., thrownError: ..., __isAsync: ..., destroyRef: ..., pendingTasks: ...}, _onDisabledChange: [...], defaultValue: null, _onChange: [...], _pendingValue: '', _pendingChange: false}, role: FormControl{_pendingDirty: false, _hasOwnPendingAsyncValidator: null, _pendingTouched: false, _onCollectionChange: () => { ... }, _updateOn: undefined, _parent: FormGroup{_pendingDirty: ..., _hasOwnPendingAsyncValidator: ..., _pendingTouched: ..., _onCollectionChange: ..., _updateOn: ..., _parent: ..., _asyncValidationSubscription: ..., _composedValidatorFn: ..., _composedAsyncValidatorFn: ..., _rawValidators: ..., _rawAsyncValidators: ..., value: ..., _status: ..., statusReactive: ..., errors: ..., _pristine: ..., pristineReactive: ..., _touched: ..., touchedReactive: ..., _events: ..., events: ..., valueChanges: ..., statusChanges: ..., _onDisabledChange: ..., controls: ...}, _asyncValidationSubscription: undefined, _composedValidatorFn: null, _composedAsyncValidatorFn: null, _rawValidators: null, _rawAsyncValidators: null, value: 3, _status: [Computed: VALID], statusReactive: [Signal: VALID], errors: null, _pristine: [Computed: true], pristineReactive: [Signal: true], _touched: [Computed: false], touchedReactive: [Signal: false], _events: Subject{closed: ..., currentObservers: ..., observers: ..., isStopped: ..., hasError: ..., thrownError: ...}, events: Observable{source: ...}, valueChanges: EventEmitter_{closed: ..., currentObservers: ..., observers: ..., isStopped: ..., hasError: ..., thrownError: ..., __isAsync: ..., destroyRef: ..., pendingTasks: ...}, statusChanges: EventEmitter_{closed: ..., currentObservers: ..., observers: ..., isStopped: ..., hasError: ..., thrownError: ..., __isAsync: ..., destroyRef: ..., pendingTasks: ...}, _onDisabledChange: [...], defaultValue: null, _onChange: [...], _pendingValue: 3, _pendingChange: false}, DVA: FormControl{_pendingDirty: false, _hasOwnPendingAsyncValidator: null, _pendingTouched: false, _onCollectionChange: () => { ... }, _updateOn: undefined, _parent: FormGroup{_pendingDirty: ..., _hasOwnPendingAsyncValidator: ..., _pendingTouched: ..., _onCollectionChange: ..., _updateOn: ..., _parent: ..., _asyncValidationSubscription: ..., _composedValidatorFn: ..., _composedAsyncValidatorFn: ..., _rawValidators: ..., _rawAsyncValidators: ..., value: ..., _status: ..., statusReactive: ..., errors: ..., _pristine: ..., pristineReactive: ..., _touched: ..., touchedReactive: ..., _events: ..., events: ..., valueChanges: ..., statusChanges: ..., _onDisabledChange: ..., controls: ...}, _asyncValidationSubscription: undefined, _composedValidatorFn: null, _composedAsyncValidatorFn: null, _rawValidators: null, _rawAsyncValidators: null, value: false, _status: [Computed: VALID], statusReactive: [Signal: VALID], errors: null, _pristine: [Computed: true], pristineReactive: [Signal: true], _touched: [Computed: false], touchedReactive: [Signal: false], _events: Subject{closed: ..., currentObservers: ..., observers: ..., isStopped: ..., hasError: ..., thrownError: ...}, events: Observable{source: ...}, valueChanges: EventEmitter_{closed: ..., currentObservers: ..., observers: ..., isStopped: ..., hasError: ..., thrownError: ..., __isAsync: ..., destroyRef: ..., pendingTasks: ...}, statusChanges: EventEmitter_{closed: ..., currentObservers: ..., observers: ..., isStopped: ..., hasError: ..., thrownError: ..., __isAsync: ..., destroyRef: ..., pendingTasks: ...}, _onDisabledChange: [...], defaultValue: null, _onChange: [...], _pendingValue: false, _pendingChange: false}, DSA: FormControl{_pendingDirty: false, _hasOwnPendingAsyncValidator: null, _pendingTouched: false, _onCollectionChange: () => { ... }, _updateOn: undefined, _parent: FormGroup{_pendingDirty: ..., _hasOwnPendingAsyncValidator: ..., _pendingTouched: ..., _onCollectionChange: ..., _updateOn: ..., _parent: ..., _asyncValidationSubscription: ..., _composedValidatorFn: ..., _composedAsyncValidatorFn: ..., _rawValidators: ..., _rawAsyncValidators: ..., value: ..., _status: ..., statusReactive: ..., errors: ..., _pristine: ..., pristineReactive: ..., _touched: ..., touchedReactive: ..., _events: ..., events: ..., valueChanges: ..., statusChanges: ..., _onDisabledChange: ..., controls: ...}, _asyncValidationSubscription: undefined, _composedValidatorFn: null, _composedAsyncValidatorFn: null, _rawValidators: null, _rawAsyncValidators: null, value: false, _status: [Computed: VALID], statusReactive: [Signal: VALID], errors: null, _pristine: [Computed: true], pristineReactive: [Signal: true], _touched: [Computed: false], touchedReactive: [Signal: false], _events: Subject{closed: ..., currentObservers: ..., observers: ..., isStopped: ..., hasError: ..., thrownError: ...}, events: Observable{source: ...}, valueChanges: EventEmitter_{closed: ..., currentObservers: ..., observers: ..., isStopped: ..., hasError: ..., thrownError: ..., __isAsync: ..., destroyRef: ..., pendingTasks: ...}, statusChanges: EventEmitter_{closed: ..., currentObservers: ..., observers: ..., isStopped: ..., hasError: ..., thrownError: ..., __isAsync: ..., destroyRef: ..., pendingTasks: ...}, _onDisabledChange: [...], defaultValue: null, _onChange: [...], _pendingValue: false, _pendingChange: false}, BES: FormControl{_pendingDirty: false, _hasOwnPendingAsyncValidator: null, _pendingTouched: false, _onCollectionChange: () => { ... }, _updateOn: undefined, _parent: FormGroup{_pendingDirty: ..., _hasOwnPendingAsyncValidator: ..., _pendingTouched: ..., _onCollectionChange: ..., _updateOn: ..., _parent: ..., _asyncValidationSubscription: ..., _composedValidatorFn: ..., _composedAsyncValidatorFn: ..., _rawValidators: ..., _rawAsyncValidators: ..., value: ..., _status: ..., statusReactive: ..., errors: ..., _pristine: ..., pristineReactive: ..., _touched: ..., touchedReactive: ..., _events: ..., events: ..., valueChanges: ..., statusChanges: ..., _onDisabledChange: ..., controls: ...}, _asyncValidationSubscription: undefined, _composedValidatorFn: null, _composedAsyncValidatorFn: null, _rawValidators: null, _rawAsyncValidators: null, value: false, _status: [Computed: VALID], statusReactive: [Signal: VALID], errors: null, _pristine: [Computed: true], pristineReactive: [Signal: true], _touched: [Computed: false], touchedReactive: [Signal: false], _events: Subject{closed: ..., currentObservers: ..., observers: ..., isStopped: ..., hasError: ..., thrownError: ...}, events: Observable{source: ...}, valueChanges: EventEmitter_{closed: ..., currentObservers: ..., observers: ..., isStopped: ..., hasError: ..., thrownError: ..., __isAsync: ..., destroyRef: ..., pendingTasks: ...}, statusChanges: EventEmitter_{closed: ..., currentObservers: ..., observers: ..., isStopped: ..., hasError: ..., thrownError: ..., __isAsync: ..., destroyRef: ..., pendingTasks: ...}, _onDisabledChange: [...], defaultValue: null, _onChange: [...], _pendingValue: false, _pendingChange: false}, ADHD: FormControl{_pendingDirty: false, _hasOwnPendingAsyncValidator: null, _pendingTouched: false, _onCollectionChange: () => { ... }, _updateOn: undefined, _parent: FormGroup{_pendingDirty: ..., _hasOwnPendingAsyncValidator: ..., _pendingTouched: ..., _onCollectionChange: ..., _updateOn: ..., _parent: ..., _asyncValidationSubscription: ..., _composedValidatorFn: ..., _composedAsyncValidatorFn: ..., _rawValidators: ..., _rawAsyncValidators: ..., value: ..., _status: ..., statusReactive: ..., errors: ..., _pristine: ..., pristineReactive: ..., _touched: ..., touchedReactive: ..., _events: ..., events: ..., valueChanges: ..., statusChanges: ..., _onDisabledChange: ..., controls: ...}, _asyncValidationSubscription: undefined, _composedValidatorFn: null, _composedAsyncValidatorFn: null, _rawValidators: null, _rawAsyncValidators: null, value: false, _status: [Computed: VALID], statusReactive: [Signal: VALID], errors: null, _pristine: [Computed: true], pristineReactive: [Signal: true], _touched: [Computed: false], touchedReactive: [Signal: false], _events: Subject{closed: ..., currentObservers: ..., observers: ..., isStopped: ..., hasError: ..., thrownError: ...}, events: Observable{source: ...}, valueChanges: EventEmitter_{closed: ..., currentObservers: ..., observers: ..., isStopped: ..., hasError: ..., thrownError: ..., __isAsync: ..., destroyRef: ..., pendingTasks: ...}, statusChanges: EventEmitter_{closed: ..., currentObservers: ..., observers: ..., isStopped: ..., hasError: ..., thrownError: ..., __isAsync: ..., destroyRef: ..., pendingTasks: ...}, _onDisabledChange: [...], defaultValue: null, _onChange: [...], _pendingValue: false, _pendingChange: false}, noteDisabilita: FormControl{_pendingDirty: false, _hasOwnPendingAsyncValidator: null, _pendingTouched: false, _onCollectionChange: () => { ... }, _updateOn: undefined, _parent: FormGroup{_pendingDirty: ..., _hasOwnPendingAsyncValidator: ..., _pendingTouched: ..., _onCollectionChange: ..., _updateOn: ..., _parent: ..., _asyncValidationSubscription: ..., _composedValidatorFn: ..., _composedAsyncValidatorFn: ..., _rawValidators: ..., _rawAsyncValidators: ..., value: ..., _status: ..., statusReactive: ..., errors: ..., _pristine: ..., pristineReactive: ..., _touched: ..., touchedReactive: ..., _events: ..., events: ..., valueChanges: ..., statusChanges: ..., _onDisabledChange: ..., controls: ...}, _asyncValidationSubscription: undefined, _composedValidatorFn: null, _composedAsyncValidatorFn: null, _rawValidators: null, _rawAsyncValidators: null, value: '', _status: [Computed: VALID], statusReactive: [Signal: VALID], errors: null, _pristine: [Computed: true], pristineReactive: [Signal: true], _touched: [Computed: false], touchedReactive: [Signal: false], _events: Subject{closed: ..., currentObservers: ..., observers: ..., isStopped: ..., hasError: ..., thrownError: ...}, events: Observable{source: ...}, valueChanges: EventEmitter_{closed: ..., currentObservers: ..., observers: ..., isStopped: ..., hasError: ..., thrownError: ..., __isAsync: ..., destroyRef: ..., pendingTasks: ...}, statusChanges: EventEmitter_{closed: ..., currentObservers: ..., observers: ..., isStopped: ..., hasError: ..., thrownError: ..., __isAsync: ..., destroyRef: ..., pendingTasks: ...}, _onDisabledChange: [...], defaultValue: null, _onChange: [...], _pendingValue: '', _pendingChange: false}, pdpUrl: FormControl{_pendingDirty: false, _hasOwnPendingAsyncValidator: null, _pendingTouched: false, _onCollectionChange: () => { ... }, _updateOn: undefined, _parent: FormGroup{_pendingDirty: ..., _hasOwnPendingAsyncValidator: ..., _pendingTouched: ..., _onCollectionChange: ..., _updateOn: ..., _parent: ..., _asyncValidationSubscription: ..., _composedValidatorFn: ..., _composedAsyncValidatorFn: ..., _rawValidators: ..., _rawAsyncValidators: ..., value: ..., _status: ..., statusReactive: ..., errors: ..., _pristine: ..., pristineReactive: ..., _touched: ..., touchedReactive: ..., _events: ..., events: ..., valueChanges: ..., statusChanges: ..., _onDisabledChange: ..., controls: ...}, _asyncValidationSubscription: undefined, _composedValidatorFn: null, _composedAsyncValidatorFn: null, _rawValidators: null, _rawAsyncValidators: null, value: '', _status: [Computed: VALID], statusReactive: [Signal: VALID], errors: null, _pristine: [Computed: true], pristineReactive: [Signal: true], _touched: [Computed: false], touchedReactive: [Signal: false], _events: Subject{closed: ..., currentObservers: ..., observers: ..., isStopped: ..., hasError: ..., thrownError: ...}, events: Observable{source: ...}, valueChanges: EventEmitter_{closed: ..., currentObservers: ..., observers: ..., isStopped: ..., hasError: ..., thrownError: ..., __isAsync: ..., destroyRef: ..., pendingTasks: ...}, statusChanges: EventEmitter_{closed: ..., currentObservers: ..., observers: ..., isStopped: ..., hasError: ..., thrownError: ..., __isAsync: ..., destroyRef: ..., pendingTasks: ...}, _onDisabledChange: [], defaultValue: null, _onChange: [], _pendingValue: '', _pendingChange: false}, phoneNumber: FormControl{_pendingDirty: false, _hasOwnPendingAsyncValidator: null, _pendingTouched: false, _onCollectionChange: () => { ... }, _updateOn: undefined, _parent: FormGroup{_pendingDirty: ..., _hasOwnPendingAsyncValidator: ..., _pendingTouched: ..., _onCollectionChange: ..., _updateOn: ..., _parent: ..., _asyncValidationSubscription: ..., _composedValidatorFn: ..., _composedAsyncValidatorFn: ..., _rawValidators: ..., _rawAsyncValidators: ..., value: ..., _status: ..., statusReactive: ..., errors: ..., _pristine: ..., pristineReactive: ..., _touched: ..., touchedReactive: ..., _events: ..., events: ..., valueChanges: ..., statusChanges: ..., _onDisabledChange: ..., controls: ...}, _asyncValidationSubscription: undefined, _composedValidatorFn: null, _composedAsyncValidatorFn: null, _rawValidators: null, _rawAsyncValidators: null, value: '', _status: [Computed: VALID], statusReactive: [Signal: VALID], errors: null, _pristine: [Computed: true], pristineReactive: [Signal: true], _touched: [Computed: false], touchedReactive: [Signal: false], _events: Subject{closed: ..., currentObservers: ..., observers: ..., isStopped: ..., hasError: ..., thrownError: ...}, events: Observable{source: ...}, valueChanges: EventEmitter_{closed: ..., currentObservers: ..., observers: ..., isStopped: ..., hasError: ..., thrownError: ..., __isAsync: ..., destroyRef: ..., pendingTasks: ...}, statusChanges: EventEmitter_{closed: ..., currentObservers: ..., observers: ..., isStopped: ..., hasError: ..., thrownError: ..., __isAsync: ..., destroyRef: ..., pendingTasks: ...}, _onDisabledChange: [...], defaultValue: null, _onChange: [...], _pendingValue: '', _pendingChange: false}, birthDate: FormControl{_pendingDirty: false, _hasOwnPendingAsyncValidator: null, _pendingTouched: false, _onCollectionChange: () => { ... }, _updateOn: undefined, _parent: FormGroup{_pendingDirty: ..., _hasOwnPendingAsyncValidator: ..., _pendingTouched: ..., _onCollectionChange: ..., _updateOn: ..., _parent: ..., _asyncValidationSubscription: ..., _composedValidatorFn: ..., _composedAsyncValidatorFn: ..., _rawValidators: ..., _rawAsyncValidators: ..., value: ..., _status: ..., statusReactive: ..., errors: ..., _pristine: ..., pristineReactive: ..., _touched: ..., touchedReactive: ..., _events: ..., events: ..., valueChanges: ..., statusChanges: ..., _onDisabledChange: ..., controls: ...}, _asyncValidationSubscription: undefined, _composedValidatorFn: null, _composedAsyncValidatorFn: null, _rawValidators: null, _rawAsyncValidators: null, value: '', _status: [Computed: VALID], statusReactive: [Signal: VALID], errors: null, _pristine: [Computed: true], pristineReactive: [Signal: true], _touched: [Computed: false], touchedReactive: [Signal: false], _events: Subject{closed: ..., currentObservers: ..., observers: ..., isStopped: ..., hasError: ..., thrownError: ...}, events: Observable{source: ...}, valueChanges: EventEmitter_{closed: ..., currentObservers: ..., observers: ..., isStopped: ..., hasError: ..., thrownError: ..., __isAsync: ..., destroyRef: ..., pendingTasks: ...}, statusChanges: EventEmitter_{closed: ..., currentObservers: ..., observers: ..., isStopped: ..., hasError: ..., thrownError: ..., __isAsync: ..., destroyRef: ..., pendingTasks: ...}, _onDisabledChange: [...], defaultValue: null, _onChange: [...], _pendingValue: '', _pendingChange: false}, classKey: FormControl{_pendingDirty: false, _hasOwnPendingAsyncValidator: null, _pendingTouched: false, _onCollectionChange: () => { ... }, _updateOn: undefined, _parent: FormGroup{_pendingDirty: ..., _hasOwnPendingAsyncValidator: ..., _pendingTouched: ..., _onCollectionChange: ..., _updateOn: ..., _parent: ..., _asyncValidationSubscription: ..., _composedValidatorFn: ..., _composedAsyncValidatorFn: ..., _rawValidators: ..., _rawAsyncValidators: ..., value: ..., _status: ..., statusReactive: ..., errors: ..., _pristine: ..., pristineReactive: ..., _touched: ..., touchedReactive: ..., _events: ..., events: ..., valueChanges: ..., statusChanges: ..., _onDisabledChange: ..., controls: ...}, _asyncValidationSubscription: undefined, _composedValidatorFn: null, _composedAsyncValidatorFn: null, _rawValidators: null, _rawAsyncValidators: null, value: '', _status: [Computed: VALID], statusReactive: [Signal: VALID], errors: null, _pristine: [Computed: true], pristineReactive: [Signal: true], _touched: [Computed: false], touchedReactive: [Signal: false], _events: Subject{closed: ..., currentObservers: ..., observers: ..., isStopped: ..., hasError: ..., thrownError: ...}, events: Observable{source: ...}, valueChanges: EventEmitter_{closed: ..., currentObservers: ..., observers: ..., isStopped: ..., hasError: ..., thrownError: ..., __isAsync: ..., destroyRef: ..., pendingTasks: ...}, statusChanges: EventEmitter_{closed: ..., currentObservers: ..., observers: ..., isStopped: ..., hasError: ..., thrownError: ..., __isAsync: ..., destroyRef: ..., pendingTasks: ...}, _onDisabledChange: [...], defaultValue: null, _onChange: [...], _pendingValue: '', _pendingChange: false}, classes: FormControl{_pendingDirty: false, _hasOwnPendingAsyncValidator: null, _pendingTouched: false, _onCollectionChange: () => { ... }, _updateOn: undefined, _parent: FormGroup{_pendingDirty: ..., _hasOwnPendingAsyncValidator: ..., _pendingTouched: ..., _onCollectionChange: ..., _updateOn: ..., _parent: ..., _asyncValidationSubscription: ..., _composedValidatorFn: ..., _composedAsyncValidatorFn: ..., _rawValidators: ..., _rawAsyncValidators: ..., value: ..., _status: ..., statusReactive: ..., errors: ..., _pristine: ..., pristineReactive: ..., _touched: ..., touchedReactive: ..., _events: ..., events: ..., valueChanges: ..., statusChanges: ..., _onDisabledChange: ..., controls: ...}, _asyncValidationSubscription: undefined, _composedValidatorFn: null, _composedAsyncValidatorFn: null, _rawValidators: null, _rawAsyncValidators: null, value: [], _status: [Computed: VALID], statusReactive: [Signal: VALID], errors: null, _pristine: [Computed: true], pristineReactive: [Signal: true], _touched: [Computed: false], touchedReactive: [Signal: false], _events: Subject{closed: ..., currentObservers: ..., observers: ..., isStopped: ..., hasError: ..., thrownError: ...}, events: Observable{source: ...}, valueChanges: EventEmitter_{closed: ..., currentObservers: ..., observers: ..., isStopped: ..., hasError: ..., thrownError: ..., __isAsync: ..., destroyRef: ..., pendingTasks: ...}, statusChanges: EventEmitter_{closed: ..., currentObservers: ..., observers: ..., isStopped: ..., hasError: ..., thrownError: ..., __isAsync: ..., destroyRef: ..., pendingTasks: ...}, _onDisabledChange: [], defaultValue: null, _onChange: [], _pendingValue: [], _pendingChange: false}}
[1A[2KLOG: [36m'logged user*', UserModel{key: '', birthDate: '', email: '', firstName: '', DSA: false, DVA: false, BES: false, ADHD: false, noteDisabilita: '', pdpUrl: [], lastName: '', password: '', classKey: '', phoneNumber: '', role: 3, userName: '', assignedClasses: [], classesKey: []}[39m
Chrome Headless 143.0.0.0 (Linux 0.0.0): Executed 39 of 131[31m (10 FAILED)[39m (0 secs / 1.81 secs)
LOG: 'logged user*', UserModel{key: '', birthDate: '', email: '', firstName: '', DSA: false, DVA: false, BES: false, ADHD: false, noteDisabilita: '', pdpUrl: [], lastName: '', password: '', classKey: '', phoneNumber: '', role: 3, userName: '', assignedClasses: [], classesKey: []}
[1A[2KLOG: [36m'elenco classi*', [][39m
Chrome Headless 143.0.0.0 (Linux 0.0.0): Executed 39 of 131[31m (10 FAILED)[39m (0 secs / 1.81 secs)
LOG: 'elenco classi*', []
[1A[2KLOG: [36m'User input changed on effect*:', UserModel{key: '', birthDate: '', email: '', firstName: '', DSA: false, DVA: false, BES: false, ADHD: false, noteDisabilita: '', pdpUrl: [], lastName: '', password: '', classKey: '', phoneNumber: '', role: 3, userName: '', assignedClasses: [], classesKey: []}[39m
Chrome Headless 143.0.0.0 (Linux 0.0.0): Executed 39 of 131[31m (10 FAILED)[39m (0 secs / 1.81 secs)
LOG: 'User input changed on effect*:', UserModel{key: '', birthDate: '', email: '', firstName: '', DSA: false, DVA: false, BES: false, ADHD: false, noteDisabilita: '', pdpUrl: [], lastName: '', password: '', classKey: '', phoneNumber: '', role: 3, userName: '', assignedClasses: [], classesKey: []}
[1A[2KLOG: [36m'Form values after timeout:', Object{firstName: '', lastName: '', userName: '', email: '', role: 3, DVA: false, DSA: false, BES: false, ADHD: false, noteDisabilita: '', pdpUrl: '', phoneNumber: '', birthDate: '', classKey: '', classes: []}[39m
Chrome Headless 143.0.0.0 (Linux 0.0.0): Executed 39 of 131[31m (10 FAILED)[39m (0 secs / 1.81 secs)
LOG: 'Form values after timeout:', Object{firstName: '', lastName: '', userName: '', email: '', role: 3, DVA: false, DSA: false, BES: false, ADHD: false, noteDisabilita: '', pdpUrl: '', phoneNumber: '', birthDate: '', classKey: '', classes: []}
[1A[2KChrome Headless 143.0.0.0 (Linux 0.0.0): Executed 40 of 131[31m (10 FAILED)[39m (0 secs / 2.966 secs)
[1A[2KChrome Headless 143.0.0.0 (Linux 0.0.0): Executed 41 of 131[31m (10 FAILED)[39m (0 secs / 2.975 secs)
[1A[2KLOG: [36m'init login page'[39m
Chrome Headless 143.0.0.0 (Linux 0.0.0): Executed 41 of 131[31m (10 FAILED)[39m (0 secs / 2.975 secs)
LOG: 'init login page'
[1A[2KChrome Headless 143.0.0.0 (Linux 0.0.0): Executed 42 of 131[31m (10 FAILED)[39m (0 secs / 3.049 secs)
[1A[2KLOG: [36m'nessuna materia passata'[39m
Chrome Headless 143.0.0.0 (Linux 0.0.0): Executed 42 of 131[31m (10 FAILED)[39m (0 secs / 3.049 secs)
LOG: 'nessuna materia passata'
[1A[2KChrome Headless 143.0.0.0 (Linux 0.0.0): Executed 43 of 131[31m (10 FAILED)[39m (0 secs / 3.118 secs)
[1A[2KLOG: [36m' subscribed indicatorslist', [][39m
Chrome Headless 143.0.0.0 (Linux 0.0.0): Executed 43 of 131[31m (10 FAILED)[39m (0 secs / 3.118 secs)
LOG: ' subscribed indicatorslist', []
[1A[2KLOG: [36m'e', TypeError: Failed to construct 'URL': Invalid base URL
TypeError: Failed to construct 'URL': Invalid base URL
    at getAssetPath (http://localhost:9877/_karma_webpack_/webpack:/node_modules/@stencil/core/internal/client/index.js:345:20)
    at getNamedUrl (http://localhost:9877/_karma_webpack_/webpack:/node_modules/@ionic/core/components/icon.js:47:28)
    at getUrl (http://localhost:9877/_karma_webpack_/webpack:/node_modules/@ionic/core/components/icon.js:27:16)
    at Icon.loadIcon (http://localhost:9877/_karma_webpack_/webpack:/node_modules/@ionic/core/components/icon.js:365:25)
    at cb (http://localhost:9877/_karma_webpack_/webpack:/node_modules/@ionic/core/components/icon.js:303:18)
    at Icon.waitUntilVisible (http://localhost:9877/_karma_webpack_/webpack:/node_modules/@ionic/core/components/icon.js:348:20)
    at Icon.call (http://localhost:9877/_karma_webpack_/webpack:/node_modules/@ionic/core/components/icon.js:301:14)
    at Icon.appendChild [as connectedCallback] (http://localhost:9877/_karma_webpack_/webpack:/node_modules/@stencil/core/internal/client/index.js:3987:35)
    at NoneEncapsulationDomRenderer.appendChild (http://localhost:9877/_karma_webpack_/webpack:/node_modules/@angular/platform-browser/fesm2022/dom_renderer.mjs:559:22)
    at nativeAppendChild (http://localhost:9877/_karma_webpack_/webpack:/node_modules/@angular/core/fesm2022/debug_node.mjs:6796:14)[39m
Chrome Headless 143.0.0.0 (Linux 0.0.0): Executed 43 of 131[31m (10 FAILED)[39m (0 secs / 3.118 secs)
LOG: 'e', TypeError: Failed to construct 'URL': Invalid base URL
TypeError: Failed to construct 'URL': Invalid base URL
    at getAssetPath (http://localhost:9877/_karma_webpack_/webpack:/node_modules/@stencil/core/internal/client/index.js:345:20)
    at getNamedUrl (http://localhost:9877/_karma_webpack_/webpack:/node_modules/@ionic/core/components/icon.js:47:28)
    at getUrl (http://localhost:9877/_karma_webpack_/webpack:/node_modules/@ionic/core/components/icon.js:27:16)
    at Icon.loadIcon (http://localhost:9877/_karma_webpack_/webpack:/node_modules/@ionic/core/components/icon.js:365:25)
    at cb (http://localhost:9877/_karma_webpack_/webpack:/node_modules/@ionic/core/components/icon.js:303:18)
    at Icon.waitUntilVisible (http://localhost:9877/_karma_webpack_/webpack:/node_modules/@ionic/core/components/icon.js:348:20)
    at Icon.call (http://localhost:9877/_karma_webpack_/webpack:/node_modules/@ionic/core/components/icon.js:301:14)
    at Icon.appendChild [as connectedCallback] (http://localhost:9877/_karma_webpack_/webpack:/node_modules/@stencil/core/internal/client/index.js:3987:35)
    at NoneEncapsulationDomRenderer.appendChild (http://localhost:9877/_karma_webpack_/webpack:/node_modules/@angular/platform-browser/fesm2022/dom_renderer.mjs:559:22)
    at nativeAppendChild (http://localhost:9877/_karma_webpack_/webpack:/node_modules/@angular/core/fesm2022/debug_node.mjs:6796:14)
[1A[2KWARN: [36m'[Ionicons Warning]: Could not load icon with name "push". Ensure that the icon is registered using addIcons or that the icon SVG data is passed directly to the icon component.', <ion-icon _ngcontent-a-c2537734019="" name="push"></ion-icon>[39m
Chrome Headless 143.0.0.0 (Linux 0.0.0): Executed 43 of 131[31m (10 FAILED)[39m (0 secs / 3.118 secs)
WARN: '[Ionicons Warning]: Could not load icon with name "push". Ensure that the icon is registered using addIcons or that the icon SVG data is passed directly to the icon component.', <ion-icon _ngcontent-a-c2537734019="" name="push"></ion-icon>
[1A[2KLOG: [36m' subscribed indicatorslist', [][39m
Chrome Headless 143.0.0.0 (Linux 0.0.0): Executed 43 of 131[31m (10 FAILED)[39m (0 secs / 3.118 secs)
LOG: ' subscribed indicatorslist', []
[1A[2KLOG: [36m'indicatorsList', [][39m
Chrome Headless 143.0.0.0 (Linux 0.0.0): Executed 43 of 131[31m (10 FAILED)[39m (0 secs / 3.118 secs)
LOG: 'indicatorsList', []
[1A[2KLOG: [36m'indicatorslist ths is the effect', [][39m
Chrome Headless 143.0.0.0 (Linux 0.0.0): Executed 43 of 131[31m (10 FAILED)[39m (0 secs / 3.118 secs)
LOG: 'indicatorslist ths is the effect', []
[1A[2KLOG: [36m'indicatorsDialog ngOnInit', Indicatore{criteri: [], voto: 0, valore: '', descrizione: ''}[39m
Chrome Headless 143.0.0.0 (Linux 0.0.0): Executed 43 of 131[31m (10 FAILED)[39m (0 secs / 3.118 secs)
LOG: 'indicatorsDialog ngOnInit', Indicatore{criteri: [], voto: 0, valore: '', descrizione: ''}
[1A[2KLOG: [36m'e', TypeError: Failed to construct 'URL': Invalid base URL
TypeError: Failed to construct 'URL': Invalid base URL
    at getAssetPath (http://localhost:9877/_karma_webpack_/webpack:/node_modules/@stencil/core/internal/client/index.js:345:20)
    at getNamedUrl (http://localhost:9877/_karma_webpack_/webpack:/node_modules/@ionic/core/components/icon.js:47:28)
    at getUrl (http://localhost:9877/_karma_webpack_/webpack:/node_modules/@ionic/core/components/icon.js:27:16)
    at Icon.loadIcon (http://localhost:9877/_karma_webpack_/webpack:/node_modules/@ionic/core/components/icon.js:365:25)
    at Icon.componentDidLoad (http://localhost:9877/_karma_webpack_/webpack:/node_modules/@ionic/core/components/icon.js:317:18)
    at safeCall (http://localhost:9877/_karma_webpack_/webpack:/node_modules/@stencil/core/internal/client/index.js:3362:30)
    at postUpdateComponent (http://localhost:9877/_karma_webpack_/webpack:/node_modules/@stencil/core/internal/client/index.js:3295:5)
    at postUpdate (http://localhost:9877/_karma_webpack_/webpack:/node_modules/@stencil/core/internal/client/index.js:3223:30)
    at http://localhost:9877/_karma_webpack_/webpack:/node_modules/@stencil/core/internal/client/index.js:3225:7
    at Generator.next (<anonymous>)[39m
Chrome Headless 143.0.0.0 (Linux 0.0.0): Executed 43 of 131[31m (10 FAILED)[39m (0 secs / 3.118 secs)
LOG: 'e', TypeError: Failed to construct 'URL': Invalid base URL
TypeError: Failed to construct 'URL': Invalid base URL
    at getAssetPath (http://localhost:9877/_karma_webpack_/webpack:/node_modules/@stencil/core/internal/client/index.js:345:20)
    at getNamedUrl (http://localhost:9877/_karma_webpack_/webpack:/node_modules/@ionic/core/components/icon.js:47:28)
    at getUrl (http://localhost:9877/_karma_webpack_/webpack:/node_modules/@ionic/core/components/icon.js:27:16)
    at Icon.loadIcon (http://localhost:9877/_karma_webpack_/webpack:/node_modules/@ionic/core/components/icon.js:365:25)
    at Icon.componentDidLoad (http://localhost:9877/_karma_webpack_/webpack:/node_modules/@ionic/core/components/icon.js:317:18)
    at safeCall (http://localhost:9877/_karma_webpack_/webpack:/node_modules/@stencil/core/internal/client/index.js:3362:30)
    at postUpdateComponent (http://localhost:9877/_karma_webpack_/webpack:/node_modules/@stencil/core/internal/client/index.js:3295:5)
    at postUpdate (http://localhost:9877/_karma_webpack_/webpack:/node_modules/@stencil/core/internal/client/index.js:3223:30)
    at http://localhost:9877/_karma_webpack_/webpack:/node_modules/@stencil/core/internal/client/index.js:3225:7
    at Generator.next (<anonymous>)
[1A[2KWARN: [36m'[Ionicons Warning]: Could not load icon with name "push". Ensure that the icon is registered using addIcons or that the icon SVG data is passed directly to the icon component.', <ion-icon _ngcontent-a-c2537734019="" name="push" role="img" class="md hydrated"></ion-icon>[39m
Chrome Headless 143.0.0.0 (Linux 0.0.0): Executed 43 of 131[31m (10 FAILED)[39m (0 secs / 3.118 secs)
WARN: '[Ionicons Warning]: Could not load icon with name "push". Ensure that the icon is registered using addIcons or that the icon SVG data is passed directly to the icon component.', <ion-icon _ngcontent-a-c2537734019="" name="push" role="img" class="md hydrated"></ion-icon>
[1A[2KChrome Headless 143.0.0.0 (Linux 0.0.0): Executed 44 of 131[31m (10 FAILED)[39m (0 secs / 4.191 secs)
[1A[2KChrome Headless 143.0.0.0 (Linux 0.0.0): Executed 45 of 131[31m (10 FAILED)[39m (0 secs / 4.196 secs)
[1A[2K[31mChrome Headless 143.0.0.0 (Linux 0.0.0) StudentAverageGradeDisplayComponent should create FAILED[39m
	Failed: this.student is not a function
	    at fn (src/app/pages/classes/components/student-average-grade-display/student-average-grade-display.component.ts:57:14)
	    at Object.fn (node_modules/@angular/core/fesm2022/resource.mjs:275:9)
	    at runEffect (node_modules/@angular/core/fesm2022/effect.mjs:133:14)
	    at Object.run (node_modules/@angular/core/fesm2022/resource.mjs:198:22)
	    at runEffectsInView (node_modules/@angular/core/fesm2022/debug_node.mjs:9960:24)
	    at refreshView (node_modules/@angular/core/fesm2022/debug_node.mjs:10120:9)
	    at detectChangesInView (node_modules/@angular/core/fesm2022/debug_node.mjs:10312:9)
	    at detectChangesInViewWhileDirty (node_modules/@angular/core/fesm2022/debug_node.mjs:10001:9)
	    at detectChangesInternal (node_modules/@angular/core/fesm2022/debug_node.mjs:9989:9)
	    at ViewRef.detectChanges (node_modules/@angular/core/fesm2022/debug_node.mjs:10851:9)
Chrome Headless 143.0.0.0 (Linux 0.0.0): Executed 46 of 131[31m (11 FAILED)[39m (0 secs / 4.229 secs)
[1A[2KLOG: [36m'EditEvaluationPage constructor chiamato'[39m
Chrome Headless 143.0.0.0 (Linux 0.0.0): Executed 46 of 131[31m (11 FAILED)[39m (0 secs / 4.229 secs)
LOG: 'EditEvaluationPage constructor chiamato'
[1A[2KWARN: [36m'[Ionicons Warning]: Multiple icons were mapped to name "save". Ensure that multiple icons are not mapped to the same icon name.'[39m
Chrome Headless 143.0.0.0 (Linux 0.0.0): Executed 46 of 131[31m (11 FAILED)[39m (0 secs / 4.229 secs)
WARN: '[Ionicons Warning]: Multiple icons were mapped to name "save". Ensure that multiple icons are not mapped to the same icon name.'
[1A[2KWARN: [36m'[Ionicons Warning]: Multiple icons were mapped to name "pdf". Ensure that multiple icons are not mapped to the same icon name.'[39m
Chrome Headless 143.0.0.0 (Linux 0.0.0): Executed 46 of 131[31m (11 FAILED)[39m (0 secs / 4.229 secs)
WARN: '[Ionicons Warning]: Multiple icons were mapped to name "pdf". Ensure that multiple icons are not mapped to the same icon name.'
[1A[2KLOG: [36m'ngOnInit - Inizio'[39m
Chrome Headless 143.0.0.0 (Linux 0.0.0): Executed 46 of 131[31m (11 FAILED)[39m (0 secs / 4.229 secs)
LOG: 'ngOnInit - Inizio'
[1A[2KLOG: [36m'Evaluation key:', 'eval123'[39m
Chrome Headless 143.0.0.0 (Linux 0.0.0): Executed 46 of 131[31m (11 FAILED)[39m (0 secs / 4.229 secs)
LOG: 'Evaluation key:', 'eval123'
[1A[2KLOG: [36m'Caricamento valutazione...'[39m
Chrome Headless 143.0.0.0 (Linux 0.0.0): Executed 46 of 131[31m (11 FAILED)[39m (0 secs / 4.229 secs)
LOG: 'Caricamento valutazione...'
[1A[2KLOG: [36m'Evaluation loaded:', Object{}[39m
Chrome Headless 143.0.0.0 (Linux 0.0.0): Executed 46 of 131[31m (11 FAILED)[39m (0 secs / 4.229 secs)
LOG: 'Evaluation loaded:', Object{}
[1A[2KLOG: [36m'Segnali impostati:', Object{classKey: '', teacherKey: '', studentKey: '', grid: Grids{key: '', nome: '', descrizione: '', indicatori: [], ownerKey: ''}}[39m
Chrome Headless 143.0.0.0 (Linux 0.0.0): Executed 46 of 131[31m (11 FAILED)[39m (0 secs / 4.229 secs)
LOG: 'Segnali impostati:', Object{classKey: '', teacherKey: '', studentKey: '', grid: Grids{key: '', nome: '', descrizione: '', indicatori: [], ownerKey: ''}}
[1A[2KWARN: [36m'[Ionic Warning]: [ion-datetime] - Unable to parse date string: Sun Jan 11 2026 17:58:55 GMT+0100 (Ora standard dellâ€™Europa centrale). Please provide a valid ISO 8601 datetime string.'[39m
Chrome Headless 143.0.0.0 (Linux 0.0.0): Executed 46 of 131[31m (11 FAILED)[39m (0 secs / 4.229 secs)
WARN: '[Ionic Warning]: [ion-datetime] - Unable to parse date string: Sun Jan 11 2026 17:58:55 GMT+0100 (Ora standard dellâ€™Europa centrale). Please provide a valid ISO 8601 datetime string.'
[1A[2KChrome Headless 143.0.0.0 (Linux 0.0.0): Executed 47 of 131[31m (11 FAILED)[39m (0 secs / 5.302 secs)
[1A[2KLOG: [36m'getEvaluation4studentAndTeacher', [][39m
Chrome Headless 143.0.0.0 (Linux 0.0.0): Executed 47 of 131[31m (11 FAILED)[39m (0 secs / 5.302 secs)
LOG: 'getEvaluation4studentAndTeacher', []
[1A[2KChrome Headless 143.0.0.0 (Linux 0.0.0): Executed 48 of 131[31m (11 FAILED)[39m (0 secs / 5.345 secs)
[1A[2KChrome Headless 143.0.0.0 (Linux 0.0.0): Executed 49 of 131[31m (11 FAILED)[39m (0 secs / 5.383 secs)
[1A[2KChrome Headless 143.0.0.0 (Linux 0.0.0): Executed 50 of 131[31m (11 FAILED)[39m (0 secs / 5.422 secs)
[1A[2KChrome Headless 143.0.0.0 (Linux 0.0.0): Executed 51 of 131[31m (11 FAILED)[39m (0 secs / 5.437 secs)
[1A[2KChrome Headless 143.0.0.0 (Linux 0.0.0): Executed 52 of 131[31m (11 FAILED)[39m (0 secs / 5.445 secs)
[1A[2KChrome Headless 143.0.0.0 (Linux 0.0.0): Executed 53 of 131[31m (11 FAILED)[39m (0 secs / 5.452 secs)
[1A[2KChrome Headless 143.0.0.0 (Linux 0.0.0): Executed 54 of 131[31m (11 FAILED)[39m (0 secs / 5.46 secs)
[1A[2KChrome Headless 143.0.0.0 (Linux 0.0.0): Executed 55 of 131[31m (11 FAILED)[39m (0 secs / 5.468 secs)
[1A[2KChrome Headless 143.0.0.0 (Linux 0.0.0): Executed 56 of 131[31m (11 FAILED)[39m (0 secs / 5.477 secs)
[1A[2KChrome Headless 143.0.0.0 (Linux 0.0.0): Executed 57 of 131[31m (11 FAILED)[39m (0 secs / 5.484 secs)
[1A[2KChrome Headless 143.0.0.0 (Linux 0.0.0): Executed 58 of 131[31m (11 FAILED)[39m (0 secs / 5.492 secs)
[1A[2KLOG: [36m'Adding TEST event'[39m
Chrome Headless 143.0.0.0 (Linux 0.0.0): Executed 58 of 131[31m (11 FAILED)[39m (0 secs / 5.492 secs)
LOG: 'Adding TEST event'
[1A[2KLOG: [36m'Adding TEST event'[39m
Chrome Headless 143.0.0.0 (Linux 0.0.0): Executed 58 of 131[31m (11 FAILED)[39m (0 secs / 5.492 secs)
LOG: 'Adding TEST event'
[1A[2KLOG: [36m'Adding TEST event'[39m
Chrome Headless 143.0.0.0 (Linux 0.0.0): Executed 58 of 131[31m (11 FAILED)[39m (0 secs / 5.492 secs)
LOG: 'Adding TEST event'
[1A[2KLOG: [36m'Adding TEST event'[39m
Chrome Headless 143.0.0.0 (Linux 0.0.0): Executed 58 of 131[31m (11 FAILED)[39m (0 secs / 5.492 secs)
LOG: 'Adding TEST event'
[1A[2KLOG: [36m'Adding TEST event'[39m
Chrome Headless 143.0.0.0 (Linux 0.0.0): Executed 58 of 131[31m (11 FAILED)[39m (0 secs / 5.492 secs)
LOG: 'Adding TEST event'
[1A[2KLOG: [36m'Adding TEST event'[39m
Chrome Headless 143.0.0.0 (Linux 0.0.0): Executed 58 of 131[31m (11 FAILED)[39m (0 secs / 5.492 secs)
LOG: 'Adding TEST event'
[1A[2KLOG: [36m'Adding TEST event'[39m
Chrome Headless 143.0.0.0 (Linux 0.0.0): Executed 58 of 131[31m (11 FAILED)[39m (0 secs / 5.492 secs)
LOG: 'Adding TEST event'
[1A[2KLOG: [36m'Adding TEST event'[39m
Chrome Headless 143.0.0.0 (Linux 0.0.0): Executed 58 of 131[31m (11 FAILED)[39m (0 secs / 5.492 secs)
LOG: 'Adding TEST event'
[1A[2KChrome Headless 143.0.0.0 (Linux 0.0.0): Executed 59 of 131[31m (11 FAILED)[39m (0 secs / 5.573 secs)
[1A[2KChrome Headless 143.0.0.0 (Linux 0.0.0): Executed 60 of 131[31m (11 FAILED)[39m (0 secs / 5.576 secs)
[1A[2KLOG: [36m'ownerKey', ''[39m
Chrome Headless 143.0.0.0 (Linux 0.0.0): Executed 60 of 131[31m (11 FAILED)[39m (0 secs / 5.576 secs)
LOG: 'ownerKey', ''
[1A[2KLOG: [36m'getting notes for class', '', 'for user', ''[39m
Chrome Headless 143.0.0.0 (Linux 0.0.0): Executed 60 of 131[31m (11 FAILED)[39m (0 secs / 5.576 secs)
LOG: 'getting notes for class', '', 'for user', ''
[1A[2K[31mChrome Headless 143.0.0.0 (Linux 0.0.0) ClassReservedNotesService should be created FAILED[39m
	FirebaseError: Expected first argument to collection() to be a CollectionReference, a DocumentReference or FirebaseFirestore
	error properties: FirebaseError: [code=invalid-argument]: Expected first argument to collection() to be a CollectionReference, a DocumentReference or FirebaseFirestore
Chrome Headless 143.0.0.0 (Linux 0.0.0): Executed 61 of 131[31m (12 FAILED)[39m (0 secs / 5.579 secs)
[1A[2KLOG: [36m'EvaluationDialogPage constructor'[39m
Chrome Headless 143.0.0.0 (Linux 0.0.0): Executed 61 of 131[31m (12 FAILED)[39m (0 secs / 5.579 secs)
LOG: 'EvaluationDialogPage constructor'
[1A[2KLOG: [36m'paramClassKey', null[39m
Chrome Headless 143.0.0.0 (Linux 0.0.0): Executed 61 of 131[31m (12 FAILED)[39m (0 secs / 5.579 secs)
LOG: 'paramClassKey', null
[1A[2KLOG: [36m'classKey', ''[39m
Chrome Headless 143.0.0.0 (Linux 0.0.0): Executed 61 of 131[31m (12 FAILED)[39m (0 secs / 5.579 secs)
LOG: 'classKey', ''
[1A[2KLOG: [36m'studentKey', ''[39m
Chrome Headless 143.0.0.0 (Linux 0.0.0): Executed 61 of 131[31m (12 FAILED)[39m (0 secs / 5.579 secs)
LOG: 'studentKey', ''
[1A[2KLOG: [36m'evaluationKey', ''[39m
Chrome Headless 143.0.0.0 (Linux 0.0.0): Executed 61 of 131[31m (12 FAILED)[39m (0 secs / 5.579 secs)
LOG: 'evaluationKey', ''
[1A[2KLOG: [36m'grid to show', [Model Signal: [object Object]][39m
Chrome Headless 143.0.0.0 (Linux 0.0.0): Executed 61 of 131[31m (12 FAILED)[39m (0 secs / 5.579 secs)
LOG: 'grid to show', [Model Signal: [object Object]]
[1A[2KLOG: [36m'grid', Grids{key: '', nome: '', descrizione: '', indicatori: [], ownerKey: ''}[39m
Chrome Headless 143.0.0.0 (Linux 0.0.0): Executed 61 of 131[31m (12 FAILED)[39m (0 secs / 5.579 secs)
LOG: 'grid', Grids{key: '', nome: '', descrizione: '', indicatori: [], ownerKey: ''}
[1A[2KLOG: [36m' teacherKey*', 'teacher1'[39m
Chrome Headless 143.0.0.0 (Linux 0.0.0): Executed 61 of 131[31m (12 FAILED)[39m (0 secs / 5.579 secs)
LOG: ' teacherKey*', 'teacher1'
[1A[2KLOG: [36m'init evaluation-dialog'[39m
Chrome Headless 143.0.0.0 (Linux 0.0.0): Executed 61 of 131[31m (12 FAILED)[39m (0 secs / 5.579 secs)
LOG: 'init evaluation-dialog'
[1A[2KLOG: [36m'evaluation', Evaluation{key: '', description: '', note: '', data: '', subjectKey: '', lastUpdateDate: '', grid: Grids{key: '', nome: '', descrizione: '', indicatori: [], ownerKey: ''}, gridsKey: '', classKey: '', studentKey: '', teacherKey: '', activityKey: '', toString: () => `[Input Signal: ${ ... }]`}[39m
Chrome Headless 143.0.0.0 (Linux 0.0.0): Executed 61 of 131[31m (12 FAILED)[39m (0 secs / 5.579 secs)
LOG: 'evaluation', Evaluation{key: '', description: '', note: '', data: '', subjectKey: '', lastUpdateDate: '', grid: Grids{key: '', nome: '', descrizione: '', indicatori: [], ownerKey: ''}, gridsKey: '', classKey: '', studentKey: '', teacherKey: '', activityKey: '', toString: () => `[Input Signal: ${ ... }]`}
[1A[2KChrome Headless 143.0.0.0 (Linux 0.0.0): Executed 62 of 131[31m (12 FAILED)[39m (0 secs / 6.655 secs)
[1A[2K[31mChrome Headless 143.0.0.0 (Linux 0.0.0) GridsListPage should create FAILED[39m
	TypeError: Cannot read properties of undefined (reading 'subscribe')
	    at new NavController (node_modules/@ionic/angular/fesm2022/ionic-angular-common.mjs:438:27)
	    at Object.factory (node_modules/@ionic/angular/fesm2022/ionic-angular-common.mjs:613:35)
	    at callback (node_modules/@angular/core/fesm2022/root_effect_scheduler.mjs:2194:47)
	    at runInInjectorProfilerContext (node_modules/@angular/core/fesm2022/root_effect_scheduler.mjs:749:9)
	    at R3Injector.hydrate (node_modules/@angular/core/fesm2022/root_effect_scheduler.mjs:2192:21)
	    at R3Injector.get (node_modules/@angular/core/fesm2022/root_effect_scheduler.mjs:2040:33)
	    at R3Injector.get (node_modules/@angular/core/fesm2022/root_effect_scheduler.mjs:2052:33)
	    at ChainedInjector.get (node_modules/@angular/core/fesm2022/debug_node.mjs:13422:36)
	    at lookupTokenUsingModuleInjector (node_modules/@angular/core/fesm2022/debug_node.mjs:1718:39)
	    at getOrCreateInjectable (node_modules/@angular/core/fesm2022/debug_node.mjs:1766:12)
Chrome Headless 143.0.0.0 (Linux 0.0.0): Executed 63 of 131[31m (13 FAILED)[39m (0 secs / 6.665 secs)
[1A[2KChrome Headless 143.0.0.0 (Linux 0.0.0): Executed 64 of 131[31m (13 FAILED)[39m (0 secs / 6.671 secs)
[1A[2K[31mChrome Headless 143.0.0.0 (Linux 0.0.0) ListActivities4classComponent should create FAILED[39m
	Failed: NG0201: No provider found for `Firestore`. Source: Standalone[ListActivities4classComponent]. Path: ActivitiesService -> Firestore. Find more at https://v20.angular.dev/errors/NG0201
	error properties: Object({ code: -201, ngErrorCode: -201, ngErrorMessage: 'No provider found for `Firestore`.', ngTokenPath: [ 'ActivitiesService', 'Firestore' ] })
	ÉµNotFound: NG0201: No provider found for `Firestore`. Source: Standalone[ListActivities4classComponent]. Path: ActivitiesService -> Firestore. Find more at https://v20.angular.dev/errors/NG0201
	    at createRuntimeError (node_modules/@angular/core/fesm2022/root_effect_scheduler.mjs:924:19)
	    at NullInjector.get (node_modules/@angular/core/fesm2022/root_effect_scheduler.mjs:1494:27)
	    at R3Injector.get (node_modules/@angular/core/fesm2022/root_effect_scheduler.mjs:2052:33)
	    at R3Injector.get (node_modules/@angular/core/fesm2022/root_effect_scheduler.mjs:2052:33)
	    at R3Injector.retrieve (node_modules/@angular/core/fesm2022/root_effect_scheduler.mjs:1936:25)
	    at injectInjectorOnly (node_modules/@angular/core/fesm2022/root_effect_scheduler.mjs:1049:39)
	    at ÉµÉµinject (node_modules/@angular/core/fesm2022/root_effect_scheduler.mjs:1061:60)
	    at inject (node_modules/@angular/core/fesm2022/root_effect_scheduler.mjs:1149:12)
	    at new ActivitiesService (src/app/pages/activities/services/activities.service.ts:65:29)
	    at Object.ActivitiesService_Factory [as factory] (ng:///ActivitiesService/Éµfac.js:4:10)
Chrome Headless 143.0.0.0 (Linux 0.0.0): Executed 65 of 131[31m (14 FAILED)[39m (0 secs / 6.686 secs)
[1A[2K[31mChrome Headless 143.0.0.0 (Linux 0.0.0) ClassesSelectorPage should create FAILED[39m
	Failed: NG0201: No provider found for `ModalController`. Source: Standalone[ClassesSelectorPage]. Find more at https://v20.angular.dev/errors/NG0201
	error properties: Object({ code: -201, ngErrorCode: -201, ngErrorMessage: 'No provider found for `ModalController`.', ngTokenPath: [ 'ModalController' ] })
	ÉµNotFound: NG0201: No provider found for `ModalController`. Source: Standalone[ClassesSelectorPage]. Find more at https://v20.angular.dev/errors/NG0201
	    at createRuntimeError (node_modules/@angular/core/fesm2022/root_effect_scheduler.mjs:924:19)
	    at NullInjector.get (node_modules/@angular/core/fesm2022/root_effect_scheduler.mjs:1494:27)
	    at R3Injector.get (node_modules/@angular/core/fesm2022/root_effect_scheduler.mjs:2052:33)
	    at R3Injector.get (node_modules/@angular/core/fesm2022/root_effect_scheduler.mjs:2052:33)
	    at R3Injector.get (node_modules/@angular/core/fesm2022/root_effect_scheduler.mjs:2052:33)
	    at ChainedInjector.get (node_modules/@angular/core/fesm2022/debug_node.mjs:13422:36)
	    at lookupTokenUsingModuleInjector (node_modules/@angular/core/fesm2022/debug_node.mjs:1718:39)
	    at getOrCreateInjectable (node_modules/@angular/core/fesm2022/debug_node.mjs:1766:12)
	    at ÉµÉµdirectiveInject (node_modules/@angular/core/fesm2022/debug_node.mjs:13473:19)
	    at NodeInjectorFactory.ClassesSelectorPage_Factory [as factory] (ng:///ClassesSelectorPage/Éµfac.js:5:7)
Chrome Headless 143.0.0.0 (Linux 0.0.0): Executed 66 of 131[31m (15 FAILED)[39m (0 secs / 6.71 secs)
[1A[2KChrome Headless 143.0.0.0 (Linux 0.0.0): Executed 67 of 131[31m (15 FAILED)[39m (0 secs / 6.773 secs)
[1A[2KChrome Headless 143.0.0.0 (Linux 0.0.0): Executed 68 of 131[31m (15 FAILED)[39m (0 secs / 6.775 secs)
[1A[2KChrome Headless 143.0.0.0 (Linux 0.0.0): Executed 69 of 131[31m (15 FAILED)[39m (0 secs / 6.776 secs)
[1A[2KChrome Headless 143.0.0.0 (Linux 0.0.0): Executed 70 of 131[31m (15 FAILED)[39m (0 secs / 6.778 secs)
[1A[2KChrome Headless 143.0.0.0 (Linux 0.0.0): Executed 71 of 131[31m (15 FAILED)[39m (0 secs / 6.78 secs)
[1A[2KChrome Headless 143.0.0.0 (Linux 0.0.0): Executed 72 of 131[31m (15 FAILED)[39m (0 secs / 6.782 secs)
[1A[2KChrome Headless 143.0.0.0 (Linux 0.0.0): Executed 73 of 131[31m (15 FAILED)[39m (0 secs / 6.784 secs)
[1A[2KChrome Headless 143.0.0.0 (Linux 0.0.0): Executed 74 of 131[31m (15 FAILED)[39m (0 secs / 6.785 secs)
[1A[2KChrome Headless 143.0.0.0 (Linux 0.0.0): Executed 75 of 131[31m (15 FAILED)[39m (0 secs / 6.786 secs)
[1A[2KChrome Headless 143.0.0.0 (Linux 0.0.0): Executed 76 of 131[31m (15 FAILED)[39m (0 secs / 6.787 secs)
[1A[2KChrome Headless 143.0.0.0 (Linux 0.0.0): Executed 77 of 131[31m (15 FAILED)[39m (0 secs / 6.789 secs)
[1A[2KChrome Headless 143.0.0.0 (Linux 0.0.0): Executed 78 of 131[31m (15 FAILED)[39m (0 secs / 6.792 secs)
[1A[2KChrome Headless 143.0.0.0 (Linux 0.0.0): Executed 79 of 131[31m (15 FAILED)[39m (0 secs / 6.794 secs)
[1A[2KChrome Headless 143.0.0.0 (Linux 0.0.0): Executed 80 of 131[31m (15 FAILED)[39m (0 secs / 6.796 secs)
[1A[2KChrome Headless 143.0.0.0 (Linux 0.0.0): Executed 81 of 131[31m (15 FAILED)[39m (0 secs / 6.798 secs)
[1A[2KERROR: [36m'Error during unsubscribe:', Error: Unsubscribe error
Error: Unsubscribe error
    at Object.unsubscribe (http://localhost:9877/_karma_webpack_/webpack:/src/app/shared/services/unsubscribe.service.spec.ts:108:27)
    at forEach (http://localhost:9877/_karma_webpack_/webpack:/src/app/shared/services/unsubscribe.service.ts:73:25)
    at Array.forEach (<anonymous>)
    at UnsubscribeService.ngOnDestroy (http://localhost:9877/_karma_webpack_/webpack:/src/app/shared/services/unsubscribe.service.ts:66:28)
    at http://localhost:9877/_karma_webpack_/webpack:/src/app/shared/services/unsubscribe.service.spec.ts:115:34
    at compare (http://localhost:9877/base/node_modules/karma-jasmine/node_modules/jasmine-core/lib/jasmine-core/jasmine.js?86d98e11f43f2c8cfac9fb4806ed6c0aced74cbe:6632:11)
    at defaultNegativeCompare (http://localhost:9877/base/node_modules/karma-jasmine/node_modules/jasmine-core/lib/jasmine-core/jasmine.js?86d98e11f43f2c8cfac9fb4806ed6c0aced74cbe:3769:39)
    at Expector.compare (http://localhost:9877/base/node_modules/karma-jasmine/node_modules/jasmine-core/lib/jasmine-core/jasmine.js?86d98e11f43f2c8cfac9fb4806ed6c0aced74cbe:3955:27)
    at Expectation.toThrow (http://localhost:9877/base/node_modules/karma-jasmine/node_modules/jasmine-core/lib/jasmine-core/jasmine.js?86d98e11f43f2c8cfac9fb4806ed6c0aced74cbe:3714:36)
    at UserContext.<anonymous> (http://localhost:9877/_karma_webpack_/webpack:/src/app/shared/services/unsubscribe.service.spec.ts:115:53)[39m
Chrome Headless 143.0.0.0 (Linux 0.0.0): Executed 81 of 131[31m (15 FAILED)[39m (0 secs / 6.798 secs)
ERROR: 'Error during unsubscribe:', Error: Unsubscribe error
Error: Unsubscribe error
    at Object.unsubscribe (http://localhost:9877/_karma_webpack_/webpack:/src/app/shared/services/unsubscribe.service.spec.ts:108:27)
    at forEach (http://localhost:9877/_karma_webpack_/webpack:/src/app/shared/services/unsubscribe.service.ts:73:25)
    at Array.forEach (<anonymous>)
    at UnsubscribeService.ngOnDestroy (http://localhost:9877/_karma_webpack_/webpack:/src/app/shared/services/unsubscribe.service.ts:66:28)
    at http://localhost:9877/_karma_webpack_/webpack:/src/app/shared/services/unsubscribe.service.spec.ts:115:34
    at compare (http://localhost:9877/base/node_modules/karma-jasmine/node_modules/jasmine-core/lib/jasmine-core/jasmine.js?86d98e11f43f2c8cfac9fb4806ed6c0aced74cbe:6632:11)
    at defaultNegativeCompare (http://localhost:9877/base/node_modules/karma-jasmine/node_modules/jasmine-core/lib/jasmine-core/jasmine.js?86d98e11f43f2c8cfac9fb4806ed6c0aced74cbe:3769:39)
    at Expector.compare (http://localhost:9877/base/node_modules/karma-jasmine/node_modules/jasmine-core/lib/jasmine-core/jasmine.js?86d98e11f43f2c8cfac9fb4806ed6c0aced74cbe:3955:27)
    at Expectation.toThrow (http://localhost:9877/base/node_modules/karma-jasmine/node_modules/jasmine-core/lib/jasmine-core/jasmine.js?86d98e11f43f2c8cfac9fb4806ed6c0aced74cbe:3714:36)
    at UserContext.<anonymous> (http://localhost:9877/_karma_webpack_/webpack:/src/app/shared/services/unsubscribe.service.spec.ts:115:53)
[1A[2KChrome Headless 143.0.0.0 (Linux 0.0.0): Executed 82 of 131[31m (15 FAILED)[39m (0 secs / 6.801 secs)
[1A[2KChrome Headless 143.0.0.0 (Linux 0.0.0): Executed 83 of 131[31m (15 FAILED)[39m (0 secs / 6.803 secs)
[1A[2KChrome Headless 143.0.0.0 (Linux 0.0.0): Executed 84 of 131[31m (15 FAILED)[39m (0 secs / 6.846 secs)
[1A[2K[31mChrome Headless 143.0.0.0 (Linux 0.0.0) ProfilePage should create FAILED[39m
	ÉµNotFound: NG0201: No provider found for `Firestore`. Source: Standalone[ProfilePage]. Path: UsersService -> ClassiService -> Firestore. Find more at https://v20.angular.dev/errors/NG0201
	error properties: Object({ code: -201, ngErrorCode: -201, ngErrorMessage: 'No provider found for `Firestore`.', ngTokenPath: [ 'UsersService', 'ClassiService', 'Firestore' ] })
	ÉµNotFound: NG0201: No provider found for `Firestore`. Source: Standalone[ProfilePage]. Path: UsersService -> ClassiService -> Firestore. Find more at https://v20.angular.dev/errors/NG0201
	    at createRuntimeError (node_modules/@angular/core/fesm2022/root_effect_scheduler.mjs:924:19)
	    at NullInjector.get (node_modules/@angular/core/fesm2022/root_effect_scheduler.mjs:1494:27)
	    at R3Injector.get (node_modules/@angular/core/fesm2022/root_effect_scheduler.mjs:2052:33)
	    at R3Injector.get (node_modules/@angular/core/fesm2022/root_effect_scheduler.mjs:2052:33)
	    at R3Injector.retrieve (node_modules/@angular/core/fesm2022/root_effect_scheduler.mjs:1936:25)
	    at injectInjectorOnly (node_modules/@angular/core/fesm2022/root_effect_scheduler.mjs:1049:39)
	    at ÉµÉµinject (node_modules/@angular/core/fesm2022/root_effect_scheduler.mjs:1061:60)
	    at inject (node_modules/@angular/core/fesm2022/root_effect_scheduler.mjs:1149:12)
	    at new ClassiService (src/app/pages/classes/services/classi.service.ts:32:29)
	    at Object.ClassiService_Factory [as factory] (ng:///ClassiService/Éµfac.js:4:10)
Chrome Headless 143.0.0.0 (Linux 0.0.0): Executed 85 of 131[31m (16 FAILED)[39m (0 secs / 6.86 secs)
[1A[2KChrome Headless 143.0.0.0 (Linux 0.0.0): Executed 86 of 131[31m (16 FAILED)[39m (0 secs / 6.908 secs)
[1A[2K[31mChrome Headless 143.0.0.0 (Linux 0.0.0) EventDialogComponent should create FAILED[39m
	Failed: NG0201: No provider found for `ModalController`. Source: Standalone[EventDialogComponent]. Find more at https://v20.angular.dev/errors/NG0201
	error properties: Object({ code: -201, ngErrorCode: -201, ngErrorMessage: 'No provider found for `ModalController`.', ngTokenPath: [ 'ModalController' ] })
	ÉµNotFound: NG0201: No provider found for `ModalController`. Source: Standalone[EventDialogComponent]. Find more at https://v20.angular.dev/errors/NG0201
	    at createRuntimeError (node_modules/@angular/core/fesm2022/root_effect_scheduler.mjs:924:19)
	    at NullInjector.get (node_modules/@angular/core/fesm2022/root_effect_scheduler.mjs:1494:27)
	    at R3Injector.get (node_modules/@angular/core/fesm2022/root_effect_scheduler.mjs:2052:33)
	    at R3Injector.get (node_modules/@angular/core/fesm2022/root_effect_scheduler.mjs:2052:33)
	    at R3Injector.get (node_modules/@angular/core/fesm2022/root_effect_scheduler.mjs:2052:33)
	    at ChainedInjector.get (node_modules/@angular/core/fesm2022/debug_node.mjs:13422:36)
	    at lookupTokenUsingModuleInjector (node_modules/@angular/core/fesm2022/debug_node.mjs:1718:39)
	    at getOrCreateInjectable (node_modules/@angular/core/fesm2022/debug_node.mjs:1766:12)
	    at ÉµÉµdirectiveInject (node_modules/@angular/core/fesm2022/debug_node.mjs:13473:19)
	    at ÉµÉµinject (node_modules/@angular/core/fesm2022/root_effect_scheduler.mjs:1061:60)
Chrome Headless 143.0.0.0 (Linux 0.0.0): Executed 87 of 131[31m (17 FAILED)[39m (0 secs / 6.935 secs)
[1A[2KChrome Headless 143.0.0.0 (Linux 0.0.0): Executed 88 of 131[31m (17 FAILED)[39m (0 secs / 6.942 secs)
[1A[2KChrome Headless 143.0.0.0 (Linux 0.0.0): Executed 89 of 131[31m (17 FAILED)[39m (0 secs / 6.955 secs)
[1A[2K[31mChrome Headless 143.0.0.0 (Linux 0.0.0) SubjectsListPage should create FAILED[39m
	Failed: NG0201: No provider found for `ModalController`. Source: Standalone[SubjectsListPage]. Find more at https://v20.angular.dev/errors/NG0201
	error properties: Object({ code: -201, ngErrorCode: -201, ngErrorMessage: 'No provider found for `ModalController`.', ngTokenPath: [ 'ModalController' ] })
	ÉµNotFound: NG0201: No provider found for `ModalController`. Source: Standalone[SubjectsListPage]. Find more at https://v20.angular.dev/errors/NG0201
	    at createRuntimeError (node_modules/@angular/core/fesm2022/root_effect_scheduler.mjs:924:19)
	    at NullInjector.get (node_modules/@angular/core/fesm2022/root_effect_scheduler.mjs:1494:27)
	    at R3Injector.get (node_modules/@angular/core/fesm2022/root_effect_scheduler.mjs:2052:33)
	    at R3Injector.get (node_modules/@angular/core/fesm2022/root_effect_scheduler.mjs:2052:33)
	    at R3Injector.get (node_modules/@angular/core/fesm2022/root_effect_scheduler.mjs:2052:33)
	    at ChainedInjector.get (node_modules/@angular/core/fesm2022/debug_node.mjs:13422:36)
	    at lookupTokenUsingModuleInjector (node_modules/@angular/core/fesm2022/debug_node.mjs:1718:39)
	    at getOrCreateInjectable (node_modules/@angular/core/fesm2022/debug_node.mjs:1766:12)
	    at ÉµÉµdirectiveInject (node_modules/@angular/core/fesm2022/debug_node.mjs:13473:19)
	    at NodeInjectorFactory.SubjectsListPage_Factory [as factory] (ng:///SubjectsListPage/Éµfac.js:4:60)
Chrome Headless 143.0.0.0 (Linux 0.0.0): Executed 90 of 131[31m (18 FAILED)[39m (0 secs / 6.974 secs)
[1A[2KLOG: [36m'today', '2026-01-10T23:00:00.000Z'[39m
Chrome Headless 143.0.0.0 (Linux 0.0.0): Executed 90 of 131[31m (18 FAILED)[39m (0 secs / 6.974 secs)
LOG: 'today', '2026-01-10T23:00:00.000Z'
[1A[2KChrome Headless 143.0.0.0 (Linux 0.0.0): Executed 91 of 131[31m (18 FAILED)[39m (0 secs / 7.018 secs)
[1A[2K[31mChrome Headless 143.0.0.0 (Linux 0.0.0) ReservedNotes4studentsService should be created FAILED[39m
	ÉµNotFound: NG0201: No provider found for `Firestore`. Source: DynamicTestModule. Path: ReservedNotes4studentsService -> Firestore. Find more at https://v20.angular.dev/errors/NG0201
	error properties: Object({ code: -201, ngErrorCode: -201, ngErrorMessage: 'No provider found for `Firestore`.', ngTokenPath: [ 'ReservedNotes4studentsService', 'Firestore' ] })
	ÉµNotFound: NG0201: No provider found for `Firestore`. Source: DynamicTestModule. Path: ReservedNotes4studentsService -> Firestore. Find more at https://v20.angular.dev/errors/NG0201
	    at createRuntimeError (node_modules/@angular/core/fesm2022/root_effect_scheduler.mjs:924:19)
	    at NullInjector.get (node_modules/@angular/core/fesm2022/root_effect_scheduler.mjs:1494:27)
	    at R3Injector.get (node_modules/@angular/core/fesm2022/root_effect_scheduler.mjs:2052:33)
	    at R3Injector.get (node_modules/@angular/core/fesm2022/root_effect_scheduler.mjs:2052:33)
	    at R3Injector.retrieve (node_modules/@angular/core/fesm2022/root_effect_scheduler.mjs:1936:25)
	    at injectInjectorOnly (node_modules/@angular/core/fesm2022/root_effect_scheduler.mjs:1049:39)
	    at ÉµÉµinject (node_modules/@angular/core/fesm2022/root_effect_scheduler.mjs:1061:60)
	    at inject (node_modules/@angular/core/fesm2022/root_effect_scheduler.mjs:1149:12)
	    at new ReservedNotes4studentsService (src/app/pages/users/services/reservedNotes4Students/reserved-notes4students.service.ts:55:29)
	    at Object.ReservedNotes4studentsService_Factory [as factory] (ng:///ReservedNotes4studentsService/Éµfac.js:4:10)
Chrome Headless 143.0.0.0 (Linux 0.0.0): Executed 92 of 131[31m (19 FAILED)[39m (0 secs / 7.024 secs)
[1A[2KChrome Headless 143.0.0.0 (Linux 0.0.0): Executed 93 of 131[31m (19 FAILED)[39m (0 secs / 8.063 secs)
[1A[2KChrome Headless 143.0.0.0 (Linux 0.0.0): Executed 94 of 131[31m (19 FAILED)[39m (0 secs / 8.064 secs)
[1A[2KChrome Headless 143.0.0.0 (Linux 0.0.0): Executed 95 of 131[31m (19 FAILED)[39m (0 secs / 8.064 secs)
[1A[2KChrome Headless 143.0.0.0 (Linux 0.0.0): Executed 96 of 131[31m (19 FAILED)[39m (0 secs / 8.064 secs)
[1A[2KChrome Headless 143.0.0.0 (Linux 0.0.0): Executed 97 of 131[31m (19 FAILED)[39m (0 secs / 8.065 secs)
[1A[2KChrome Headless 143.0.0.0 (Linux 0.0.0): Executed 98 of 131[31m (19 FAILED)[39m (0 secs / 8.065 secs)
[1A[2K[31mChrome Headless 143.0.0.0 (Linux 0.0.0) GridsdialogPage should create FAILED[39m
	Failed: Expected first argument to collection() to be a CollectionReference, a DocumentReference or FirebaseFirestore
	error properties: FirebaseError: [code=invalid-argument]: Expected first argument to collection() to be a CollectionReference, a DocumentReference or FirebaseFirestore
Chrome Headless 143.0.0.0 (Linux 0.0.0): Executed 99 of 131[31m (20 FAILED)[39m (0 secs / 8.074 secs)
[1A[2KChrome Headless 143.0.0.0 (Linux 0.0.0): Executed 100 of 131[31m (20 FAILED)[39m (0 secs / 8.075 secs)
[1A[2KChrome Headless 143.0.0.0 (Linux 0.0.0): Executed 101 of 131[31m (20 FAILED)[39m (0 secs / 8.076 secs)
[1A[2KChrome Headless 143.0.0.0 (Linux 0.0.0): Executed 102 of 131[31m (20 FAILED)[39m (0 secs / 8.077 secs)
[1A[2K[31mChrome Headless 143.0.0.0 (Linux 0.0.0) ListStudent4classComponent should create FAILED[39m
	Failed: NG0201: No provider found for `Firestore`. Source: Standalone[ListStudent4classComponent]. Path: UsersService -> ClassiService -> Firestore. Find more at https://v20.angular.dev/errors/NG0201
	error properties: Object({ code: -201, ngErrorCode: -201, ngErrorMessage: 'No provider found for `Firestore`.', ngTokenPath: [ 'UsersService', 'ClassiService', 'Firestore' ] })
	ÉµNotFound: NG0201: No provider found for `Firestore`. Source: Standalone[ListStudent4classComponent]. Path: UsersService -> ClassiService -> Firestore. Find more at https://v20.angular.dev/errors/NG0201
	    at createRuntimeError (node_modules/@angular/core/fesm2022/root_effect_scheduler.mjs:924:19)
	    at NullInjector.get (node_modules/@angular/core/fesm2022/root_effect_scheduler.mjs:1494:27)
	    at R3Injector.get (node_modules/@angular/core/fesm2022/root_effect_scheduler.mjs:2052:33)
	    at R3Injector.get (node_modules/@angular/core/fesm2022/root_effect_scheduler.mjs:2052:33)
	    at R3Injector.retrieve (node_modules/@angular/core/fesm2022/root_effect_scheduler.mjs:1936:25)
	    at injectInjectorOnly (node_modules/@angular/core/fesm2022/root_effect_scheduler.mjs:1049:39)
	    at ÉµÉµinject (node_modules/@angular/core/fesm2022/root_effect_scheduler.mjs:1061:60)
	    at inject (node_modules/@angular/core/fesm2022/root_effect_scheduler.mjs:1149:12)
	    at new ClassiService (src/app/pages/classes/services/classi.service.ts:32:29)
	    at Object.ClassiService_Factory [as factory] (ng:///ClassiService/Éµfac.js:4:10)
Chrome Headless 143.0.0.0 (Linux 0.0.0): Executed 103 of 131[31m (21 FAILED)[39m (0 secs / 8.103 secs)
[1A[2KChrome Headless 143.0.0.0 (Linux 0.0.0): Executed 104 of 131[31m (21 FAILED)[39m (0 secs / 8.104 secs)
[1A[2KChrome Headless 143.0.0.0 (Linux 0.0.0): Executed 105 of 131[31m (21 FAILED)[39m (0 secs / 8.105 secs)
[1A[2KChrome Headless 143.0.0.0 (Linux 0.0.0): Executed 106 of 131[31m (21 FAILED)[39m (0 secs / 8.105 secs)
[1A[2KLOG: [36m'ConnectionStatusService - Initial status:', 'online'[39m
Chrome Headless 143.0.0.0 (Linux 0.0.0): Executed 106 of 131[31m (21 FAILED)[39m (0 secs / 8.105 secs)
LOG: 'ConnectionStatusService - Initial status:', 'online'
[1A[2KLOG: [36m'ConnectionStatusService - Updating status to: Online'[39m
Chrome Headless 143.0.0.0 (Linux 0.0.0): Executed 106 of 131[31m (21 FAILED)[39m (0 secs / 8.105 secs)
LOG: 'ConnectionStatusService - Updating status to: Online'
[1A[2KLOG: [36m'ConnectionStatusComponent - Constructor'[39m
Chrome Headless 143.0.0.0 (Linux 0.0.0): Executed 106 of 131[31m (21 FAILED)[39m (0 secs / 8.105 secs)
LOG: 'ConnectionStatusComponent - Constructor'
[1A[2KLOG: [36m'ConnectionStatusComponent - OnInit'[39m
Chrome Headless 143.0.0.0 (Linux 0.0.0): Executed 106 of 131[31m (21 FAILED)[39m (0 secs / 8.105 secs)
LOG: 'ConnectionStatusComponent - OnInit'
[1A[2KLOG: [36m'ConnectionStatusComponent - OnDestroy'[39m
Chrome Headless 143.0.0.0 (Linux 0.0.0): Executed 106 of 131[31m (21 FAILED)[39m (0 secs / 8.105 secs)
LOG: 'ConnectionStatusComponent - OnDestroy'
[1A[2KLOG: [36m'ConnectionStatusService - Destroying service'[39m
Chrome Headless 143.0.0.0 (Linux 0.0.0): Executed 106 of 131[31m (21 FAILED)[39m (0 secs / 8.105 secs)
LOG: 'ConnectionStatusService - Destroying service'
[1A[2KChrome Headless 143.0.0.0 (Linux 0.0.0): Executed 107 of 131[31m (21 FAILED)[39m (0 secs / 8.144 secs)
[1A[2KLOG: [36m'UserDialogPage constructor'[39m
Chrome Headless 143.0.0.0 (Linux 0.0.0): Executed 107 of 131[31m (21 FAILED)[39m (0 secs / 8.144 secs)
LOG: 'UserDialogPage constructor'
[1A[2KWARN: [36m'[Ionicons Warning]: Multiple icons were mapped to name "document-text". Ensure that multiple icons are not mapped to the same icon name.'[39m
Chrome Headless 143.0.0.0 (Linux 0.0.0): Executed 107 of 131[31m (21 FAILED)[39m (0 secs / 8.144 secs)
WARN: '[Ionicons Warning]: Multiple icons were mapped to name "document-text". Ensure that multiple icons are not mapped to the same icon name.'
[1A[2K[31mChrome Headless 143.0.0.0 (Linux 0.0.0) UserDialogPage should create FAILED[39m
	Failed: Cannot read properties of undefined (reading 'subscribe')
	    at new NavController (node_modules/@ionic/angular/fesm2022/ionic-angular-common.mjs:438:27)
	    at Object.factory (node_modules/@ionic/angular/fesm2022/ionic-angular-common.mjs:613:35)
	    at callback (node_modules/@angular/core/fesm2022/root_effect_scheduler.mjs:2194:47)
	    at runInInjectorProfilerContext (node_modules/@angular/core/fesm2022/root_effect_scheduler.mjs:749:9)
	    at R3Injector.hydrate (node_modules/@angular/core/fesm2022/root_effect_scheduler.mjs:2192:21)
	    at R3Injector.get (node_modules/@angular/core/fesm2022/root_effect_scheduler.mjs:2040:33)
	    at R3Injector.get (node_modules/@angular/core/fesm2022/root_effect_scheduler.mjs:2052:33)
	    at ChainedInjector.get (node_modules/@angular/core/fesm2022/debug_node.mjs:13422:36)
	    at lookupTokenUsingModuleInjector (node_modules/@angular/core/fesm2022/debug_node.mjs:1718:39)
	    at getOrCreateInjectable (node_modules/@angular/core/fesm2022/debug_node.mjs:1766:12)
Chrome Headless 143.0.0.0 (Linux 0.0.0): Executed 108 of 131[31m (22 FAILED)[39m (0 secs / 8.171 secs)
[1A[2KChrome Headless 143.0.0.0 (Linux 0.0.0): Executed 109 of 131[31m (22 FAILED)[39m (0 secs / 8.172 secs)
[1A[2KChrome Headless 143.0.0.0 (Linux 0.0.0): Executed 110 of 131[31m (22 FAILED)[39m (0 secs / 8.172 secs)
[1A[2KChrome Headless 143.0.0.0 (Linux 0.0.0): Executed 111 of 131[31m (22 FAILED)[39m (0 secs / 8.173 secs)
[1A[2KChrome Headless 143.0.0.0 (Linux 0.0.0): Executed 112 of 131[31m (22 FAILED)[39m (0 secs / 8.173 secs)
[1A[2KChrome Headless 143.0.0.0 (Linux 0.0.0): Executed 113 of 131[31m (22 FAILED)[39m (0 secs / 8.173 secs)
[1A[2KChrome Headless 143.0.0.0 (Linux 0.0.0): Executed 114 of 131[31m (22 FAILED)[39m (0 secs / 8.174 secs)
[1A[2K[31mChrome Headless 143.0.0.0 (Linux 0.0.0) EvaluationsListPage should create FAILED[39m
	Failed: NG0300: Multiple components match node with tagname ion-header: IonHeader and IonHeader. Find more at https://v20.angular.dev/errors/NG0300
	error properties: Object({ code: -300 })
	    at throwMultipleComponentError (node_modules/@angular/core/fesm2022/debug_node.mjs:6247:11)
	    at directiveMatcher (node_modules/@angular/core/fesm2022/debug_node.mjs:9359:29)
	    at resolveDirectives (node_modules/@angular/core/fesm2022/debug_node.mjs:13503:34)
	    at directiveHostFirstCreatePass (node_modules/@angular/core/fesm2022/debug_node.mjs:13900:9)
	    at ÉµÉµelementStart (node_modules/@angular/core/fesm2022/debug_node.mjs:23391:11)
	    at templateFn (ng:///EvaluationsListPage.js:112:9)
	    at executeTemplate (node_modules/@angular/core/fesm2022/debug_node.mjs:9056:9)
	    at renderView (node_modules/@angular/core/fesm2022/debug_node.mjs:9678:13)
	    at renderComponent (node_modules/@angular/core/fesm2022/debug_node.mjs:9623:5)
	    at renderChildComponents (node_modules/@angular/core/fesm2022/debug_node.mjs:9726:9)
Chrome Headless 143.0.0.0 (Linux 0.0.0): Executed 115 of 131[31m (23 FAILED)[39m (0 secs / 8.208 secs)
[1A[2K[31mChrome Headless 143.0.0.0 (Linux 0.0.0) GroupViewerComponent should create FAILED[39m
	Failed: Unexpected "GroupViewerComponent" found in the "declarations" array of the "TestBed.configureTestingModule" call, "GroupViewerComponent" is marked as standalone and can't be declared in any NgModule - did you intend to import it instead (by adding it to the "imports" array)?
	    at forEach (node_modules/@angular/core/fesm2022/testing.mjs:774:23)
	    at Array.forEach (<anonymous>)
	    at assertNoStandaloneComponents (node_modules/@angular/core/fesm2022/testing.mjs:770:11)
	    at TestBedCompiler.configureTestingModule (node_modules/@angular/core/fesm2022/testing.mjs:850:13)
	    at TestBedImpl.configureTestingModule (node_modules/@angular/core/fesm2022/testing.mjs:1993:23)
	    at TestBedImpl.configureTestingModule (node_modules/@angular/core/fesm2022/testing.mjs:1805:37)
	    at UserContext.apply (src/app/pages/classes/components/groupViewer/group-viewer/group-viewer.component.spec.ts:11:13)
	    at _ZoneDelegate.invoke (node_modules/zone.js/fesm2015/zone.js:398:28)
	    at AsyncTestZoneSpec.onInvoke (node_modules/zone.js/fesm2015/zone-testing.js:897:39)
	    at ProxyZoneSpec.onInvoke (node_modules/zone.js/fesm2015/zone-testing.js:2129:39)
Chrome Headless 143.0.0.0 (Linux 0.0.0): Executed 116 of 131[31m (24 FAILED)[39m (0 secs / 8.21 secs)
[1A[2KChrome Headless 143.0.0.0 (Linux 0.0.0): Executed 117 of 131[31m (24 FAILED)[39m (0 secs / 8.211 secs)
[1A[2KChrome Headless 143.0.0.0 (Linux 0.0.0): Executed 118 of 131[31m (24 FAILED)[39m (0 secs / 8.211 secs)
[1A[2KChrome Headless 143.0.0.0 (Linux 0.0.0): Executed 119 of 131[31m (24 FAILED)[39m (0 secs / 8.212 secs)
[1A[2KChrome Headless 143.0.0.0 (Linux 0.0.0): Executed 120 of 131[31m (24 FAILED)[39m (0 secs / 8.212 secs)
[1A[2KChrome Headless 143.0.0.0 (Linux 0.0.0): Executed 121 of 131[31m (24 FAILED)[39m (0 secs / 8.213 secs)
[1A[2KChrome Headless 143.0.0.0 (Linux 0.0.0): Executed 122 of 131[31m (24 FAILED)[39m (0 secs / 8.214 secs)
[1A[2KChrome Headless 143.0.0.0 (Linux 0.0.0): Executed 123 of 131[31m (24 FAILED)[39m (0 secs / 8.214 secs)
[1A[2KChrome Headless 143.0.0.0 (Linux 0.0.0): Executed 124 of 131[31m (24 FAILED)[39m (0 secs / 8.215 secs)
[1A[2K[31mChrome Headless 143.0.0.0 (Linux 0.0.0) ActivityDialogComponent should create FAILED[39m
	Failed: Unexpected "ActivityDialogComponent" found in the "declarations" array of the "TestBed.configureTestingModule" call, "ActivityDialogComponent" is marked as standalone and can't be declared in any NgModule - did you intend to import it instead (by adding it to the "imports" array)?
	    at forEach (node_modules/@angular/core/fesm2022/testing.mjs:774:23)
	    at Array.forEach (<anonymous>)
	    at assertNoStandaloneComponents (node_modules/@angular/core/fesm2022/testing.mjs:770:11)
	    at TestBedCompiler.configureTestingModule (node_modules/@angular/core/fesm2022/testing.mjs:850:13)
	    at TestBedImpl.configureTestingModule (node_modules/@angular/core/fesm2022/testing.mjs:1993:23)
	    at TestBedImpl.configureTestingModule (node_modules/@angular/core/fesm2022/testing.mjs:1805:37)
	    at UserContext.apply (src/app/pages/activities/components/activityDialog/activity-dialog/activity-dialog.component.spec.ts:11:13)
	    at _ZoneDelegate.invoke (node_modules/zone.js/fesm2015/zone.js:398:28)
	    at AsyncTestZoneSpec.onInvoke (node_modules/zone.js/fesm2015/zone-testing.js:897:39)
	    at ProxyZoneSpec.onInvoke (node_modules/zone.js/fesm2015/zone-testing.js:2129:39)
Chrome Headless 143.0.0.0 (Linux 0.0.0): Executed 125 of 131[31m (25 FAILED)[39m (0 secs / 8.216 secs)
[1A[2K[31mChrome Headless 143.0.0.0 (Linux 0.0.0) ClassesFieldComponent should create FAILED[39m
	Failed: NG0201: No provider found for `Firestore`. Source: Standalone[ClassesFieldComponent]. Path: ClassiService -> Firestore. Find more at https://v20.angular.dev/errors/NG0201
	error properties: Object({ code: -201, ngErrorCode: -201, ngErrorMessage: 'No provider found for `Firestore`.', ngTokenPath: [ 'ClassiService', 'Firestore' ] })
	ÉµNotFound: NG0201: No provider found for `Firestore`. Source: Standalone[ClassesFieldComponent]. Path: ClassiService -> Firestore. Find more at https://v20.angular.dev/errors/NG0201
	    at createRuntimeError (node_modules/@angular/core/fesm2022/root_effect_scheduler.mjs:924:19)
	    at NullInjector.get (node_modules/@angular/core/fesm2022/root_effect_scheduler.mjs:1494:27)
	    at R3Injector.get (node_modules/@angular/core/fesm2022/root_effect_scheduler.mjs:2052:33)
	    at R3Injector.get (node_modules/@angular/core/fesm2022/root_effect_scheduler.mjs:2052:33)
	    at R3Injector.retrieve (node_modules/@angular/core/fesm2022/root_effect_scheduler.mjs:1936:25)
	    at injectInjectorOnly (node_modules/@angular/core/fesm2022/root_effect_scheduler.mjs:1049:39)
	    at ÉµÉµinject (node_modules/@angular/core/fesm2022/root_effect_scheduler.mjs:1061:60)
	    at inject (node_modules/@angular/core/fesm2022/root_effect_scheduler.mjs:1149:12)
	    at new ClassiService (src/app/pages/classes/services/classi.service.ts:32:29)
	    at Object.ClassiService_Factory [as factory] (ng:///ClassiService/Éµfac.js:4:10)
Chrome Headless 143.0.0.0 (Linux 0.0.0): Executed 126 of 131[31m (26 FAILED)[39m (0 secs / 8.223 secs)
[1A[2KChrome Headless 143.0.0.0 (Linux 0.0.0): Executed 127 of 131[31m (26 FAILED)[39m (0 secs / 8.225 secs)
[1A[2K[31mChrome Headless 143.0.0.0 (Linux 0.0.0) ActivityDetailComponent should create FAILED[39m
	Failed: NG0201: No provider found for `ActivatedRoute`. Source: Standalone[ActivityDetailComponent]. Find more at https://v20.angular.dev/errors/NG0201
	error properties: Object({ code: -201, ngErrorCode: -201, ngErrorMessage: 'No provider found for `ActivatedRoute`.', ngTokenPath: [ 'ActivatedRoute' ] })
	ÉµNotFound: NG0201: No provider found for `ActivatedRoute`. Source: Standalone[ActivityDetailComponent]. Find more at https://v20.angular.dev/errors/NG0201
	    at createRuntimeError (node_modules/@angular/core/fesm2022/root_effect_scheduler.mjs:924:19)
	    at NullInjector.get (node_modules/@angular/core/fesm2022/root_effect_scheduler.mjs:1494:27)
	    at R3Injector.get (node_modules/@angular/core/fesm2022/root_effect_scheduler.mjs:2052:33)
	    at R3Injector.get (node_modules/@angular/core/fesm2022/root_effect_scheduler.mjs:2052:33)
	    at R3Injector.get (node_modules/@angular/core/fesm2022/root_effect_scheduler.mjs:2052:33)
	    at ChainedInjector.get (node_modules/@angular/core/fesm2022/debug_node.mjs:13422:36)
	    at lookupTokenUsingModuleInjector (node_modules/@angular/core/fesm2022/debug_node.mjs:1718:39)
	    at getOrCreateInjectable (node_modules/@angular/core/fesm2022/debug_node.mjs:1766:12)
	    at ÉµÉµdirectiveInject (node_modules/@angular/core/fesm2022/debug_node.mjs:13473:19)
	    at ÉµÉµinject (node_modules/@angular/core/fesm2022/root_effect_scheduler.mjs:1061:60)
Chrome Headless 143.0.0.0 (Linux 0.0.0): Executed 128 of 131[31m (27 FAILED)[39m (0 secs / 8.252 secs)
[1A[2KChrome Headless 143.0.0.0 (Linux 0.0.0): Executed 129 of 131[31m (27 FAILED)[39m (0 secs / 8.252 secs)
[1A[2KChrome Headless 143.0.0.0 (Linux 0.0.0): Executed 130 of 131[31m (27 FAILED)[39m (0 secs / 8.253 secs)
[1A[2KChrome Headless 143.0.0.0 (Linux 0.0.0): Executed 131 of 131[31m (27 FAILED)[39m (0 secs / 8.253 secs)
[1A[2KChrome Headless 143.0.0.0 (Linux 0.0.0): Executed 131 of 131[31m (27 FAILED)[39m (8.534 secs / 8.253 secs)
[31mTOTAL: 27 FAILED, 104 SUCCESS[39m
âœ” Browser application bundle generation complete.
âœ” Browser application bundle generation complete.
